New log file opened at Wed Oct 07 00:51:41 CEST 2015 by 6764@PC-ROBIN
Taking next connection to: 63675
New client attempting to connect on port: 63676-63675
  Address = /192.168.178.15:63675
This client on port 63676 has uuid 13a32bd3-e8cd-48e3-9015-ce9b9a2d7848 configName activator humanReadableName Activator protocolVersion 3 featureTags Vector()
Connected Clients: activator-13a32bd3-e8cd-48e3-9015-ce9b9a2d7848
Taking next connection to: 63675
New client attempting to connect on port: 63677-63675
  Address = /192.168.178.15:63675
Handshake exception on socket: 63677
sbt.impl.ipc.HandshakeException: Unable to perform handshake
	at sbt.impl.ipc.Peer.handshake(IPC.scala:46)
	at sbt.impl.ipc.MultiClientServer.<init>(IPC.scala:150)
	at sbt.server.SbtServerSocketHandler$$anon$1.run(SbtServerSocketHandler.scala:43)
Caused by: java.net.SocketException: Software caused connection abort: recv failed
	at java.net.SocketInputStream.socketRead0(Native Method)
	at java.net.SocketInputStream.socketRead(Unknown Source)
	at java.net.SocketInputStream.read(Unknown Source)
	at java.net.SocketInputStream.read(Unknown Source)
	at java.io.BufferedInputStream.fill(Unknown Source)
	at java.io.BufferedInputStream.read(Unknown Source)
	at java.io.DataInputStream.readInt(Unknown Source)
	at sbt.impl.ipc.Peer.receive(IPC.scala:95)
	at sbt.impl.ipc.Peer.handshake(IPC.scala:49)
	... 2 more
Taking next connection to: 63675
New client attempting to connect on port: 63678-63675
  Address = /192.168.178.15:63675
This client on port 63678 has uuid d91ab680-a143-4133-b64e-9d041f6f03ac configName activator humanReadableName Activator protocolVersion 3 featureTags Vector()
Connected Clients: activator-13a32bd3-e8cd-48e3-9015-ce9b9a2d7848, activator-d91ab680-a143-4133-b64e-9d041f6f03ac
Taking next connection to: 63675
New client attempting to connect on port: 63681-63675
  Address = /192.168.178.15:63675
Handshake exception on socket: 63681
sbt.impl.ipc.HandshakeException: Unable to perform handshake
	at sbt.impl.ipc.Peer.handshake(IPC.scala:46)
	at sbt.impl.ipc.MultiClientServer.<init>(IPC.scala:150)
	at sbt.server.SbtServerSocketHandler$$anon$1.run(SbtServerSocketHandler.scala:43)
Caused by: java.net.SocketException: Software caused connection abort: recv failed
	at java.net.SocketInputStream.socketRead0(Native Method)
	at java.net.SocketInputStream.socketRead(Unknown Source)
	at java.net.SocketInputStream.read(Unknown Source)
	at java.net.SocketInputStream.read(Unknown Source)
	at java.io.BufferedInputStream.fill(Unknown Source)
	at java.io.BufferedInputStream.read(Unknown Source)
	at java.io.DataInputStream.readInt(Unknown Source)
	at sbt.impl.ipc.Peer.receive(IPC.scala:95)
	at sbt.impl.ipc.Peer.handshake(IPC.scala:49)
	... 2 more
Taking next connection to: 63675
New client attempting to connect on port: 63682-63675
  Address = /192.168.178.15:63675
This client on port 63682 has uuid 9ca8d7bb-85e2-45e9-a142-979ed9c55526 configName play-fork-run humanReadableName Play Fork Run protocolVersion 1 featureTags Vector()
Connected Clients: activator-13a32bd3-e8cd-48e3-9015-ce9b9a2d7848, play-fork-run-9ca8d7bb-85e2-45e9-a142-979ed9c55526
Taking next connection to: 63675
Checking to see if clients are empty...
No non-daemon clients connected after 3 min. Shutting down.
Server socket thread exiting.
0 clients open, will close them...
All client sockets have been closed.
Closing the 6764@PC-ROBIN logs at Wed Oct 07 00:55:27 CEST 2015, goodbye.
