New log file opened at Fri Oct 30 21:31:40 CET 2015 by 7108@Toshiba-Robin
Sending msg to client activator-3f874630-e50b-4b0f-9ff8-43cacc2c618b: DetachedLogEvent(LogMessage(debug,sbt server socket logs are in: C:\Users\Robin\Weather_appBackend\Weather_app\SingleServer\requestHandler\.sbtserver\connections\master.log))
Sending msg to client activator-3f874630-e50b-4b0f-9ff8-43cacc2c618b: DetachedLogEvent(LogMessage(debug,sbt client logs are in: C:\Users\Robin\Weather_appBackend\Weather_app\SingleServer\requestHandler\.sbtserver\connections\activator-3f874630-e50b-4b0f-9ff8-43cacc2c618b.log))
Sending msg to client activator-3f874630-e50b-4b0f-9ff8-43cacc2c618b: DetachedLogEvent(LogMessage(debug,sbt general server logs are in: C:\Users\Robin\Weather_appBackend\Weather_app\SingleServer\requestHandler\.sbtserver\master.log))
Dropping message DetachedLogEvent(LogMessage(debug,sbt general server logs are in: C:\Users\Robin\Weather_appBackend\Weather_app\SingleServer\requestHandler\.sbtserver\master.log)) because client activator-3f874630-e50b-4b0f-9ff8-43cacc2c618b of an exception serializing and sending: java.net.SocketException: Software caused connection abort: socket write error
stack trace sending message was 
java.net.SocketException: Software caused connection abort: socket write error
	at java.net.SocketOutputStream.socketWrite0(Native Method)
	at java.net.SocketOutputStream.socketWrite(Unknown Source)
	at java.net.SocketOutputStream.write(Unknown Source)
	at java.io.BufferedOutputStream.flushBuffer(Unknown Source)
	at java.io.BufferedOutputStream.flush(Unknown Source)
	at java.io.DataOutputStream.flush(Unknown Source)
	at sbt.impl.ipc.Peer.send(IPC.scala:79)
	at sbt.impl.ipc.Peer.send(IPC.scala:83)
	at sbt.impl.ipc.Peer.sendString(IPC.scala:106)
	at sbt.impl.ipc.Peer.sendJson(IPC.scala:119)
	at sbt.server.SbtClientHandler$$anonfun$send$1.apply$mcV$sp(SbtClientHandler.scala:128)
	at sbt.server.SbtClientHandler.wrappedSend(SbtClientHandler.scala:113)
	at sbt.server.SbtClientHandler.send(SbtClientHandler.scala:128)
	at sbt.server.SbtServerSocketHandler$$anon$1.run(SbtServerSocketHandler.scala:92)
Dropping message DetachedLogEvent(LogMessage(debug,sbt client logs are in: C:\Users\Robin\Weather_appBackend\Weather_app\SingleServer\requestHandler\.sbtserver\connections\activator-3f874630-e50b-4b0f-9ff8-43cacc2c618b.log)) because client activator-3f874630-e50b-4b0f-9ff8-43cacc2c618b of an exception serializing and sending: java.net.SocketException: Software caused connection abort: socket write error
stack trace sending message was 
java.net.SocketException: Software caused connection abort: socket write error
	at java.net.SocketOutputStream.socketWrite0(Native Method)
	at java.net.SocketOutputStream.socketWrite(Unknown Source)
	at java.net.SocketOutputStream.write(Unknown Source)
	at java.io.BufferedOutputStream.flushBuffer(Unknown Source)
	at java.io.BufferedOutputStream.flush(Unknown Source)
	at java.io.DataOutputStream.flush(Unknown Source)
	at sbt.impl.ipc.Peer.send(IPC.scala:79)
	at sbt.impl.ipc.Peer.send(IPC.scala:83)
	at sbt.impl.ipc.Peer.sendString(IPC.scala:106)
	at sbt.impl.ipc.Peer.sendJson(IPC.scala:119)
	at sbt.server.SbtClientHandler$$anonfun$send$1.apply$mcV$sp(SbtClientHandler.scala:128)
	at sbt.server.SbtClientHandler.wrappedSend(SbtClientHandler.scala:113)
	at sbt.server.SbtClientHandler.send(SbtClientHandler.scala:128)
	at sbt.server.SbtClientHandler$clientThread$.run(SbtClientHandler.scala:42)
Reading next message from client.
Client activator-3f874630-e50b-4b0f-9ff8-43cacc2c618b closed, java.net.SocketException: socket is closed, shutting down
Dropping message (0,ReceivedResponse()) to dead client activator-3f874630-e50b-4b0f-9ff8-43cacc2c618b
Client activator-3f874630-e50b-4b0f-9ff8-43cacc2c618b thread exiting.
