New log file opened at Wed Sep 30 12:37:32 CEST 2015 by 5916@Toshiba-Robin
Sending msg to client activator-ffa63df4-472c-407b-a320-fe9c6876d1a0: TaskStarted(72,5955,Some(AttributeKey[scala.collection.Seq[sbt.Attributed[java.io.File]]]("unmanagedJars") in Scope(Build: file:/C:/Users/Robin/Weather_appBackend/Weather_app/requestHandler/, , Project: ProjectReference(file:/C:/Users/Robin/Weather_appBackend/Weather_app/requestHandler/,root), Config: compile)))
Sending msg to client activator-ffa63df4-472c-407b-a320-fe9c6876d1a0: TaskFinished(72,5888,Some(AttributeKey[scala.collection.Seq[java.io.File]]("playRoutes") in Scope(Build: file:/C:/Users/Robin/Weather_appBackend/Weather_app/requestHandler/, , Project: ProjectReference(file:/C:/Users/Robin/Weather_appBackend/Weather_app/requestHandler/,root), Config: compile)),true,None)
Sending msg to client activator-ffa63df4-472c-407b-a320-fe9c6876d1a0: TaskStarted(72,5880,None)
Sending msg to client activator-ffa63df4-472c-407b-a320-fe9c6876d1a0: TaskFinished(72,5849,Some(AttributeKey[scala.collection.Seq[sbt.Resolver]]("fullResolvers") in Scope(Build: file:/C:/Users/Robin/Weather_appBackend/Weather_app/requestHandler/, , Project: ProjectReference(file:/C:/Users/Robin/Weather_appBackend/Weather_app/requestHandler/,root))),true,None)
Sending msg to client activator-ffa63df4-472c-407b-a320-fe9c6876d1a0: TaskStarted(72,5847,Some(AttributeKey[sbt.IvyConfiguration]("ivyConfiguration") in Scope(Build: file:/C:/Users/Robin/Weather_appBackend/Weather_app/requestHandler/, , Project: ProjectReference(file:/C:/Users/Robin/Weather_appBackend/Weather_app/requestHandler/,root))))
Sending msg to client activator-ffa63df4-472c-407b-a320-fe9c6876d1a0: TaskFinished(72,5955,Some(AttributeKey[scala.collection.Seq[sbt.Attributed[java.io.File]]]("unmanagedJars") in Scope(Build: file:/C:/Users/Robin/Weather_appBackend/Weather_app/requestHandler/, , Project: ProjectReference(file:/C:/Users/Robin/Weather_appBackend/Weather_app/requestHandler/,root), Config: compile)),true,None)
Sending msg to client activator-ffa63df4-472c-407b-a320-fe9c6876d1a0: TaskStarted(72,5954,None)
Sending msg to client activator-ffa63df4-472c-407b-a320-fe9c6876d1a0: TaskFinished(72,5880,None,true,None)
Sending msg to client activator-ffa63df4-472c-407b-a320-fe9c6876d1a0: TaskStarted(72,5879,Some(AttributeKey[scala.collection.Seq[java.io.File]]("managedSources") in Scope(Build: file:/C:/Users/Robin/Weather_appBackend/Weather_app/requestHandler/, , Project: ProjectReference(file:/C:/Users/Robin/Weather_appBackend/Weather_app/requestHandler/,root), Config: compile)))
Sending msg to client activator-ffa63df4-472c-407b-a320-fe9c6876d1a0: TaskFinished(72,5847,Some(AttributeKey[sbt.IvyConfiguration]("ivyConfiguration") in Scope(Build: file:/C:/Users/Robin/Weather_appBackend/Weather_app/requestHandler/, , Project: ProjectReference(file:/C:/Users/Robin/Weather_appBackend/Weather_app/requestHandler/,root))),true,None)
Sending msg to client activator-ffa63df4-472c-407b-a320-fe9c6876d1a0: TaskStarted(72,5846,Some(AttributeKey[sbt.IvySbt]("ivySbt") in Scope(Build: file:/C:/Users/Robin/Weather_appBackend/Weather_app/requestHandler/, , Project: ProjectReference(file:/C:/Users/Robin/Weather_appBackend/Weather_app/requestHandler/,root))))
Sending msg to client activator-ffa63df4-472c-407b-a320-fe9c6876d1a0: TaskFinished(72,5954,None,true,None)
Sending msg to client activator-ffa63df4-472c-407b-a320-fe9c6876d1a0: TaskStarted(72,5953,None)
Sending msg to client activator-ffa63df4-472c-407b-a320-fe9c6876d1a0: TaskFinished(72,5879,Some(AttributeKey[scala.collection.Seq[java.io.File]]("managedSources") in Scope(Build: file:/C:/Users/Robin/Weather_appBackend/Weather_app/requestHandler/, , Project: ProjectReference(file:/C:/Users/Robin/Weather_appBackend/Weather_app/requestHandler/,root), Config: compile)),true,None)
Sending msg to client activator-ffa63df4-472c-407b-a320-fe9c6876d1a0: TaskStarted(72,5876,Some(AttributeKey[scala.collection.Seq[java.io.File]]("sources") in Scope(Build: file:/C:/Users/Robin/Weather_appBackend/Weather_app/requestHandler/, , Project: ProjectReference(file:/C:/Users/Robin/Weather_appBackend/Weather_app/requestHandler/,root), Config: compile)))
Sending msg to client activator-ffa63df4-472c-407b-a320-fe9c6876d1a0: TaskFinished(72,5846,Some(AttributeKey[sbt.IvySbt]("ivySbt") in Scope(Build: file:/C:/Users/Robin/Weather_appBackend/Weather_app/requestHandler/, , Project: ProjectReference(file:/C:/Users/Robin/Weather_appBackend/Weather_app/requestHandler/,root))),true,None)
Sending msg to client activator-ffa63df4-472c-407b-a320-fe9c6876d1a0: TaskStarted(72,5842,Some(AttributeKey[sbt.IvySbt$Module]("ivyModule") in Scope(Build: file:/C:/Users/Robin/Weather_appBackend/Weather_app/requestHandler/, , Project: ProjectReference(file:/C:/Users/Robin/Weather_appBackend/Weather_app/requestHandler/,root))))
Sending msg to client activator-ffa63df4-472c-407b-a320-fe9c6876d1a0: TaskFinished(72,5953,None,true,None)
Sending msg to client activator-ffa63df4-472c-407b-a320-fe9c6876d1a0: TaskFinished(72,5916,None,true,None)
Sending msg to client activator-ffa63df4-472c-407b-a320-fe9c6876d1a0: TaskStarted(72,5915,Some(AttributeKey[scala.collection.Seq[sbt.Attributed[java.io.File]]]("unmanagedClasspath") in Scope(Build: file:/C:/Users/Robin/Weather_appBackend/Weather_app/requestHandler/, , Project: ProjectReference(file:/C:/Users/Robin/Weather_appBackend/Weather_app/requestHandler/,root), Config: compile)))
Sending msg to client activator-ffa63df4-472c-407b-a320-fe9c6876d1a0: TaskFinished(72,5876,Some(AttributeKey[scala.collection.Seq[java.io.File]]("sources") in Scope(Build: file:/C:/Users/Robin/Weather_appBackend/Weather_app/requestHandler/, , Project: ProjectReference(file:/C:/Users/Robin/Weather_appBackend/Weather_app/requestHandler/,root), Config: compile)),true,None)
Sending msg to client activator-ffa63df4-472c-407b-a320-fe9c6876d1a0: TaskFinished(72,5842,Some(AttributeKey[sbt.IvySbt$Module]("ivyModule") in Scope(Build: file:/C:/Users/Robin/Weather_appBackend/Weather_app/requestHandler/, , Project: ProjectReference(file:/C:/Users/Robin/Weather_appBackend/Weather_app/requestHandler/,root))),true,None)
Sending msg to client activator-ffa63df4-472c-407b-a320-fe9c6876d1a0: TaskStarted(72,5835,Some(AttributeKey[sbt.UpdateReport]("update") in Scope(Build: file:/C:/Users/Robin/Weather_appBackend/Weather_app/requestHandler/, , Project: ProjectReference(file:/C:/Users/Robin/Weather_appBackend/Weather_app/requestHandler/,root))))
Sending msg to client activator-ffa63df4-472c-407b-a320-fe9c6876d1a0: TaskFinished(72,5915,Some(AttributeKey[scala.collection.Seq[sbt.Attributed[java.io.File]]]("unmanagedClasspath") in Scope(Build: file:/C:/Users/Robin/Weather_appBackend/Weather_app/requestHandler/, , Project: ProjectReference(file:/C:/Users/Robin/Weather_appBackend/Weather_app/requestHandler/,root), Config: compile)),true,None)
Sending msg to client activator-ffa63df4-472c-407b-a320-fe9c6876d1a0: TaskFinished(72,5835,Some(AttributeKey[sbt.UpdateReport]("update") in Scope(Build: file:/C:/Users/Robin/Weather_appBackend/Weather_app/requestHandler/, , Project: ProjectReference(file:/C:/Users/Robin/Weather_appBackend/Weather_app/requestHandler/,root))),true,None)
Sending msg to client activator-ffa63df4-472c-407b-a320-fe9c6876d1a0: TaskStarted(72,5834,Some(AttributeKey[sbt.UpdateReport]("update") in Scope(Build: file:/C:/Users/Robin/Weather_appBackend/Weather_app/requestHandler/, , Project: ProjectReference(file:/C:/Users/Robin/Weather_appBackend/Weather_app/requestHandler/,root))))
Sending msg to client activator-ffa63df4-472c-407b-a320-fe9c6876d1a0: TaskFinished(72,5834,Some(AttributeKey[sbt.UpdateReport]("update") in Scope(Build: file:/C:/Users/Robin/Weather_appBackend/Weather_app/requestHandler/, , Project: ProjectReference(file:/C:/Users/Robin/Weather_appBackend/Weather_app/requestHandler/,root))),true,None)
Sending msg to client activator-ffa63df4-472c-407b-a320-fe9c6876d1a0: TaskStarted(72,5865,Some(AttributeKey[sbt.Configuration]("classpathConfiguration") in Scope(Build: file:/C:/Users/Robin/Weather_appBackend/Weather_app/requestHandler/, , Project: ProjectReference(file:/C:/Users/Robin/Weather_appBackend/Weather_app/requestHandler/,root), Config: compile)))
Sending msg to client activator-ffa63df4-472c-407b-a320-fe9c6876d1a0: TaskStarted(72,5923,Some(AttributeKey[scala.collection.Seq[java.lang.String]]("scalacOptions") in Scope(Build: file:/C:/Users/Robin/Weather_appBackend/Weather_app/requestHandler/, , Project: ProjectReference(file:/C:/Users/Robin/Weather_appBackend/Weather_app/requestHandler/,root), Config: compile)))
Sending msg to client activator-ffa63df4-472c-407b-a320-fe9c6876d1a0: TaskStarted(72,5952,None)
Sending msg to client activator-ffa63df4-472c-407b-a320-fe9c6876d1a0: TaskFinished(72,5865,Some(AttributeKey[sbt.Configuration]("classpathConfiguration") in Scope(Build: file:/C:/Users/Robin/Weather_appBackend/Weather_app/requestHandler/, , Project: ProjectReference(file:/C:/Users/Robin/Weather_appBackend/Weather_app/requestHandler/,root), Config: compile)),true,None)
Sending msg to client activator-ffa63df4-472c-407b-a320-fe9c6876d1a0: TaskStarted(72,5864,None)
Sending msg to client activator-ffa63df4-472c-407b-a320-fe9c6876d1a0: TaskStarted(72,5914,None)
Sending msg to client activator-ffa63df4-472c-407b-a320-fe9c6876d1a0: TaskStarted(72,5921,None)
Sending msg to client activator-ffa63df4-472c-407b-a320-fe9c6876d1a0: TaskFinished(72,5923,Some(AttributeKey[scala.collection.Seq[java.lang.String]]("scalacOptions") in Scope(Build: file:/C:/Users/Robin/Weather_appBackend/Weather_app/requestHandler/, , Project: ProjectReference(file:/C:/Users/Robin/Weather_appBackend/Weather_app/requestHandler/,root), Config: compile)),true,None)
Sending msg to client activator-ffa63df4-472c-407b-a320-fe9c6876d1a0: TaskFinished(72,5952,None,true,None)
Sending msg to client activator-ffa63df4-472c-407b-a320-fe9c6876d1a0: TaskFinished(72,5896,Some(AttributeKey[sbt.ScalaInstance]("scalaInstance") in Scope(Build: file:/C:/Users/Robin/Weather_appBackend/Weather_app/requestHandler/, , Project: ProjectReference(file:/C:/Users/Robin/Weather_appBackend/Weather_app/requestHandler/,root))),true,None)
Sending msg to client activator-ffa63df4-472c-407b-a320-fe9c6876d1a0: TaskStarted(72,5895,Some(AttributeKey[sbt.Compiler$Compilers]("compilers") in Scope(Global)))
Sending msg to client activator-ffa63df4-472c-407b-a320-fe9c6876d1a0: TaskFinished(72,5864,None,true,None)
Sending msg to client activator-ffa63df4-472c-407b-a320-fe9c6876d1a0: TaskStarted(72,5833,Some(AttributeKey[sbt.Configuration]("classpathConfiguration") in Scope(Build: file:/C:/Users/Robin/Weather_appBackend/Weather_app/requestHandler/, , Project: ProjectReference(file:/C:/Users/Robin/Weather_appBackend/Weather_app/requestHandler/,root), Config: runtime)))
Sending msg to client activator-ffa63df4-472c-407b-a320-fe9c6876d1a0: TaskFinished(72,5914,None,true,None)
Sending msg to client activator-ffa63df4-472c-407b-a320-fe9c6876d1a0: TaskStarted(72,5912,Some(AttributeKey[scala.collection.Seq[sbt.Attributed[java.io.File]]]("managedClasspath") in Scope(Build: file:/C:/Users/Robin/Weather_appBackend/Weather_app/requestHandler/, , Project: ProjectReference(file:/C:/Users/Robin/Weather_appBackend/Weather_app/requestHandler/,root), Config: compile)))
Sending msg to client activator-ffa63df4-472c-407b-a320-fe9c6876d1a0: TaskStarted(72,5971,None)
Sending msg to client activator-ffa63df4-472c-407b-a320-fe9c6876d1a0: TaskStarted(72,5972,None)
Sending msg to client activator-ffa63df4-472c-407b-a320-fe9c6876d1a0: TaskFinished(72,5895,Some(AttributeKey[sbt.Compiler$Compilers]("compilers") in Scope(Global)),true,None)
Sending msg to client activator-ffa63df4-472c-407b-a320-fe9c6876d1a0: TaskFinished(72,5833,Some(AttributeKey[sbt.Configuration]("classpathConfiguration") in Scope(Build: file:/C:/Users/Robin/Weather_appBackend/Weather_app/requestHandler/, , Project: ProjectReference(file:/C:/Users/Robin/Weather_appBackend/Weather_app/requestHandler/,root), Config: runtime)),true,None)
Sending msg to client activator-ffa63df4-472c-407b-a320-fe9c6876d1a0: TaskStarted(72,5829,None)
Sending msg to client activator-ffa63df4-472c-407b-a320-fe9c6876d1a0: TaskFinished(72,5912,Some(AttributeKey[scala.collection.Seq[sbt.Attributed[java.io.File]]]("managedClasspath") in Scope(Build: file:/C:/Users/Robin/Weather_appBackend/Weather_app/requestHandler/, , Project: ProjectReference(file:/C:/Users/Robin/Weather_appBackend/Weather_app/requestHandler/,root), Config: compile)),true,None)
Sending msg to client activator-ffa63df4-472c-407b-a320-fe9c6876d1a0: TaskStarted(72,5911,None)
Sending msg to client activator-ffa63df4-472c-407b-a320-fe9c6876d1a0: TaskFinished(72,5971,None,true,None)
Sending msg to client activator-ffa63df4-472c-407b-a320-fe9c6876d1a0: TaskFinished(72,5972,None,true,None)
Sending msg to client activator-ffa63df4-472c-407b-a320-fe9c6876d1a0: TaskStarted(72,5970,None)
Sending msg to client activator-ffa63df4-472c-407b-a320-fe9c6876d1a0: TaskStarted(72,5975,None)
Sending msg to client activator-ffa63df4-472c-407b-a320-fe9c6876d1a0: TaskStarted(72,5983,Some(AttributeKey[scala.collection.Seq[scala.Function1[scala.collection.Seq[java.io.File],scala.Option[java.io.File]]]]("webDeduplicators") in Scope(Build: file:/C:/Users/Robin/Weather_appBackend/Weather_app/requestHandler/, , Project: ProjectReference(file:/C:/Users/Robin/Weather_appBackend/Weather_app/requestHandler/,root), Config: web-assets)))
Sending msg to client activator-ffa63df4-472c-407b-a320-fe9c6876d1a0: TaskStarted(72,5986,None)
Sending msg to client activator-ffa63df4-472c-407b-a320-fe9c6876d1a0: TaskStarted(72,5998,Some(AttributeKey[scala.collection.Seq[java.lang.String]]("webDirectWebModules") in Scope(Build: file:/C:/Users/Robin/Weather_appBackend/Weather_app/requestHandler/, , Project: ProjectReference(file:/C:/Users/Robin/Weather_appBackend/Weather_app/requestHandler/,root), Config: web-assets)))
Sending msg to client activator-ffa63df4-472c-407b-a320-fe9c6876d1a0: TaskStarted(72,6010,Some(AttributeKey[java.lang.ClassLoader]("webJarsClassloader") in Scope(Build: file:/C:/Users/Robin/Weather_appBackend/Weather_app/requestHandler/, , Project: ProjectReference(file:/C:/Users/Robin/Weather_appBackend/Weather_app/requestHandler/,root), Config: web-plugin)))
Sending msg to client activator-ffa63df4-472c-407b-a320-fe9c6876d1a0: TaskStarted(72,6015,Some(AttributeKey[scala.collection.Seq[java.io.File]]("unmanagedResources") in Scope(Build: file:/C:/Users/Robin/Weather_appBackend/Weather_app/requestHandler/, , Project: ProjectReference(file:/C:/Users/Robin/Weather_appBackend/Weather_app/requestHandler/,root), Config: web-assets)))
Sending msg to client activator-ffa63df4-472c-407b-a320-fe9c6876d1a0: TaskStarted(72,6018,Some(AttributeKey[scala.collection.Seq[java.io.File]]("unmanagedSources") in Scope(Build: file:/C:/Users/Robin/Weather_appBackend/Weather_app/requestHandler/, , Project: ProjectReference(file:/C:/Users/Robin/Weather_appBackend/Weather_app/requestHandler/,root), Config: web-assets)))
Sending msg to client activator-ffa63df4-472c-407b-a320-fe9c6876d1a0: TaskStarted(72,6021,None)
Sending msg to client activator-ffa63df4-472c-407b-a320-fe9c6876d1a0: TaskStarted(72,6022,None)
Sending msg to client activator-ffa63df4-472c-407b-a320-fe9c6876d1a0: TaskStarted(72,6025,None)
Sending msg to client activator-ffa63df4-472c-407b-a320-fe9c6876d1a0: TaskStarted(72,6026,None)
Sending msg to client activator-ffa63df4-472c-407b-a320-fe9c6876d1a0: TaskFinished(72,5911,None,true,None)
Sending msg to client activator-ffa63df4-472c-407b-a320-fe9c6876d1a0: TaskStarted(72,5910,Some(AttributeKey[scala.collection.Seq[sbt.Attributed[java.io.File]]]("externalDependencyClasspath") in Scope(Build: file:/C:/Users/Robin/Weather_appBackend/Weather_app/requestHandler/, , Project: ProjectReference(file:/C:/Users/Robin/Weather_appBackend/Weather_app/requestHandler/,root), Config: compile)))
Sending msg to client activator-ffa63df4-472c-407b-a320-fe9c6876d1a0: TaskFinished(72,5970,None,true,None)
Sending msg to client activator-ffa63df4-472c-407b-a320-fe9c6876d1a0: TaskStarted(72,5969,None)
Sending msg to client activator-ffa63df4-472c-407b-a320-fe9c6876d1a0: TaskFinished(72,5975,None,true,None)
Sending msg to client activator-ffa63df4-472c-407b-a320-fe9c6876d1a0: TaskFinished(72,5983,Some(AttributeKey[scala.collection.Seq[scala.Function1[scala.collection.Seq[java.io.File],scala.Option[java.io.File]]]]("webDeduplicators") in Scope(Build: file:/C:/Users/Robin/Weather_appBackend/Weather_app/requestHandler/, , Project: ProjectReference(file:/C:/Users/Robin/Weather_appBackend/Weather_app/requestHandler/,root), Config: web-assets)),true,None)
Sending msg to client activator-ffa63df4-472c-407b-a320-fe9c6876d1a0: TaskFinished(72,5986,None,true,None)
Sending msg to client activator-ffa63df4-472c-407b-a320-fe9c6876d1a0: TaskStarted(72,5985,Some(AttributeKey[scala.Function1[scala.collection.Seq[scala.Tuple2[java.io.File,java.lang.String]],scala.collection.Seq[scala.Tuple2[java.io.File,java.lang.String]]]]("webAllPipelineStages") in Scope(Build: file:/C:/Users/Robin/Weather_appBackend/Weather_app/requestHandler/, , Project: ProjectReference(file:/C:/Users/Robin/Weather_appBackend/Weather_app/requestHandler/,root), Config: web-assets)))
Sending msg to client activator-ffa63df4-472c-407b-a320-fe9c6876d1a0: TaskFinished(72,5998,Some(AttributeKey[scala.collection.Seq[java.lang.String]]("webDirectWebModules") in Scope(Build: file:/C:/Users/Robin/Weather_appBackend/Weather_app/requestHandler/, , Project: ProjectReference(file:/C:/Users/Robin/Weather_appBackend/Weather_app/requestHandler/,root), Config: web-assets)),true,None)
Sending msg to client activator-ffa63df4-472c-407b-a320-fe9c6876d1a0: TaskFinished(72,6010,Some(AttributeKey[java.lang.ClassLoader]("webJarsClassloader") in Scope(Build: file:/C:/Users/Robin/Weather_appBackend/Weather_app/requestHandler/, , Project: ProjectReference(file:/C:/Users/Robin/Weather_appBackend/Weather_app/requestHandler/,root), Config: web-plugin)),true,None)
Sending msg to client activator-ffa63df4-472c-407b-a320-fe9c6876d1a0: TaskStarted(72,6009,Some(AttributeKey[scala.collection.Seq[java.io.File]]("webJarsNodeModules") in Scope(Build: file:/C:/Users/Robin/Weather_appBackend/Weather_app/requestHandler/, , Project: ProjectReference(file:/C:/Users/Robin/Weather_appBackend/Weather_app/requestHandler/,root), Config: web-plugin)))
Sending msg to client activator-ffa63df4-472c-407b-a320-fe9c6876d1a0: TaskFinished(72,6015,Some(AttributeKey[scala.collection.Seq[java.io.File]]("unmanagedResources") in Scope(Build: file:/C:/Users/Robin/Weather_appBackend/Weather_app/requestHandler/, , Project: ProjectReference(file:/C:/Users/Robin/Weather_appBackend/Weather_app/requestHandler/,root), Config: web-assets)),true,None)
Sending msg to client activator-ffa63df4-472c-407b-a320-fe9c6876d1a0: TaskFinished(72,6018,Some(AttributeKey[scala.collection.Seq[java.io.File]]("unmanagedSources") in Scope(Build: file:/C:/Users/Robin/Weather_appBackend/Weather_app/requestHandler/, , Project: ProjectReference(file:/C:/Users/Robin/Weather_appBackend/Weather_app/requestHandler/,root), Config: web-assets)),true,None)
Sending msg to client activator-ffa63df4-472c-407b-a320-fe9c6876d1a0: TaskFinished(72,6021,None,true,None)
Sending msg to client activator-ffa63df4-472c-407b-a320-fe9c6876d1a0: TaskStarted(72,6020,None)
Sending msg to client activator-ffa63df4-472c-407b-a320-fe9c6876d1a0: TaskFinished(72,6022,None,true,None)
Sending msg to client activator-ffa63df4-472c-407b-a320-fe9c6876d1a0: TaskFinished(72,6026,None,true,None)
Sending msg to client activator-ffa63df4-472c-407b-a320-fe9c6876d1a0: TaskFinished(72,5910,Some(AttributeKey[scala.collection.Seq[sbt.Attributed[java.io.File]]]("externalDependencyClasspath") in Scope(Build: file:/C:/Users/Robin/Weather_appBackend/Weather_app/requestHandler/, , Project: ProjectReference(file:/C:/Users/Robin/Weather_appBackend/Weather_app/requestHandler/,root), Config: compile)),true,None)
Sending msg to client activator-ffa63df4-472c-407b-a320-fe9c6876d1a0: TaskFinished(72,5969,None,true,None)
Sending msg to client activator-ffa63df4-472c-407b-a320-fe9c6876d1a0: TaskFinished(72,5921,None,true,None)
Sending msg to client activator-ffa63df4-472c-407b-a320-fe9c6876d1a0: TaskStarted(72,5919,Some(AttributeKey[scala.collection.Seq[sbt.Attributed[java.io.File]]]("internalDependencyClasspath") in Scope(Build: file:/C:/Users/Robin/Weather_appBackend/Weather_app/requestHandler/, , Project: ProjectReference(file:/C:/Users/Robin/Weather_appBackend/Weather_app/requestHandler/,root), Config: compile)))
Sending msg to client activator-ffa63df4-472c-407b-a320-fe9c6876d1a0: TaskStarted(72,6028,None)
Sending msg to client activator-ffa63df4-472c-407b-a320-fe9c6876d1a0: TaskFinished(72,6020,None,true,None)
Sending msg to client activator-ffa63df4-472c-407b-a320-fe9c6876d1a0: TaskStarted(72,6019,Some(AttributeKey[scala.collection.Seq[java.io.File]]("managedSources") in Scope(Build: file:/C:/Users/Robin/Weather_appBackend/Weather_app/requestHandler/, , Project: ProjectReference(file:/C:/Users/Robin/Weather_appBackend/Weather_app/requestHandler/,root), Config: web-assets)))
Sending msg to client activator-ffa63df4-472c-407b-a320-fe9c6876d1a0: TaskFinished(72,5919,Some(AttributeKey[scala.collection.Seq[sbt.Attributed[java.io.File]]]("internalDependencyClasspath") in Scope(Build: file:/C:/Users/Robin/Weather_appBackend/Weather_app/requestHandler/, , Project: ProjectReference(file:/C:/Users/Robin/Weather_appBackend/Weather_app/requestHandler/,root), Config: compile)),true,None)
Sending msg to client activator-ffa63df4-472c-407b-a320-fe9c6876d1a0: TaskStarted(72,5909,None)
Sending msg to client activator-ffa63df4-472c-407b-a320-fe9c6876d1a0: TaskStarted(72,5997,Some(AttributeKey[scala.collection.Seq[java.lang.String]]("webInternalWebModules") in Scope(Build: file:/C:/Users/Robin/Weather_appBackend/Weather_app/requestHandler/, , Project: ProjectReference(file:/C:/Users/Robin/Weather_appBackend/Weather_app/requestHandler/,root), Config: web-assets)))
Sending msg to client activator-ffa63df4-472c-407b-a320-fe9c6876d1a0: TaskFinished(72,6028,None,true,None)
Sending msg to client activator-ffa63df4-472c-407b-a320-fe9c6876d1a0: TaskFinished(72,5985,Some(AttributeKey[scala.Function1[scala.collection.Seq[scala.Tuple2[java.io.File,java.lang.String]],scala.collection.Seq[scala.Tuple2[java.io.File,java.lang.String]]]]("webAllPipelineStages") in Scope(Build: file:/C:/Users/Robin/Weather_appBackend/Weather_app/requestHandler/, , Project: ProjectReference(file:/C:/Users/Robin/Weather_appBackend/Weather_app/requestHandler/,root), Config: web-assets)),true,None)
Sending msg to client activator-ffa63df4-472c-407b-a320-fe9c6876d1a0: TaskFinished(72,6019,Some(AttributeKey[scala.collection.Seq[java.io.File]]("managedSources") in Scope(Build: file:/C:/Users/Robin/Weather_appBackend/Weather_app/requestHandler/, , Project: ProjectReference(file:/C:/Users/Robin/Weather_appBackend/Weather_app/requestHandler/,root), Config: web-assets)),true,None)
Sending msg to client activator-ffa63df4-472c-407b-a320-fe9c6876d1a0: TaskStarted(72,6017,Some(AttributeKey[scala.collection.Seq[java.io.File]]("sources") in Scope(Build: file:/C:/Users/Robin/Weather_appBackend/Weather_app/requestHandler/, , Project: ProjectReference(file:/C:/Users/Robin/Weather_appBackend/Weather_app/requestHandler/,root), Config: web-assets)))
Sending msg to client activator-ffa63df4-472c-407b-a320-fe9c6876d1a0: TaskFinished(72,5909,None,true,None)
Sending msg to client activator-ffa63df4-472c-407b-a320-fe9c6876d1a0: TaskStarted(72,5908,Some(AttributeKey[scala.collection.Seq[sbt.Attributed[java.io.File]]]("dependencyClasspath") in Scope(Build: file:/C:/Users/Robin/Weather_appBackend/Weather_app/requestHandler/, , Project: ProjectReference(file:/C:/Users/Robin/Weather_appBackend/Weather_app/requestHandler/,root), Config: compile)))
Sending msg to client activator-ffa63df4-472c-407b-a320-fe9c6876d1a0: TaskFinished(72,5997,Some(AttributeKey[scala.collection.Seq[java.lang.String]]("webInternalWebModules") in Scope(Build: file:/C:/Users/Robin/Weather_appBackend/Weather_app/requestHandler/, , Project: ProjectReference(file:/C:/Users/Robin/Weather_appBackend/Weather_app/requestHandler/,root), Config: web-assets)),true,None)
Sending msg to client activator-ffa63df4-472c-407b-a320-fe9c6876d1a0: TaskStarted(72,5996,None)
Sending msg to client activator-ffa63df4-472c-407b-a320-fe9c6876d1a0: TaskFinished(72,6017,Some(AttributeKey[scala.collection.Seq[java.io.File]]("sources") in Scope(Build: file:/C:/Users/Robin/Weather_appBackend/Weather_app/requestHandler/, , Project: ProjectReference(file:/C:/Users/Robin/Weather_appBackend/Weather_app/requestHandler/,root), Config: web-assets)),true,None)
Sending msg to client activator-ffa63df4-472c-407b-a320-fe9c6876d1a0: TaskStarted(72,6016,Some(AttributeKey[scala.collection.Seq[scala.Tuple2[java.io.File,java.lang.String]]]("mappings") in Scope(Build: file:/C:/Users/Robin/Weather_appBackend/Weather_app/requestHandler/, , Project: ProjectReference(file:/C:/Users/Robin/Weather_appBackend/Weather_app/requestHandler/,root), Config: web-assets, Task: AttributeKey[scala.collection.Seq[java.io.File]]("sources"))))
Sending msg to client activator-ffa63df4-472c-407b-a320-fe9c6876d1a0: TaskFinished(72,5908,Some(AttributeKey[scala.collection.Seq[sbt.Attributed[java.io.File]]]("dependencyClasspath") in Scope(Build: file:/C:/Users/Robin/Weather_appBackend/Weather_app/requestHandler/, , Project: ProjectReference(file:/C:/Users/Robin/Weather_appBackend/Weather_app/requestHandler/,root), Config: compile)),true,None)
Sending msg to client activator-ffa63df4-472c-407b-a320-fe9c6876d1a0: TaskStarted(72,5925,Some(AttributeKey[sbt.Compiler$IncSetup]("incCompileSetup") in Scope(Build: file:/C:/Users/Robin/Weather_appBackend/Weather_app/requestHandler/, , Project: ProjectReference(file:/C:/Users/Robin/Weather_appBackend/Weather_app/requestHandler/,root), Config: compile)))
Sending msg to client activator-ffa63df4-472c-407b-a320-fe9c6876d1a0: TaskStarted(72,5994,Some(AttributeKey[java.lang.ClassLoader]("webJarsClassloader") in Scope(Build: file:/C:/Users/Robin/Weather_appBackend/Weather_app/requestHandler/, , Project: ProjectReference(file:/C:/Users/Robin/Weather_appBackend/Weather_app/requestHandler/,root), Config: web-assets)))
Sending msg to client activator-ffa63df4-472c-407b-a320-fe9c6876d1a0: TaskFinished(72,5996,None,true,None)
Sending msg to client activator-ffa63df4-472c-407b-a320-fe9c6876d1a0: TaskStarted(72,5995,Some(AttributeKey[scala.collection.Seq[java.lang.String]]("webDirectWebModules") in Scope(Build: file:/C:/Users/Robin/Weather_appBackend/Weather_app/requestHandler/, , Project: ProjectReference(file:/C:/Users/Robin/Weather_appBackend/Weather_app/requestHandler/,root), Config: web-assets)))
Sending msg to client activator-ffa63df4-472c-407b-a320-fe9c6876d1a0: TaskFinished(72,6016,Some(AttributeKey[scala.collection.Seq[scala.Tuple2[java.io.File,java.lang.String]]]("mappings") in Scope(Build: file:/C:/Users/Robin/Weather_appBackend/Weather_app/requestHandler/, , Project: ProjectReference(file:/C:/Users/Robin/Weather_appBackend/Weather_app/requestHandler/,root), Config: web-assets, Task: AttributeKey[scala.collection.Seq[java.io.File]]("sources"))),true,None)
Sending msg to client activator-ffa63df4-472c-407b-a320-fe9c6876d1a0: TaskFinished(72,5925,Some(AttributeKey[sbt.Compiler$IncSetup]("incCompileSetup") in Scope(Build: file:/C:/Users/Robin/Weather_appBackend/Weather_app/requestHandler/, , Project: ProjectReference(file:/C:/Users/Robin/Weather_appBackend/Weather_app/requestHandler/,root), Config: compile)),true,None)
Sending msg to client activator-ffa63df4-472c-407b-a320-fe9c6876d1a0: TaskStarted(72,5875,Some(AttributeKey[sbt.Compiler$Inputs]("compileInputs") in Scope(Build: file:/C:/Users/Robin/Weather_appBackend/Weather_app/requestHandler/, , Project: ProjectReference(file:/C:/Users/Robin/Weather_appBackend/Weather_app/requestHandler/,root), Config: compile, Task: AttributeKey[sbt.inc.Analysis]("compile"))))
Sending msg to client activator-ffa63df4-472c-407b-a320-fe9c6876d1a0: TaskStarted(72,5935,Some(AttributeKey[sbt.Compiler$PreviousAnalysis]("readAnalysis") in Scope(Build: file:/C:/Users/Robin/Weather_appBackend/Weather_app/requestHandler/, , Project: ProjectReference(file:/C:/Users/Robin/Weather_appBackend/Weather_app/requestHandler/,root), Config: compile)))
Sending msg to client activator-ffa63df4-472c-407b-a320-fe9c6876d1a0: TaskFinished(72,5994,Some(AttributeKey[java.lang.ClassLoader]("webJarsClassloader") in Scope(Build: file:/C:/Users/Robin/Weather_appBackend/Weather_app/requestHandler/, , Project: ProjectReference(file:/C:/Users/Robin/Weather_appBackend/Weather_app/requestHandler/,root), Config: web-assets)),true,None)
Sending msg to client activator-ffa63df4-472c-407b-a320-fe9c6876d1a0: TaskStarted(72,5993,Some(AttributeKey[scala.collection.Seq[java.io.File]]("webJars") in Scope(Build: file:/C:/Users/Robin/Weather_appBackend/Weather_app/requestHandler/, , Project: ProjectReference(file:/C:/Users/Robin/Weather_appBackend/Weather_app/requestHandler/,root), Config: web-assets)))
Sending msg to client activator-ffa63df4-472c-407b-a320-fe9c6876d1a0: TaskFinished(72,5995,Some(AttributeKey[scala.collection.Seq[java.lang.String]]("webDirectWebModules") in Scope(Build: file:/C:/Users/Robin/Weather_appBackend/Weather_app/requestHandler/, , Project: ProjectReference(file:/C:/Users/Robin/Weather_appBackend/Weather_app/requestHandler/,root), Config: web-assets)),true,None)
Sending msg to client activator-ffa63df4-472c-407b-a320-fe9c6876d1a0: TaskFinished(72,5875,Some(AttributeKey[sbt.Compiler$Inputs]("compileInputs") in Scope(Build: file:/C:/Users/Robin/Weather_appBackend/Weather_app/requestHandler/, , Project: ProjectReference(file:/C:/Users/Robin/Weather_appBackend/Weather_app/requestHandler/,root), Config: compile, Task: AttributeKey[sbt.inc.Analysis]("compile"))),true,None)
Sending msg to client activator-ffa63df4-472c-407b-a320-fe9c6876d1a0: TaskStarted(72,5874,Some(AttributeKey[scala.Option[xsbti.Reporter]]("compilerReporter") in Scope(Build: file:/C:/Users/Robin/Weather_appBackend/Weather_app/requestHandler/, , Project: ProjectReference(file:/C:/Users/Robin/Weather_appBackend/Weather_app/requestHandler/,root), Config: compile, Task: AttributeKey[sbt.inc.Analysis]("compile"))))
Sending msg to client activator-ffa63df4-472c-407b-a320-fe9c6876d1a0: TaskFinished(72,5935,Some(AttributeKey[sbt.Compiler$PreviousAnalysis]("readAnalysis") in Scope(Build: file:/C:/Users/Robin/Weather_appBackend/Weather_app/requestHandler/, , Project: ProjectReference(file:/C:/Users/Robin/Weather_appBackend/Weather_app/requestHandler/,root), Config: compile)),true,None)
Sending msg to client activator-ffa63df4-472c-407b-a320-fe9c6876d1a0: TaskFinished(72,5993,Some(AttributeKey[scala.collection.Seq[java.io.File]]("webJars") in Scope(Build: file:/C:/Users/Robin/Weather_appBackend/Weather_app/requestHandler/, , Project: ProjectReference(file:/C:/Users/Robin/Weather_appBackend/Weather_app/requestHandler/,root), Config: web-assets)),true,None)
Sending msg to client activator-ffa63df4-472c-407b-a320-fe9c6876d1a0: TaskStarted(72,5992,None)
Sending msg to client activator-ffa63df4-472c-407b-a320-fe9c6876d1a0: TaskFinished(72,5874,Some(AttributeKey[scala.Option[xsbti.Reporter]]("compilerReporter") in Scope(Build: file:/C:/Users/Robin/Weather_appBackend/Weather_app/requestHandler/, , Project: ProjectReference(file:/C:/Users/Robin/Weather_appBackend/Weather_app/requestHandler/,root), Config: compile, Task: AttributeKey[sbt.inc.Analysis]("compile"))),true,None)
Sending msg to client activator-ffa63df4-472c-407b-a320-fe9c6876d1a0: TaskStarted(72,5873,Some(AttributeKey[sbt.compiler.IC$Result]("compileIncremental") in Scope(Build: file:/C:/Users/Robin/Weather_appBackend/Weather_app/requestHandler/, , Project: ProjectReference(file:/C:/Users/Robin/Weather_appBackend/Weather_app/requestHandler/,root), Config: compile)))
Sending msg to client activator-ffa63df4-472c-407b-a320-fe9c6876d1a0: TaskFinished(72,5992,None,true,None)
Sending msg to client activator-ffa63df4-472c-407b-a320-fe9c6876d1a0: TaskStarted(72,5991,None)
Sending msg to client activator-ffa63df4-472c-407b-a320-fe9c6876d1a0: TaskLogEvent(5873,LogMessage(debug,
Initial source changes: 
	removed:Set()
	added: Set()
	modified: Set()
Removed products: Set()
External API changes: API Changes: Set()
Modified binary dependencies: Set()
Initial directly invalidated sources: Set()

Sources indirectly invalidated by:
	product: Set()
	binary dep: Set()
	external source: Set()))
Sending msg to client activator-ffa63df4-472c-407b-a320-fe9c6876d1a0: TaskLogEvent(5873,LogMessage(debug,All initially invalidated sources: Set()
))
Sending msg to client activator-ffa63df4-472c-407b-a320-fe9c6876d1a0: TaskFinished(72,5873,Some(AttributeKey[sbt.compiler.IC$Result]("compileIncremental") in Scope(Build: file:/C:/Users/Robin/Weather_appBackend/Weather_app/requestHandler/, , Project: ProjectReference(file:/C:/Users/Robin/Weather_appBackend/Weather_app/requestHandler/,root), Config: compile)),true,None)
Sending msg to client activator-ffa63df4-472c-407b-a320-fe9c6876d1a0: TaskStarted(72,5872,Some(AttributeKey[sbt.compiler.IC$Result]("manipulateBytecode") in Scope(Build: file:/C:/Users/Robin/Weather_appBackend/Weather_app/requestHandler/, , Project: ProjectReference(file:/C:/Users/Robin/Weather_appBackend/Weather_app/requestHandler/,root), Config: compile)))
Sending msg to client activator-ffa63df4-472c-407b-a320-fe9c6876d1a0: TaskFinished(72,5991,None,true,None)
Sending msg to client activator-ffa63df4-472c-407b-a320-fe9c6876d1a0: TaskStarted(72,5990,Some(AttributeKey[scala.collection.Seq[java.io.File]]("webModules") in Scope(Build: file:/C:/Users/Robin/Weather_appBackend/Weather_app/requestHandler/, , Project: ProjectReference(file:/C:/Users/Robin/Weather_appBackend/Weather_app/requestHandler/,root), Config: web-assets)))
Sending msg to client activator-ffa63df4-472c-407b-a320-fe9c6876d1a0: TaskFinished(72,5872,Some(AttributeKey[sbt.compiler.IC$Result]("manipulateBytecode") in Scope(Build: file:/C:/Users/Robin/Weather_appBackend/Weather_app/requestHandler/, , Project: ProjectReference(file:/C:/Users/Robin/Weather_appBackend/Weather_app/requestHandler/,root), Config: compile)),true,None)
Sending msg to client activator-ffa63df4-472c-407b-a320-fe9c6876d1a0: TaskStarted(72,5871,Some(AttributeKey[sbt.inc.Analysis]("compile") in Scope(Build: file:/C:/Users/Robin/Weather_appBackend/Weather_app/requestHandler/, , Project: ProjectReference(file:/C:/Users/Robin/Weather_appBackend/Weather_app/requestHandler/,root), Config: compile)))
Sending msg to client activator-ffa63df4-472c-407b-a320-fe9c6876d1a0: TaskFinished(72,5990,Some(AttributeKey[scala.collection.Seq[java.io.File]]("webModules") in Scope(Build: file:/C:/Users/Robin/Weather_appBackend/Weather_app/requestHandler/, , Project: ProjectReference(file:/C:/Users/Robin/Weather_appBackend/Weather_app/requestHandler/,root), Config: web-assets)),true,None)
Sending msg to client activator-ffa63df4-472c-407b-a320-fe9c6876d1a0: TaskStarted(72,5989,Some(AttributeKey[scala.collection.Seq[scala.Tuple2[java.io.File,java.lang.String]]]("mappings") in Scope(Build: file:/C:/Users/Robin/Weather_appBackend/Weather_app/requestHandler/, , Project: ProjectReference(file:/C:/Users/Robin/Weather_appBackend/Weather_app/requestHandler/,root), Config: web-assets, Task: AttributeKey[scala.collection.Seq[java.io.File]]("webModules"))))
Sending msg to client activator-ffa63df4-472c-407b-a320-fe9c6876d1a0: TaskStarted(72,6012,None)
Sending msg to client activator-ffa63df4-472c-407b-a320-fe9c6876d1a0: TaskStarted(72,6014,None)
Sending msg to client activator-ffa63df4-472c-407b-a320-fe9c6876d1a0: TaskFinished(72,5871,Some(AttributeKey[sbt.inc.Analysis]("compile") in Scope(Build: file:/C:/Users/Robin/Weather_appBackend/Weather_app/requestHandler/, , Project: ProjectReference(file:/C:/Users/Robin/Weather_appBackend/Weather_app/requestHandler/,root), Config: compile)),true,None)
Sending msg to client activator-ffa63df4-472c-407b-a320-fe9c6876d1a0: TaskStarted(72,5947,Some(AttributeKey[sbt.PluginDiscovery$DiscoveredNames]("discoveredSbtPlugins") in Scope(Build: file:/C:/Users/Robin/Weather_appBackend/Weather_app/requestHandler/, , Project: ProjectReference(file:/C:/Users/Robin/Weather_appBackend/Weather_app/requestHandler/,root), Config: compile)))
Sending msg to client activator-ffa63df4-472c-407b-a320-fe9c6876d1a0: TaskStarted(72,5965,None)
Sending msg to client activator-ffa63df4-472c-407b-a320-fe9c6876d1a0: TaskStarted(72,6029,Some(AttributeKey[scala.collection.Seq[java.lang.String]]("discoveredMainClasses") in Scope(Build: file:/C:/Users/Robin/Weather_appBackend/Weather_app/requestHandler/, , Project: ProjectReference(file:/C:/Users/Robin/Weather_appBackend/Weather_app/requestHandler/,root), Config: compile)))
Sending msg to client activator-ffa63df4-472c-407b-a320-fe9c6876d1a0: TaskFinished(72,5989,Some(AttributeKey[scala.collection.Seq[scala.Tuple2[java.io.File,java.lang.String]]]("mappings") in Scope(Build: file:/C:/Users/Robin/Weather_appBackend/Weather_app/requestHandler/, , Project: ProjectReference(file:/C:/Users/Robin/Weather_appBackend/Weather_app/requestHandler/,root), Config: web-assets, Task: AttributeKey[scala.collection.Seq[java.io.File]]("webModules"))),true,None)
Sending msg to client activator-ffa63df4-472c-407b-a320-fe9c6876d1a0: TaskStarted(72,5988,Some(AttributeKey[scala.collection.Seq[scala.Tuple2[java.io.File,java.lang.String]]]("mappings") in Scope(Build: file:/C:/Users/Robin/Weather_appBackend/Weather_app/requestHandler/, , Project: ProjectReference(file:/C:/Users/Robin/Weather_appBackend/Weather_app/requestHandler/,root), Config: web-assets, Task: AttributeKey[scala.collection.Seq[java.io.File]]("webModules"))))
Sending msg to client activator-ffa63df4-472c-407b-a320-fe9c6876d1a0: TaskFinished(72,5947,Some(AttributeKey[sbt.PluginDiscovery$DiscoveredNames]("discoveredSbtPlugins") in Scope(Build: file:/C:/Users/Robin/Weather_appBackend/Weather_app/requestHandler/, , Project: ProjectReference(file:/C:/Users/Robin/Weather_appBackend/Weather_app/requestHandler/,root), Config: compile)),true,None)
Sending msg to client activator-ffa63df4-472c-407b-a320-fe9c6876d1a0: TaskStarted(72,5946,None)
Sending msg to client activator-ffa63df4-472c-407b-a320-fe9c6876d1a0: TaskFinished(72,5965,None,true,None)
Sending msg to client activator-ffa63df4-472c-407b-a320-fe9c6876d1a0: TaskStarted(72,5964,None)
Sending msg to client activator-ffa63df4-472c-407b-a320-fe9c6876d1a0: TaskFinished(72,6029,Some(AttributeKey[scala.collection.Seq[java.lang.String]]("discoveredMainClasses") in Scope(Build: file:/C:/Users/Robin/Weather_appBackend/Weather_app/requestHandler/, , Project: ProjectReference(file:/C:/Users/Robin/Weather_appBackend/Weather_app/requestHandler/,root), Config: compile)),true,None)
Sending msg to client activator-ffa63df4-472c-407b-a320-fe9c6876d1a0: ValueChanged(AttributeKey[scala.collection.Seq[java.lang.String]]("discoveredMainClasses") in Scope(Build: file:/C:/Users/Robin/Weather_appBackend/Weather_app/requestHandler/, , Project: ProjectReference(file:/C:/Users/Robin/Weather_appBackend/Weather_app/requestHandler/,root), Config: compile),TaskSuccess(BuildValue(LazyValue(List(),scala.pickling.PicklerUnpickler$DelegatingPicklerUnpickler@5c4b8b3b),List())))
Sending msg to client activator-ffa63df4-472c-407b-a320-fe9c6876d1a0: TaskFinished(72,5988,Some(AttributeKey[scala.collection.Seq[scala.Tuple2[java.io.File,java.lang.String]]]("mappings") in Scope(Build: file:/C:/Users/Robin/Weather_appBackend/Weather_app/requestHandler/, , Project: ProjectReference(file:/C:/Users/Robin/Weather_appBackend/Weather_app/requestHandler/,root), Config: web-assets, Task: AttributeKey[scala.collection.Seq[java.io.File]]("webModules"))),true,None)
Sending msg to client activator-ffa63df4-472c-407b-a320-fe9c6876d1a0: TaskFinished(72,5946,None,true,None)
Sending msg to client activator-ffa63df4-472c-407b-a320-fe9c6876d1a0: TaskStarted(72,5945,None)
Sending msg to client activator-ffa63df4-472c-407b-a320-fe9c6876d1a0: TaskStarted(72,6038,None)
Sending msg to client activator-ffa63df4-472c-407b-a320-fe9c6876d1a0: TaskFinished(72,5945,None,true,None)
Sending msg to client activator-ffa63df4-472c-407b-a320-fe9c6876d1a0: TaskStarted(72,5944,Some(AttributeKey[scala.collection.Seq[java.io.File]]("managedResources") in Scope(Build: file:/C:/Users/Robin/Weather_appBackend/Weather_app/requestHandler/, , Project: ProjectReference(file:/C:/Users/Robin/Weather_appBackend/Weather_app/requestHandler/,root), Config: compile)))
Sending msg to client activator-ffa63df4-472c-407b-a320-fe9c6876d1a0: TaskFinished(72,6038,None,true,None)
Sending msg to client activator-ffa63df4-472c-407b-a320-fe9c6876d1a0: TaskFinished(72,5944,Some(AttributeKey[scala.collection.Seq[java.io.File]]("managedResources") in Scope(Build: file:/C:/Users/Robin/Weather_appBackend/Weather_app/requestHandler/, , Project: ProjectReference(file:/C:/Users/Robin/Weather_appBackend/Weather_app/requestHandler/,root), Config: compile)),true,None)
Sending msg to client activator-ffa63df4-472c-407b-a320-fe9c6876d1a0: TaskStarted(72,5942,Some(AttributeKey[scala.collection.Seq[java.io.File]]("resources") in Scope(Build: file:/C:/Users/Robin/Weather_appBackend/Weather_app/requestHandler/, , Project: ProjectReference(file:/C:/Users/Robin/Weather_appBackend/Weather_app/requestHandler/,root), Config: compile)))
Sending msg to client activator-ffa63df4-472c-407b-a320-fe9c6876d1a0: TaskFinished(72,5942,Some(AttributeKey[scala.collection.Seq[java.io.File]]("resources") in Scope(Build: file:/C:/Users/Robin/Weather_appBackend/Weather_app/requestHandler/, , Project: ProjectReference(file:/C:/Users/Robin/Weather_appBackend/Weather_app/requestHandler/,root), Config: compile)),true,None)
Sending msg to client activator-ffa63df4-472c-407b-a320-fe9c6876d1a0: TaskStarted(72,5941,Some(AttributeKey[scala.collection.Seq[scala.Tuple2[java.io.File,java.io.File]]]("copyResources") in Scope(Build: file:/C:/Users/Robin/Weather_appBackend/Weather_app/requestHandler/, , Project: ProjectReference(file:/C:/Users/Robin/Weather_appBackend/Weather_app/requestHandler/,root), Config: compile)))
Sending msg to client activator-ffa63df4-472c-407b-a320-fe9c6876d1a0: TaskLogEvent(5941,LogMessage(debug,Copy resource mappings: 
	(C:\Users\Robin\Weather_appBackend\Weather_app\requestHandler\conf\application.conf,C:\Users\Robin\Weather_appBackend\Weather_app\requestHandler\target\scala-2.11\classes\application.conf)
	(C:\Users\Robin\Weather_appBackend\Weather_app\requestHandler\conf\logback.xml,C:\Users\Robin\Weather_appBackend\Weather_app\requestHandler\target\scala-2.11\classes\logback.xml)
	(C:\Users\Robin\Weather_appBackend\Weather_app\requestHandler\conf\routes,C:\Users\Robin\Weather_appBackend\Weather_app\requestHandler\target\scala-2.11\classes\routes)))
Sending msg to client activator-ffa63df4-472c-407b-a320-fe9c6876d1a0: TaskFinished(72,5941,Some(AttributeKey[scala.collection.Seq[scala.Tuple2[java.io.File,java.io.File]]]("copyResources") in Scope(Build: file:/C:/Users/Robin/Weather_appBackend/Weather_app/requestHandler/, , Project: ProjectReference(file:/C:/Users/Robin/Weather_appBackend/Weather_app/requestHandler/,root), Config: compile)),true,None)
Sending msg to client activator-ffa63df4-472c-407b-a320-fe9c6876d1a0: TaskStarted(72,5940,Some(AttributeKey[scala.collection.Seq[java.io.File]]("products") in Scope(Build: file:/C:/Users/Robin/Weather_appBackend/Weather_app/requestHandler/, , Project: ProjectReference(file:/C:/Users/Robin/Weather_appBackend/Weather_app/requestHandler/,root), Config: runtime)))
Sending msg to client activator-ffa63df4-472c-407b-a320-fe9c6876d1a0: TaskStarted(72,6027,Some(AttributeKey[scala.collection.Seq[java.io.File]]("products") in Scope(Build: file:/C:/Users/Robin/Weather_appBackend/Weather_app/requestHandler/, , Project: ProjectReference(file:/C:/Users/Robin/Weather_appBackend/Weather_app/requestHandler/,root), Config: compile)))
Sending msg to client activator-ffa63df4-472c-407b-a320-fe9c6876d1a0: TaskFinished(72,5940,Some(AttributeKey[scala.collection.Seq[java.io.File]]("products") in Scope(Build: file:/C:/Users/Robin/Weather_appBackend/Weather_app/requestHandler/, , Project: ProjectReference(file:/C:/Users/Robin/Weather_appBackend/Weather_app/requestHandler/,root), Config: runtime)),true,None)
Sending msg to client activator-ffa63df4-472c-407b-a320-fe9c6876d1a0: TaskFinished(72,5870,None,true,None)
Sending msg to client activator-ffa63df4-472c-407b-a320-fe9c6876d1a0: TaskStarted(72,5869,None)
Sending msg to client activator-ffa63df4-472c-407b-a320-fe9c6876d1a0: TaskFinished(72,6027,Some(AttributeKey[scala.collection.Seq[java.io.File]]("products") in Scope(Build: file:/C:/Users/Robin/Weather_appBackend/Weather_app/requestHandler/, , Project: ProjectReference(file:/C:/Users/Robin/Weather_appBackend/Weather_app/requestHandler/,root), Config: compile)),true,None)
Sending msg to client activator-ffa63df4-472c-407b-a320-fe9c6876d1a0: TaskFinished(72,6025,None,true,None)
Sending msg to client activator-ffa63df4-472c-407b-a320-fe9c6876d1a0: TaskStarted(72,6024,None)
Sending msg to client activator-ffa63df4-472c-407b-a320-fe9c6876d1a0: TaskFinished(72,5869,None,true,None)
Sending msg to client activator-ffa63df4-472c-407b-a320-fe9c6876d1a0: TaskStarted(72,5867,Some(AttributeKey[scala.collection.Seq[sbt.Attributed[java.io.File]]]("exportedProducts") in Scope(Build: file:/C:/Users/Robin/Weather_appBackend/Weather_app/requestHandler/, , Project: ProjectReference(file:/C:/Users/Robin/Weather_appBackend/Weather_app/requestHandler/,root), Config: runtime)))
Sending msg to client activator-ffa63df4-472c-407b-a320-fe9c6876d1a0: TaskFinished(72,6024,None,true,None)
Sending msg to client activator-ffa63df4-472c-407b-a320-fe9c6876d1a0: TaskStarted(72,6023,Some(AttributeKey[scala.collection.Seq[sbt.Attributed[java.io.File]]]("exportedProducts") in Scope(Build: file:/C:/Users/Robin/Weather_appBackend/Weather_app/requestHandler/, , Project: ProjectReference(file:/C:/Users/Robin/Weather_appBackend/Weather_app/requestHandler/,root), Config: compile)))
Sending msg to client activator-ffa63df4-472c-407b-a320-fe9c6876d1a0: TaskFinished(72,5867,Some(AttributeKey[scala.collection.Seq[sbt.Attributed[java.io.File]]]("exportedProducts") in Scope(Build: file:/C:/Users/Robin/Weather_appBackend/Weather_app/requestHandler/, , Project: ProjectReference(file:/C:/Users/Robin/Weather_appBackend/Weather_app/requestHandler/,root), Config: runtime)),true,None)
Sending msg to client activator-ffa63df4-472c-407b-a320-fe9c6876d1a0: TaskFinished(72,6023,Some(AttributeKey[scala.collection.Seq[sbt.Attributed[java.io.File]]]("exportedProducts") in Scope(Build: file:/C:/Users/Robin/Weather_appBackend/Weather_app/requestHandler/, , Project: ProjectReference(file:/C:/Users/Robin/Weather_appBackend/Weather_app/requestHandler/,root), Config: compile)),true,None)
Sending msg to client activator-ffa63df4-472c-407b-a320-fe9c6876d1a0: TaskFinished(72,6009,Some(AttributeKey[scala.collection.Seq[java.io.File]]("webJarsNodeModules") in Scope(Build: file:/C:/Users/Robin/Weather_appBackend/Weather_app/requestHandler/, , Project: ProjectReference(file:/C:/Users/Robin/Weather_appBackend/Weather_app/requestHandler/,root), Config: web-plugin)),true,None)
Sending msg to client activator-ffa63df4-472c-407b-a320-fe9c6876d1a0: TaskStarted(72,6008,None)
Sending msg to client activator-ffa63df4-472c-407b-a320-fe9c6876d1a0: TaskFinished(72,6008,None,true,None)
Sending msg to client activator-ffa63df4-472c-407b-a320-fe9c6876d1a0: TaskStarted(72,6007,None)
Sending msg to client activator-ffa63df4-472c-407b-a320-fe9c6876d1a0: TaskFinished(72,6007,None,true,None)
Sending msg to client activator-ffa63df4-472c-407b-a320-fe9c6876d1a0: TaskStarted(72,6006,Some(AttributeKey[scala.collection.Seq[java.io.File]]("webNodeModules") in Scope(Build: file:/C:/Users/Robin/Weather_appBackend/Weather_app/requestHandler/, , Project: ProjectReference(file:/C:/Users/Robin/Weather_appBackend/Weather_app/requestHandler/,root), Config: web-plugin)))
Sending msg to client activator-ffa63df4-472c-407b-a320-fe9c6876d1a0: TaskFinished(72,6006,Some(AttributeKey[scala.collection.Seq[java.io.File]]("webNodeModules") in Scope(Build: file:/C:/Users/Robin/Weather_appBackend/Weather_app/requestHandler/, , Project: ProjectReference(file:/C:/Users/Robin/Weather_appBackend/Weather_app/requestHandler/,root), Config: web-plugin)),true,None)
Sending msg to client activator-ffa63df4-472c-407b-a320-fe9c6876d1a0: TaskStarted(72,6005,None)
Sending msg to client activator-ffa63df4-472c-407b-a320-fe9c6876d1a0: TaskStarted(72,6031,None)
Sending msg to client activator-ffa63df4-472c-407b-a320-fe9c6876d1a0: TaskStarted(72,6033,None)
Sending msg to client activator-ffa63df4-472c-407b-a320-fe9c6876d1a0: TaskStarted(72,6041,None)
Sending msg to client activator-ffa63df4-472c-407b-a320-fe9c6876d1a0: TaskStarted(72,6043,None)
Sending msg to client activator-ffa63df4-472c-407b-a320-fe9c6876d1a0: TaskStarted(72,6048,None)
Sending msg to client activator-ffa63df4-472c-407b-a320-fe9c6876d1a0: TaskStarted(72,6051,Some(AttributeKey[scala.Option[java.io.File]]("jshintResolvedConfig") in Scope(Build: file:/C:/Users/Robin/Weather_appBackend/Weather_app/requestHandler/, , Project: ProjectReference(file:/C:/Users/Robin/Weather_appBackend/Weather_app/requestHandler/,root))))
Sending msg to client activator-ffa63df4-472c-407b-a320-fe9c6876d1a0: TaskStarted(72,6052,None)
Sending msg to client activator-ffa63df4-472c-407b-a320-fe9c6876d1a0: TaskStarted(72,6058,None)
Sending msg to client activator-ffa63df4-472c-407b-a320-fe9c6876d1a0: TaskStarted(72,6059,Some(AttributeKey[java.lang.String]("jstaskJsOptions") in Scope(Build: file:/C:/Users/Robin/Weather_appBackend/Weather_app/requestHandler/, , Project: ProjectReference(file:/C:/Users/Robin/Weather_appBackend/Weather_app/requestHandler/,root), Config: web-assets, Task: AttributeKey[scala.collection.Seq[java.io.File]]("less"))))
Sending msg to client activator-ffa63df4-472c-407b-a320-fe9c6876d1a0: TaskStarted(72,6061,None)
Sending msg to client activator-ffa63df4-472c-407b-a320-fe9c6876d1a0: TaskStarted(72,6062,None)
Sending msg to client activator-ffa63df4-472c-407b-a320-fe9c6876d1a0: TaskStarted(72,6066,Some(AttributeKey[java.lang.String]("jstaskJsOptions") in Scope(Build: file:/C:/Users/Robin/Weather_appBackend/Weather_app/requestHandler/, , Project: ProjectReference(file:/C:/Users/Robin/Weather_appBackend/Weather_app/requestHandler/,root), Config: web-assets, Task: AttributeKey[scala.collection.Seq[java.io.File]]("coffeescript"))))
Sending msg to client activator-ffa63df4-472c-407b-a320-fe9c6876d1a0: TaskStarted(72,6068,None)
Sending msg to client activator-ffa63df4-472c-407b-a320-fe9c6876d1a0: TaskStarted(72,6073,None)
Sending msg to client activator-ffa63df4-472c-407b-a320-fe9c6876d1a0: TaskStarted(72,6074,None)
Sending msg to client activator-ffa63df4-472c-407b-a320-fe9c6876d1a0: TaskFinished(72,6041,None,true,None)
Sending msg to client activator-ffa63df4-472c-407b-a320-fe9c6876d1a0: TaskStarted(72,6040,Some(AttributeKey[sbt.LoggerReporter]("webReporter") in Scope(Build: file:/C:/Users/Robin/Weather_appBackend/Weather_app/requestHandler/, , Project: ProjectReference(file:/C:/Users/Robin/Weather_appBackend/Weather_app/requestHandler/,root))))
Sending msg to client activator-ffa63df4-472c-407b-a320-fe9c6876d1a0: TaskFinished(72,6043,None,true,None)
Sending msg to client activator-ffa63df4-472c-407b-a320-fe9c6876d1a0: TaskStarted(72,6042,Some(AttributeKey[java.io.File]("jstaskShellSource") in Scope(Build: file:/C:/Users/Robin/Weather_appBackend/Weather_app/requestHandler/, , Project: ProjectReference(file:/C:/Users/Robin/Weather_appBackend/Weather_app/requestHandler/,root), Task: AttributeKey[scala.collection.Seq[java.io.File]]("jshint"))))
Sending msg to client activator-ffa63df4-472c-407b-a320-fe9c6876d1a0: TaskFinished(72,6048,None,true,None)
Sending msg to client activator-ffa63df4-472c-407b-a320-fe9c6876d1a0: TaskStarted(72,6047,None)
Sending msg to client activator-ffa63df4-472c-407b-a320-fe9c6876d1a0: TaskFinished(72,6051,Some(AttributeKey[scala.Option[java.io.File]]("jshintResolvedConfig") in Scope(Build: file:/C:/Users/Robin/Weather_appBackend/Weather_app/requestHandler/, , Project: ProjectReference(file:/C:/Users/Robin/Weather_appBackend/Weather_app/requestHandler/,root))),true,None)
Sending msg to client activator-ffa63df4-472c-407b-a320-fe9c6876d1a0: TaskStarted(72,6050,Some(AttributeKey[java.lang.String]("jstaskJsOptions") in Scope(Build: file:/C:/Users/Robin/Weather_appBackend/Weather_app/requestHandler/, , Project: ProjectReference(file:/C:/Users/Robin/Weather_appBackend/Weather_app/requestHandler/,root), Task: AttributeKey[scala.collection.Seq[java.io.File]]("jshint"))))
Sending msg to client activator-ffa63df4-472c-407b-a320-fe9c6876d1a0: TaskFinished(72,6052,None,true,None)
Sending msg to client activator-ffa63df4-472c-407b-a320-fe9c6876d1a0: TaskFinished(72,6058,None,true,None)
Sending msg to client activator-ffa63df4-472c-407b-a320-fe9c6876d1a0: TaskStarted(72,6057,None)
Sending msg to client activator-ffa63df4-472c-407b-a320-fe9c6876d1a0: TaskFinished(72,6059,Some(AttributeKey[java.lang.String]("jstaskJsOptions") in Scope(Build: file:/C:/Users/Robin/Weather_appBackend/Weather_app/requestHandler/, , Project: ProjectReference(file:/C:/Users/Robin/Weather_appBackend/Weather_app/requestHandler/,root), Config: web-assets, Task: AttributeKey[scala.collection.Seq[java.io.File]]("less"))),true,None)
Sending msg to client activator-ffa63df4-472c-407b-a320-fe9c6876d1a0: TaskStarted(72,6060,Some(AttributeKey[com.typesafe.sbt.web.incremental.OpInputHasher[java.io.File]]("jstaskFileInputHasher") in Scope(Build: file:/C:/Users/Robin/Weather_appBackend/Weather_app/requestHandler/, , Project: ProjectReference(file:/C:/Users/Robin/Weather_appBackend/Weather_app/requestHandler/,root), Config: web-assets, Task: AttributeKey[scala.collection.Seq[java.io.File]]("less"))))
Sending msg to client activator-ffa63df4-472c-407b-a320-fe9c6876d1a0: TaskFinished(72,6062,None,true,None)
Sending msg to client activator-ffa63df4-472c-407b-a320-fe9c6876d1a0: TaskFinished(72,6061,None,true,None)
Sending msg to client activator-ffa63df4-472c-407b-a320-fe9c6876d1a0: TaskStarted(72,6063,Some(AttributeKey[java.io.File]("jstaskShellSource") in Scope(Build: file:/C:/Users/Robin/Weather_appBackend/Weather_app/requestHandler/, , Project: ProjectReference(file:/C:/Users/Robin/Weather_appBackend/Weather_app/requestHandler/,root), Task: AttributeKey[scala.collection.Seq[java.io.File]]("less"))))
Sending msg to client activator-ffa63df4-472c-407b-a320-fe9c6876d1a0: TaskFinished(72,6066,Some(AttributeKey[java.lang.String]("jstaskJsOptions") in Scope(Build: file:/C:/Users/Robin/Weather_appBackend/Weather_app/requestHandler/, , Project: ProjectReference(file:/C:/Users/Robin/Weather_appBackend/Weather_app/requestHandler/,root), Config: web-assets, Task: AttributeKey[scala.collection.Seq[java.io.File]]("coffeescript"))),true,None)
Sending msg to client activator-ffa63df4-472c-407b-a320-fe9c6876d1a0: TaskStarted(72,6065,Some(AttributeKey[com.typesafe.sbt.web.incremental.OpInputHasher[java.io.File]]("jstaskFileInputHasher") in Scope(Build: file:/C:/Users/Robin/Weather_appBackend/Weather_app/requestHandler/, , Project: ProjectReference(file:/C:/Users/Robin/Weather_appBackend/Weather_app/requestHandler/,root), Config: web-assets, Task: AttributeKey[scala.collection.Seq[java.io.File]]("coffeescript"))))
Sending msg to client activator-ffa63df4-472c-407b-a320-fe9c6876d1a0: TaskFinished(72,6068,None,true,None)
Sending msg to client activator-ffa63df4-472c-407b-a320-fe9c6876d1a0: TaskStarted(72,6067,Some(AttributeKey[java.io.File]("jstaskShellSource") in Scope(Build: file:/C:/Users/Robin/Weather_appBackend/Weather_app/requestHandler/, , Project: ProjectReference(file:/C:/Users/Robin/Weather_appBackend/Weather_app/requestHandler/,root), Task: AttributeKey[scala.collection.Seq[java.io.File]]("coffeescript"))))
Sending msg to client activator-ffa63df4-472c-407b-a320-fe9c6876d1a0: TaskFinished(72,6073,None,true,None)
Sending msg to client activator-ffa63df4-472c-407b-a320-fe9c6876d1a0: TaskStarted(72,6072,None)
Sending msg to client activator-ffa63df4-472c-407b-a320-fe9c6876d1a0: TaskFinished(72,6074,None,true,None)
Sending msg to client activator-ffa63df4-472c-407b-a320-fe9c6876d1a0: TaskFinished(72,6040,Some(AttributeKey[sbt.LoggerReporter]("webReporter") in Scope(Build: file:/C:/Users/Robin/Weather_appBackend/Weather_app/requestHandler/, , Project: ProjectReference(file:/C:/Users/Robin/Weather_appBackend/Weather_app/requestHandler/,root))),true,None)
Sending msg to client activator-ffa63df4-472c-407b-a320-fe9c6876d1a0: TaskFinished(72,6042,Some(AttributeKey[java.io.File]("jstaskShellSource") in Scope(Build: file:/C:/Users/Robin/Weather_appBackend/Weather_app/requestHandler/, , Project: ProjectReference(file:/C:/Users/Robin/Weather_appBackend/Weather_app/requestHandler/,root), Task: AttributeKey[scala.collection.Seq[java.io.File]]("jshint"))),true,None)
Sending msg to client activator-ffa63df4-472c-407b-a320-fe9c6876d1a0: TaskStarted(72,6076,None)
Sending msg to client activator-ffa63df4-472c-407b-a320-fe9c6876d1a0: TaskFinished(72,6050,Some(AttributeKey[java.lang.String]("jstaskJsOptions") in Scope(Build: file:/C:/Users/Robin/Weather_appBackend/Weather_app/requestHandler/, , Project: ProjectReference(file:/C:/Users/Robin/Weather_appBackend/Weather_app/requestHandler/,root), Task: AttributeKey[scala.collection.Seq[java.io.File]]("jshint"))),true,None)
Sending msg to client activator-ffa63df4-472c-407b-a320-fe9c6876d1a0: TaskStarted(72,6049,Some(AttributeKey[com.typesafe.sbt.web.incremental.OpInputHasher[java.io.File]]("jstaskFileInputHasher") in Scope(Build: file:/C:/Users/Robin/Weather_appBackend/Weather_app/requestHandler/, , Project: ProjectReference(file:/C:/Users/Robin/Weather_appBackend/Weather_app/requestHandler/,root), Config: web-assets, Task: AttributeKey[scala.collection.Seq[java.io.File]]("jshint"))))
Sending msg to client activator-ffa63df4-472c-407b-a320-fe9c6876d1a0: TaskStarted(72,6078,None)
Sending msg to client activator-ffa63df4-472c-407b-a320-fe9c6876d1a0: TaskFinished(72,6060,Some(AttributeKey[com.typesafe.sbt.web.incremental.OpInputHasher[java.io.File]]("jstaskFileInputHasher") in Scope(Build: file:/C:/Users/Robin/Weather_appBackend/Weather_app/requestHandler/, , Project: ProjectReference(file:/C:/Users/Robin/Weather_appBackend/Weather_app/requestHandler/,root), Config: web-assets, Task: AttributeKey[scala.collection.Seq[java.io.File]]("less"))),true,None)
Sending msg to client activator-ffa63df4-472c-407b-a320-fe9c6876d1a0: TaskFinished(72,6063,Some(AttributeKey[java.io.File]("jstaskShellSource") in Scope(Build: file:/C:/Users/Robin/Weather_appBackend/Weather_app/requestHandler/, , Project: ProjectReference(file:/C:/Users/Robin/Weather_appBackend/Weather_app/requestHandler/,root), Task: AttributeKey[scala.collection.Seq[java.io.File]]("less"))),true,None)
Sending msg to client activator-ffa63df4-472c-407b-a320-fe9c6876d1a0: TaskFinished(72,6065,Some(AttributeKey[com.typesafe.sbt.web.incremental.OpInputHasher[java.io.File]]("jstaskFileInputHasher") in Scope(Build: file:/C:/Users/Robin/Weather_appBackend/Weather_app/requestHandler/, , Project: ProjectReference(file:/C:/Users/Robin/Weather_appBackend/Weather_app/requestHandler/,root), Config: web-assets, Task: AttributeKey[scala.collection.Seq[java.io.File]]("coffeescript"))),true,None)
Sending msg to client activator-ffa63df4-472c-407b-a320-fe9c6876d1a0: TaskFinished(72,6067,Some(AttributeKey[java.io.File]("jstaskShellSource") in Scope(Build: file:/C:/Users/Robin/Weather_appBackend/Weather_app/requestHandler/, , Project: ProjectReference(file:/C:/Users/Robin/Weather_appBackend/Weather_app/requestHandler/,root), Task: AttributeKey[scala.collection.Seq[java.io.File]]("coffeescript"))),true,None)
Sending msg to client activator-ffa63df4-472c-407b-a320-fe9c6876d1a0: TaskStarted(72,6080,None)
Sending msg to client activator-ffa63df4-472c-407b-a320-fe9c6876d1a0: TaskFinished(72,6076,None,true,None)
Sending msg to client activator-ffa63df4-472c-407b-a320-fe9c6876d1a0: TaskStarted(72,6075,None)
Sending msg to client activator-ffa63df4-472c-407b-a320-fe9c6876d1a0: TaskFinished(72,6049,Some(AttributeKey[com.typesafe.sbt.web.incremental.OpInputHasher[java.io.File]]("jstaskFileInputHasher") in Scope(Build: file:/C:/Users/Robin/Weather_appBackend/Weather_app/requestHandler/, , Project: ProjectReference(file:/C:/Users/Robin/Weather_appBackend/Weather_app/requestHandler/,root), Config: web-assets, Task: AttributeKey[scala.collection.Seq[java.io.File]]("jshint"))),true,None)
Sending msg to client activator-ffa63df4-472c-407b-a320-fe9c6876d1a0: TaskFinished(72,6078,None,true,None)
Sending msg to client activator-ffa63df4-472c-407b-a320-fe9c6876d1a0: TaskStarted(72,6077,None)
Sending msg to client activator-ffa63df4-472c-407b-a320-fe9c6876d1a0: TaskFinished(72,6080,None,true,None)
Sending msg to client activator-ffa63df4-472c-407b-a320-fe9c6876d1a0: TaskStarted(72,6079,None)
Sending msg to client activator-ffa63df4-472c-407b-a320-fe9c6876d1a0: TaskFinished(72,6075,None,true,None)
Sending msg to client activator-ffa63df4-472c-407b-a320-fe9c6876d1a0: TaskFinished(72,6047,None,true,None)
Sending msg to client activator-ffa63df4-472c-407b-a320-fe9c6876d1a0: TaskStarted(72,6046,None)
Sending msg to client activator-ffa63df4-472c-407b-a320-fe9c6876d1a0: TaskFinished(72,6077,None,true,None)
Sending msg to client activator-ffa63df4-472c-407b-a320-fe9c6876d1a0: TaskFinished(72,6057,None,true,None)
Sending msg to client activator-ffa63df4-472c-407b-a320-fe9c6876d1a0: TaskStarted(72,6056,None)
Sending msg to client activator-ffa63df4-472c-407b-a320-fe9c6876d1a0: TaskFinished(72,6079,None,true,None)
Sending msg to client activator-ffa63df4-472c-407b-a320-fe9c6876d1a0: TaskFinished(72,6072,None,true,None)
Sending msg to client activator-ffa63df4-472c-407b-a320-fe9c6876d1a0: TaskStarted(72,6071,None)
Sending msg to client activator-ffa63df4-472c-407b-a320-fe9c6876d1a0: TaskFinished(72,6046,None,true,None)
Sending msg to client activator-ffa63df4-472c-407b-a320-fe9c6876d1a0: TaskStarted(72,6045,Some(AttributeKey[scala.collection.Seq[java.io.File]]("managedSources") in Scope(Build: file:/C:/Users/Robin/Weather_appBackend/Weather_app/requestHandler/, , Project: ProjectReference(file:/C:/Users/Robin/Weather_appBackend/Weather_app/requestHandler/,root), Config: web-assets, Task: AttributeKey[scala.collection.Seq[java.io.File]]("jshint"))))
Sending msg to client activator-ffa63df4-472c-407b-a320-fe9c6876d1a0: TaskFinished(72,6056,None,true,None)
Sending msg to client activator-ffa63df4-472c-407b-a320-fe9c6876d1a0: TaskStarted(72,6055,Some(AttributeKey[scala.collection.Seq[java.io.File]]("managedSources") in Scope(Build: file:/C:/Users/Robin/Weather_appBackend/Weather_app/requestHandler/, , Project: ProjectReference(file:/C:/Users/Robin/Weather_appBackend/Weather_app/requestHandler/,root), Config: web-assets, Task: AttributeKey[scala.collection.Seq[java.io.File]]("less"))))
Sending msg to client activator-ffa63df4-472c-407b-a320-fe9c6876d1a0: TaskFinished(72,6071,None,true,None)
Sending msg to client activator-ffa63df4-472c-407b-a320-fe9c6876d1a0: TaskStarted(72,6070,Some(AttributeKey[scala.collection.Seq[java.io.File]]("managedSources") in Scope(Build: file:/C:/Users/Robin/Weather_appBackend/Weather_app/requestHandler/, , Project: ProjectReference(file:/C:/Users/Robin/Weather_appBackend/Weather_app/requestHandler/,root), Config: web-assets, Task: AttributeKey[scala.collection.Seq[java.io.File]]("coffeescript"))))
Sending msg to client activator-ffa63df4-472c-407b-a320-fe9c6876d1a0: TaskFinished(72,6045,Some(AttributeKey[scala.collection.Seq[java.io.File]]("managedSources") in Scope(Build: file:/C:/Users/Robin/Weather_appBackend/Weather_app/requestHandler/, , Project: ProjectReference(file:/C:/Users/Robin/Weather_appBackend/Weather_app/requestHandler/,root), Config: web-assets, Task: AttributeKey[scala.collection.Seq[java.io.File]]("jshint"))),true,None)
Sending msg to client activator-ffa63df4-472c-407b-a320-fe9c6876d1a0: TaskStarted(72,6044,Some(AttributeKey[scala.collection.Seq[java.io.File]]("sources") in Scope(Build: file:/C:/Users/Robin/Weather_appBackend/Weather_app/requestHandler/, , Project: ProjectReference(file:/C:/Users/Robin/Weather_appBackend/Weather_app/requestHandler/,root), Config: web-assets, Task: AttributeKey[scala.collection.Seq[java.io.File]]("jshint"))))
Sending msg to client activator-ffa63df4-472c-407b-a320-fe9c6876d1a0: TaskFinished(72,6055,Some(AttributeKey[scala.collection.Seq[java.io.File]]("managedSources") in Scope(Build: file:/C:/Users/Robin/Weather_appBackend/Weather_app/requestHandler/, , Project: ProjectReference(file:/C:/Users/Robin/Weather_appBackend/Weather_app/requestHandler/,root), Config: web-assets, Task: AttributeKey[scala.collection.Seq[java.io.File]]("less"))),true,None)
Sending msg to client activator-ffa63df4-472c-407b-a320-fe9c6876d1a0: TaskStarted(72,6054,Some(AttributeKey[scala.collection.Seq[java.io.File]]("sources") in Scope(Build: file:/C:/Users/Robin/Weather_appBackend/Weather_app/requestHandler/, , Project: ProjectReference(file:/C:/Users/Robin/Weather_appBackend/Weather_app/requestHandler/,root), Config: web-assets, Task: AttributeKey[scala.collection.Seq[java.io.File]]("less"))))
Sending msg to client activator-ffa63df4-472c-407b-a320-fe9c6876d1a0: TaskFinished(72,6070,Some(AttributeKey[scala.collection.Seq[java.io.File]]("managedSources") in Scope(Build: file:/C:/Users/Robin/Weather_appBackend/Weather_app/requestHandler/, , Project: ProjectReference(file:/C:/Users/Robin/Weather_appBackend/Weather_app/requestHandler/,root), Config: web-assets, Task: AttributeKey[scala.collection.Seq[java.io.File]]("coffeescript"))),true,None)
Sending msg to client activator-ffa63df4-472c-407b-a320-fe9c6876d1a0: TaskStarted(72,6069,Some(AttributeKey[scala.collection.Seq[java.io.File]]("sources") in Scope(Build: file:/C:/Users/Robin/Weather_appBackend/Weather_app/requestHandler/, , Project: ProjectReference(file:/C:/Users/Robin/Weather_appBackend/Weather_app/requestHandler/,root), Config: web-assets, Task: AttributeKey[scala.collection.Seq[java.io.File]]("coffeescript"))))
Sending msg to client activator-ffa63df4-472c-407b-a320-fe9c6876d1a0: TaskFinished(72,6044,Some(AttributeKey[scala.collection.Seq[java.io.File]]("sources") in Scope(Build: file:/C:/Users/Robin/Weather_appBackend/Weather_app/requestHandler/, , Project: ProjectReference(file:/C:/Users/Robin/Weather_appBackend/Weather_app/requestHandler/,root), Config: web-assets, Task: AttributeKey[scala.collection.Seq[java.io.File]]("jshint"))),true,None)
Sending msg to client activator-ffa63df4-472c-407b-a320-fe9c6876d1a0: TaskStarted(72,6039,None)
Sending msg to client activator-ffa63df4-472c-407b-a320-fe9c6876d1a0: TaskFinished(72,6054,Some(AttributeKey[scala.collection.Seq[java.io.File]]("sources") in Scope(Build: file:/C:/Users/Robin/Weather_appBackend/Weather_app/requestHandler/, , Project: ProjectReference(file:/C:/Users/Robin/Weather_appBackend/Weather_app/requestHandler/,root), Config: web-assets, Task: AttributeKey[scala.collection.Seq[java.io.File]]("less"))),true,None)
Sending msg to client activator-ffa63df4-472c-407b-a320-fe9c6876d1a0: TaskStarted(72,6053,None)
Sending msg to client activator-ffa63df4-472c-407b-a320-fe9c6876d1a0: TaskFinished(72,6069,Some(AttributeKey[scala.collection.Seq[java.io.File]]("sources") in Scope(Build: file:/C:/Users/Robin/Weather_appBackend/Weather_app/requestHandler/, , Project: ProjectReference(file:/C:/Users/Robin/Weather_appBackend/Weather_app/requestHandler/,root), Config: web-assets, Task: AttributeKey[scala.collection.Seq[java.io.File]]("coffeescript"))),true,None)
Sending msg to client activator-ffa63df4-472c-407b-a320-fe9c6876d1a0: TaskStarted(72,6064,None)
Sending msg to client activator-ffa63df4-472c-407b-a320-fe9c6876d1a0: TaskFinished(72,6039,None,true,None)
Sending msg to client activator-ffa63df4-472c-407b-a320-fe9c6876d1a0: TaskFinished(72,6005,None,true,None)
Sending msg to client activator-ffa63df4-472c-407b-a320-fe9c6876d1a0: TaskStarted(72,6004,Some(AttributeKey[scala.collection.Seq[java.io.File]]("jshint") in Scope(Build: file:/C:/Users/Robin/Weather_appBackend/Weather_app/requestHandler/, , Project: ProjectReference(file:/C:/Users/Robin/Weather_appBackend/Weather_app/requestHandler/,root), Config: web-assets)))
Sending msg to client activator-ffa63df4-472c-407b-a320-fe9c6876d1a0: TaskFinished(72,6053,None,true,None)
Sending msg to client activator-ffa63df4-472c-407b-a320-fe9c6876d1a0: TaskFinished(72,6031,None,true,None)
Sending msg to client activator-ffa63df4-472c-407b-a320-fe9c6876d1a0: TaskStarted(72,6030,Some(AttributeKey[scala.collection.Seq[java.io.File]]("less") in Scope(Build: file:/C:/Users/Robin/Weather_appBackend/Weather_app/requestHandler/, , Project: ProjectReference(file:/C:/Users/Robin/Weather_appBackend/Weather_app/requestHandler/,root), Config: web-assets)))
Sending msg to client activator-ffa63df4-472c-407b-a320-fe9c6876d1a0: TaskFinished(72,6064,None,true,None)
Sending msg to client activator-ffa63df4-472c-407b-a320-fe9c6876d1a0: TaskFinished(72,6033,None,true,None)
Sending msg to client activator-ffa63df4-472c-407b-a320-fe9c6876d1a0: TaskStarted(72,6032,Some(AttributeKey[scala.collection.Seq[java.io.File]]("coffeescript") in Scope(Build: file:/C:/Users/Robin/Weather_appBackend/Weather_app/requestHandler/, , Project: ProjectReference(file:/C:/Users/Robin/Weather_appBackend/Weather_app/requestHandler/,root), Config: web-assets)))
Sending msg to client activator-ffa63df4-472c-407b-a320-fe9c6876d1a0: TaskFinished(72,6004,Some(AttributeKey[scala.collection.Seq[java.io.File]]("jshint") in Scope(Build: file:/C:/Users/Robin/Weather_appBackend/Weather_app/requestHandler/, , Project: ProjectReference(file:/C:/Users/Robin/Weather_appBackend/Weather_app/requestHandler/,root), Config: web-assets)),true,None)
Sending msg to client activator-ffa63df4-472c-407b-a320-fe9c6876d1a0: TaskFinished(72,6030,Some(AttributeKey[scala.collection.Seq[java.io.File]]("less") in Scope(Build: file:/C:/Users/Robin/Weather_appBackend/Weather_app/requestHandler/, , Project: ProjectReference(file:/C:/Users/Robin/Weather_appBackend/Weather_app/requestHandler/,root), Config: web-assets)),true,None)
Sending msg to client activator-ffa63df4-472c-407b-a320-fe9c6876d1a0: TaskFinished(72,6012,None,true,None)
Sending msg to client activator-ffa63df4-472c-407b-a320-fe9c6876d1a0: TaskStarted(72,6011,Some(AttributeKey[scala.collection.Seq[java.io.File]]("less") in Scope(Build: file:/C:/Users/Robin/Weather_appBackend/Weather_app/requestHandler/, , Project: ProjectReference(file:/C:/Users/Robin/Weather_appBackend/Weather_app/requestHandler/,root), Config: web-assets)))
Sending msg to client activator-ffa63df4-472c-407b-a320-fe9c6876d1a0: TaskFinished(72,6032,Some(AttributeKey[scala.collection.Seq[java.io.File]]("coffeescript") in Scope(Build: file:/C:/Users/Robin/Weather_appBackend/Weather_app/requestHandler/, , Project: ProjectReference(file:/C:/Users/Robin/Weather_appBackend/Weather_app/requestHandler/,root), Config: web-assets)),true,None)
Sending msg to client activator-ffa63df4-472c-407b-a320-fe9c6876d1a0: TaskFinished(72,6014,None,true,None)
Sending msg to client activator-ffa63df4-472c-407b-a320-fe9c6876d1a0: TaskStarted(72,6013,Some(AttributeKey[scala.collection.Seq[java.io.File]]("coffeescript") in Scope(Build: file:/C:/Users/Robin/Weather_appBackend/Weather_app/requestHandler/, , Project: ProjectReference(file:/C:/Users/Robin/Weather_appBackend/Weather_app/requestHandler/,root), Config: web-assets)))
Sending msg to client activator-ffa63df4-472c-407b-a320-fe9c6876d1a0: TaskFinished(72,6011,Some(AttributeKey[scala.collection.Seq[java.io.File]]("less") in Scope(Build: file:/C:/Users/Robin/Weather_appBackend/Weather_app/requestHandler/, , Project: ProjectReference(file:/C:/Users/Robin/Weather_appBackend/Weather_app/requestHandler/,root), Config: web-assets)),true,None)
Sending msg to client activator-ffa63df4-472c-407b-a320-fe9c6876d1a0: TaskFinished(72,6013,Some(AttributeKey[scala.collection.Seq[java.io.File]]("coffeescript") in Scope(Build: file:/C:/Users/Robin/Weather_appBackend/Weather_app/requestHandler/, , Project: ProjectReference(file:/C:/Users/Robin/Weather_appBackend/Weather_app/requestHandler/,root), Config: web-assets)),true,None)
Sending msg to client activator-ffa63df4-472c-407b-a320-fe9c6876d1a0: TaskStarted(72,6003,None)
Sending msg to client activator-ffa63df4-472c-407b-a320-fe9c6876d1a0: TaskFinished(72,6003,None,true,None)
Sending msg to client activator-ffa63df4-472c-407b-a320-fe9c6876d1a0: TaskStarted(72,6002,None)
Sending msg to client activator-ffa63df4-472c-407b-a320-fe9c6876d1a0: TaskFinished(72,6002,None,true,None)
Sending msg to client activator-ffa63df4-472c-407b-a320-fe9c6876d1a0: TaskStarted(72,6001,Some(AttributeKey[scala.collection.Seq[java.io.File]]("managedResources") in Scope(Build: file:/C:/Users/Robin/Weather_appBackend/Weather_app/requestHandler/, , Project: ProjectReference(file:/C:/Users/Robin/Weather_appBackend/Weather_app/requestHandler/,root), Config: web-assets)))
Sending msg to client activator-ffa63df4-472c-407b-a320-fe9c6876d1a0: TaskFinished(72,6001,Some(AttributeKey[scala.collection.Seq[java.io.File]]("managedResources") in Scope(Build: file:/C:/Users/Robin/Weather_appBackend/Weather_app/requestHandler/, , Project: ProjectReference(file:/C:/Users/Robin/Weather_appBackend/Weather_app/requestHandler/,root), Config: web-assets)),true,None)
Sending msg to client activator-ffa63df4-472c-407b-a320-fe9c6876d1a0: TaskStarted(72,6000,Some(AttributeKey[scala.collection.Seq[java.io.File]]("resources") in Scope(Build: file:/C:/Users/Robin/Weather_appBackend/Weather_app/requestHandler/, , Project: ProjectReference(file:/C:/Users/Robin/Weather_appBackend/Weather_app/requestHandler/,root), Config: web-assets)))
Sending msg to client activator-ffa63df4-472c-407b-a320-fe9c6876d1a0: TaskFinished(72,6000,Some(AttributeKey[scala.collection.Seq[java.io.File]]("resources") in Scope(Build: file:/C:/Users/Robin/Weather_appBackend/Weather_app/requestHandler/, , Project: ProjectReference(file:/C:/Users/Robin/Weather_appBackend/Weather_app/requestHandler/,root), Config: web-assets)),true,None)
Sending msg to client activator-ffa63df4-472c-407b-a320-fe9c6876d1a0: TaskStarted(72,5999,Some(AttributeKey[scala.collection.Seq[scala.Tuple2[java.io.File,java.lang.String]]]("mappings") in Scope(Build: file:/C:/Users/Robin/Weather_appBackend/Weather_app/requestHandler/, , Project: ProjectReference(file:/C:/Users/Robin/Weather_appBackend/Weather_app/requestHandler/,root), Config: web-assets, Task: AttributeKey[scala.collection.Seq[java.io.File]]("resources"))))
Sending msg to client activator-ffa63df4-472c-407b-a320-fe9c6876d1a0: TaskFinished(72,5999,Some(AttributeKey[scala.collection.Seq[scala.Tuple2[java.io.File,java.lang.String]]]("mappings") in Scope(Build: file:/C:/Users/Robin/Weather_appBackend/Weather_app/requestHandler/, , Project: ProjectReference(file:/C:/Users/Robin/Weather_appBackend/Weather_app/requestHandler/,root), Config: web-assets, Task: AttributeKey[scala.collection.Seq[java.io.File]]("resources"))),true,None)
Sending msg to client activator-ffa63df4-472c-407b-a320-fe9c6876d1a0: TaskStarted(72,5987,Some(AttributeKey[scala.collection.Seq[scala.Tuple2[java.io.File,java.lang.String]]]("mappings") in Scope(Build: file:/C:/Users/Robin/Weather_appBackend/Weather_app/requestHandler/, , Project: ProjectReference(file:/C:/Users/Robin/Weather_appBackend/Weather_app/requestHandler/,root), Config: web-assets)))
Sending msg to client activator-ffa63df4-472c-407b-a320-fe9c6876d1a0: TaskFinished(72,5987,Some(AttributeKey[scala.collection.Seq[scala.Tuple2[java.io.File,java.lang.String]]]("mappings") in Scope(Build: file:/C:/Users/Robin/Weather_appBackend/Weather_app/requestHandler/, , Project: ProjectReference(file:/C:/Users/Robin/Weather_appBackend/Weather_app/requestHandler/,root), Config: web-assets)),true,None)
Sending msg to client activator-ffa63df4-472c-407b-a320-fe9c6876d1a0: TaskStarted(72,5984,Some(AttributeKey[scala.collection.Seq[scala.Tuple2[java.io.File,java.lang.String]]]("mappings") in Scope(Build: file:/C:/Users/Robin/Weather_appBackend/Weather_app/requestHandler/, , Project: ProjectReference(file:/C:/Users/Robin/Weather_appBackend/Weather_app/requestHandler/,root), Config: web-assets)))
Sending msg to client activator-ffa63df4-472c-407b-a320-fe9c6876d1a0: TaskFinished(72,5984,Some(AttributeKey[scala.collection.Seq[scala.Tuple2[java.io.File,java.lang.String]]]("mappings") in Scope(Build: file:/C:/Users/Robin/Weather_appBackend/Weather_app/requestHandler/, , Project: ProjectReference(file:/C:/Users/Robin/Weather_appBackend/Weather_app/requestHandler/,root), Config: web-assets)),true,None)
Sending msg to client activator-ffa63df4-472c-407b-a320-fe9c6876d1a0: TaskStarted(72,5982,Some(AttributeKey[scala.collection.Seq[scala.Tuple2[java.io.File,java.lang.String]]]("mappings") in Scope(Build: file:/C:/Users/Robin/Weather_appBackend/Weather_app/requestHandler/, , Project: ProjectReference(file:/C:/Users/Robin/Weather_appBackend/Weather_app/requestHandler/,root), Config: web-assets)))
Sending msg to client activator-ffa63df4-472c-407b-a320-fe9c6876d1a0: TaskFinished(72,5982,Some(AttributeKey[scala.collection.Seq[scala.Tuple2[java.io.File,java.lang.String]]]("mappings") in Scope(Build: file:/C:/Users/Robin/Weather_appBackend/Weather_app/requestHandler/, , Project: ProjectReference(file:/C:/Users/Robin/Weather_appBackend/Weather_app/requestHandler/,root), Config: web-assets)),true,None)
Sending msg to client activator-ffa63df4-472c-407b-a320-fe9c6876d1a0: TaskStarted(72,5981,Some(AttributeKey[scala.collection.Seq[scala.Tuple2[java.io.File,java.lang.String]]]("webExportedMappings") in Scope(Build: file:/C:/Users/Robin/Weather_appBackend/Weather_app/requestHandler/, , Project: ProjectReference(file:/C:/Users/Robin/Weather_appBackend/Weather_app/requestHandler/,root), Config: web-assets)))
Sending msg to client activator-ffa63df4-472c-407b-a320-fe9c6876d1a0: TaskStarted(72,6037,Some(AttributeKey[java.io.File]("assets") in Scope(Build: file:/C:/Users/Robin/Weather_appBackend/Weather_app/requestHandler/, , Project: ProjectReference(file:/C:/Users/Robin/Weather_appBackend/Weather_app/requestHandler/,root), Config: web-assets)))
Sending msg to client activator-ffa63df4-472c-407b-a320-fe9c6876d1a0: TaskFinished(72,5981,Some(AttributeKey[scala.collection.Seq[scala.Tuple2[java.io.File,java.lang.String]]]("webExportedMappings") in Scope(Build: file:/C:/Users/Robin/Weather_appBackend/Weather_app/requestHandler/, , Project: ProjectReference(file:/C:/Users/Robin/Weather_appBackend/Weather_app/requestHandler/,root), Config: web-assets)),true,None)
Sending msg to client activator-ffa63df4-472c-407b-a320-fe9c6876d1a0: TaskStarted(72,5980,Some(AttributeKey[java.io.File]("webExportedDirectory") in Scope(Build: file:/C:/Users/Robin/Weather_appBackend/Weather_app/requestHandler/, , Project: ProjectReference(file:/C:/Users/Robin/Weather_appBackend/Weather_app/requestHandler/,root), Config: web-assets)))
Sending msg to client activator-ffa63df4-472c-407b-a320-fe9c6876d1a0: TaskFinished(72,6037,Some(AttributeKey[java.io.File]("assets") in Scope(Build: file:/C:/Users/Robin/Weather_appBackend/Weather_app/requestHandler/, , Project: ProjectReference(file:/C:/Users/Robin/Weather_appBackend/Weather_app/requestHandler/,root), Config: web-assets)),true,None)
Sending msg to client activator-ffa63df4-472c-407b-a320-fe9c6876d1a0: TaskStarted(72,6036,None)
Sending msg to client activator-ffa63df4-472c-407b-a320-fe9c6876d1a0: TaskFinished(72,5980,Some(AttributeKey[java.io.File]("webExportedDirectory") in Scope(Build: file:/C:/Users/Robin/Weather_appBackend/Weather_app/requestHandler/, , Project: ProjectReference(file:/C:/Users/Robin/Weather_appBackend/Weather_app/requestHandler/,root), Config: web-assets)),true,None)
Sending msg to client activator-ffa63df4-472c-407b-a320-fe9c6876d1a0: TaskStarted(72,5979,Some(AttributeKey[scala.collection.Seq[sbt.Attributed[java.io.File]]]("exportedProducts") in Scope(Build: file:/C:/Users/Robin/Weather_appBackend/Weather_app/requestHandler/, , Project: ProjectReference(file:/C:/Users/Robin/Weather_appBackend/Weather_app/requestHandler/,root), Config: web-assets)))
Sending msg to client activator-ffa63df4-472c-407b-a320-fe9c6876d1a0: TaskFinished(72,6036,None,true,None)
Sending msg to client activator-ffa63df4-472c-407b-a320-fe9c6876d1a0: TaskStarted(72,6035,Some(AttributeKey[sbt.inc.Analysis]("playAssetsWithCompilation") in Scope(Build: file:/C:/Users/Robin/Weather_appBackend/Weather_app/requestHandler/, , Project: ProjectReference(file:/C:/Users/Robin/Weather_appBackend/Weather_app/requestHandler/,root))))
Sending msg to client activator-ffa63df4-472c-407b-a320-fe9c6876d1a0: TaskFinished(72,5979,Some(AttributeKey[scala.collection.Seq[sbt.Attributed[java.io.File]]]("exportedProducts") in Scope(Build: file:/C:/Users/Robin/Weather_appBackend/Weather_app/requestHandler/, , Project: ProjectReference(file:/C:/Users/Robin/Weather_appBackend/Weather_app/requestHandler/,root), Config: web-assets)),true,None)
Sending msg to client activator-ffa63df4-472c-407b-a320-fe9c6876d1a0: TaskStarted(72,5978,None)
Sending msg to client activator-ffa63df4-472c-407b-a320-fe9c6876d1a0: TaskFinished(72,6035,Some(AttributeKey[sbt.inc.Analysis]("playAssetsWithCompilation") in Scope(Build: file:/C:/Users/Robin/Weather_appBackend/Weather_app/requestHandler/, , Project: ProjectReference(file:/C:/Users/Robin/Weather_appBackend/Weather_app/requestHandler/,root))),true,None)
Sending msg to client activator-ffa63df4-472c-407b-a320-fe9c6876d1a0: TaskStarted(72,6034,None)
Sending msg to client activator-ffa63df4-472c-407b-a320-fe9c6876d1a0: TaskFinished(72,5978,None,true,None)
Sending msg to client activator-ffa63df4-472c-407b-a320-fe9c6876d1a0: TaskStarted(72,5977,None)
Sending msg to client activator-ffa63df4-472c-407b-a320-fe9c6876d1a0: TaskFinished(72,6034,None,true,None)
Sending msg to client activator-ffa63df4-472c-407b-a320-fe9c6876d1a0: TaskFinished(72,5964,None,true,None)
Sending msg to client activator-ffa63df4-472c-407b-a320-fe9c6876d1a0: TaskStarted(72,5963,None)
Sending msg to client activator-ffa63df4-472c-407b-a320-fe9c6876d1a0: TaskFinished(72,5977,None,true,None)
Sending msg to client activator-ffa63df4-472c-407b-a320-fe9c6876d1a0: TaskStarted(72,5976,Some(AttributeKey[scala.collection.Seq[sbt.Attributed[java.io.File]]]("exportedProducts") in Scope(Build: file:/C:/Users/Robin/Weather_appBackend/Weather_app/requestHandler/, , Project: ProjectReference(file:/C:/Users/Robin/Weather_appBackend/Weather_app/requestHandler/,root), Config: compile)))
Sending msg to client activator-ffa63df4-472c-407b-a320-fe9c6876d1a0: TaskFinished(72,5963,None,true,None)
Sending msg to client activator-ffa63df4-472c-407b-a320-fe9c6876d1a0: TaskFinished(72,5938,Some(AttributeKey[scala.collection.Seq[sbt.inc.Analysis]]("playCompileEverything") in Scope(Build: file:/C:/Users/Robin/Weather_appBackend/Weather_app/requestHandler/, , Project: ProjectReference(file:/C:/Users/Robin/Weather_appBackend/Weather_app/requestHandler/,root))),true,None)
Sending msg to client activator-ffa63df4-472c-407b-a320-fe9c6876d1a0: TaskStarted(72,5937,Some(AttributeKey[sbt.inc.Analysis]("playReload") in Scope(Build: file:/C:/Users/Robin/Weather_appBackend/Weather_app/requestHandler/, , Project: ProjectReference(file:/C:/Users/Robin/Weather_appBackend/Weather_app/requestHandler/,root))))
Sending msg to client activator-ffa63df4-472c-407b-a320-fe9c6876d1a0: TaskFinished(72,5976,Some(AttributeKey[scala.collection.Seq[sbt.Attributed[java.io.File]]]("exportedProducts") in Scope(Build: file:/C:/Users/Robin/Weather_appBackend/Weather_app/requestHandler/, , Project: ProjectReference(file:/C:/Users/Robin/Weather_appBackend/Weather_app/requestHandler/,root), Config: compile)),true,None)
Sending msg to client activator-ffa63df4-472c-407b-a320-fe9c6876d1a0: TaskStarted(72,5974,None)
Sending msg to client activator-ffa63df4-472c-407b-a320-fe9c6876d1a0: TaskFinished(72,5937,Some(AttributeKey[sbt.inc.Analysis]("playReload") in Scope(Build: file:/C:/Users/Robin/Weather_appBackend/Weather_app/requestHandler/, , Project: ProjectReference(file:/C:/Users/Robin/Weather_appBackend/Weather_app/requestHandler/,root))),true,None)
Sending msg to client activator-ffa63df4-472c-407b-a320-fe9c6876d1a0: TaskStarted(72,5936,None)
Sending msg to client activator-ffa63df4-472c-407b-a320-fe9c6876d1a0: TaskFinished(72,5974,None,true,None)
Sending msg to client activator-ffa63df4-472c-407b-a320-fe9c6876d1a0: TaskStarted(72,5973,None)
Sending msg to client activator-ffa63df4-472c-407b-a320-fe9c6876d1a0: TaskFinished(72,5936,None,true,None)
Sending msg to client activator-ffa63df4-472c-407b-a320-fe9c6876d1a0: TaskFinished(72,5973,None,true,None)
Sending msg to client activator-ffa63df4-472c-407b-a320-fe9c6876d1a0: TaskFinished(72,5829,None,true,None)
Sending msg to client activator-ffa63df4-472c-407b-a320-fe9c6876d1a0: TaskStarted(72,5826,Some(AttributeKey[scala.collection.Seq[sbt.Attributed[java.io.File]]]("internalDependencyClasspath") in Scope(Build: file:/C:/Users/Robin/Weather_appBackend/Weather_app/requestHandler/, , Project: ProjectReference(file:/C:/Users/Robin/Weather_appBackend/Weather_app/requestHandler/,root), Config: runtime)))
Sending msg to client activator-ffa63df4-472c-407b-a320-fe9c6876d1a0: TaskFinished(72,5826,Some(AttributeKey[scala.collection.Seq[sbt.Attributed[java.io.File]]]("internalDependencyClasspath") in Scope(Build: file:/C:/Users/Robin/Weather_appBackend/Weather_app/requestHandler/, , Project: ProjectReference(file:/C:/Users/Robin/Weather_appBackend/Weather_app/requestHandler/,root), Config: runtime)),true,None)
Sending msg to client activator-ffa63df4-472c-407b-a320-fe9c6876d1a0: TaskStarted(72,5825,Some(AttributeKey[scala.collection.Seq[sbt.Attributed[java.io.File]]]("playReloaderClasspath") in Scope(Build: file:/C:/Users/Robin/Weather_appBackend/Weather_app/requestHandler/, , Project: ProjectReference(file:/C:/Users/Robin/Weather_appBackend/Weather_app/requestHandler/,root))))
Sending msg to client activator-ffa63df4-472c-407b-a320-fe9c6876d1a0: TaskFinished(72,5825,Some(AttributeKey[scala.collection.Seq[sbt.Attributed[java.io.File]]]("playReloaderClasspath") in Scope(Build: file:/C:/Users/Robin/Weather_appBackend/Weather_app/requestHandler/, , Project: ProjectReference(file:/C:/Users/Robin/Weather_appBackend/Weather_app/requestHandler/,root))),true,None)
Sending msg to client activator-ffa63df4-472c-407b-a320-fe9c6876d1a0: TaskStarted(72,5824,Some(AttributeKey[scala.collection.Seq[sbt.Attributed[java.io.File]]]("playReloaderClasspath") in Scope(Build: file:/C:/Users/Robin/Weather_appBackend/Weather_app/requestHandler/, , Project: ProjectReference(file:/C:/Users/Robin/Weather_appBackend/Weather_app/requestHandler/,root))))
Sending msg to client activator-ffa63df4-472c-407b-a320-fe9c6876d1a0: TaskFinished(72,5824,Some(AttributeKey[scala.collection.Seq[sbt.Attributed[java.io.File]]]("playReloaderClasspath") in Scope(Build: file:/C:/Users/Robin/Weather_appBackend/Weather_app/requestHandler/, , Project: ProjectReference(file:/C:/Users/Robin/Weather_appBackend/Weather_app/requestHandler/,root))),true,None)
Sending msg to client activator-ffa63df4-472c-407b-a320-fe9c6876d1a0: TaskStarted(72,5823,None)
Sending msg to client activator-ffa63df4-472c-407b-a320-fe9c6876d1a0: TaskFinished(72,5823,None,true,None)
Sending msg to client activator-ffa63df4-472c-407b-a320-fe9c6876d1a0: TaskStarted(72,5822,Some(AttributeKey[play.runsupport.Reloader$CompileResult]("playForkReload") in Scope(Build: file:/C:/Users/Robin/Weather_appBackend/Weather_app/requestHandler/, , Project: ProjectReference(file:/C:/Users/Robin/Weather_appBackend/Weather_app/requestHandler/,root))))
Sending msg to client activator-ffa63df4-472c-407b-a320-fe9c6876d1a0: TaskFinished(72,5822,Some(AttributeKey[play.runsupport.Reloader$CompileResult]("playForkReload") in Scope(Build: file:/C:/Users/Robin/Weather_appBackend/Weather_app/requestHandler/, , Project: ProjectReference(file:/C:/Users/Robin/Weather_appBackend/Weather_app/requestHandler/,root))),true,None)
Sending msg to client activator-ffa63df4-472c-407b-a320-fe9c6876d1a0: TaskStarted(72,5821,None)
Sending msg to client activator-ffa63df4-472c-407b-a320-fe9c6876d1a0: TaskFinished(72,5821,None,true,None)
Sending msg to client activator-ffa63df4-472c-407b-a320-fe9c6876d1a0: TaskStarted(72,5820,None)
Sending msg to client activator-ffa63df4-472c-407b-a320-fe9c6876d1a0: TaskFinished(72,5820,None,true,None)
Sending msg to client activator-ffa63df4-472c-407b-a320-fe9c6876d1a0: DetachedLogEvent(LogMessage(debug,cancel strategy finish enabled=false lastCommand=Some(LastCommand(CommandExecutionWork(ExecutionId(72),{file:/C:/Users/Robin/Weather_appBackend/Weather_app/requestHandler/}root/*:playForkReload,Set(LiveClient(play-fork-run 71a3e885-3e0a-4c2f-97be-d6bffd22c939)),sbt.server.WorkCancellationStatus$$anon$1@2129db1a)))))
Sending msg to client activator-ffa63df4-472c-407b-a320-fe9c6876d1a0: DetachedLogEvent(LogSuccess(Total time: 5 s, completed 30-sep-2015 12:37:36))
Sending msg to client activator-ffa63df4-472c-407b-a320-fe9c6876d1a0: DetachedLogEvent(LogMessage(debug,> server-post-command-cleanup))
Sending msg to client activator-ffa63df4-472c-407b-a320-fe9c6876d1a0: ExecutionSuccess(72)
Sending msg to client activator-ffa63df4-472c-407b-a320-fe9c6876d1a0: DetachedLogEvent(LogMessage(debug,> server-handle-next-server-request))
Sending msg to client activator-ffa63df4-472c-407b-a320-fe9c6876d1a0: BackgroundJobLogEvent(10,LogMessage(error,ERROR StatusLogger No log4j2 configuration file found. Using default configuration: logging only errors to the console.))
Sending msg to client activator-ffa63df4-472c-407b-a320-fe9c6876d1a0: BackgroundJobLogEvent(10,LogMessage(info,- play.api.Play - Application started (Dev)))
Sending msg to client activator-ffa63df4-472c-407b-a320-fe9c6876d1a0: BackgroundJobLogEvent(10,LogMessage(info,Succesfully inserted the document with result: reactivemongo.api.commands.DefaultWriteResult: DatabaseException['<none>']))
Sending msg to client activator-ffa63df4-472c-407b-a320-fe9c6876d1a0: BackgroundJobLogEvent(10,LogMessage(info,12:46:21.194 [reactivemongo-akka.actor.default-dispatcher-6] ERROR reactivemongo.core.actors.MongoDBSystem - The entire node set is unreachable, is there a network problem?))
