New log file opened at Tue Sep 29 00:08:05 CEST 2015 by 6788@Toshiba-Robin
Sending msg to client play-fork-run-6d1ce967-658f-4b25-8f7f-f18bc9c0bf6b: DetachedLogEvent(LogMessage(debug,sbt server socket logs are in: C:\Users\Robin\Weather_appBackend\Weather_app\requestHandler\.sbtserver\connections\master.log))
Sending msg to client play-fork-run-6d1ce967-658f-4b25-8f7f-f18bc9c0bf6b: DetachedLogEvent(LogMessage(debug,sbt general server logs are in: C:\Users\Robin\Weather_appBackend\Weather_app\requestHandler\.sbtserver\master.log))
Sending msg to client play-fork-run-6d1ce967-658f-4b25-8f7f-f18bc9c0bf6b: DetachedLogEvent(LogMessage(debug,sbt client logs are in: C:\Users\Robin\Weather_appBackend\Weather_app\requestHandler\.sbtserver\connections\play-fork-run-6d1ce967-658f-4b25-8f7f-f18bc9c0bf6b.log))
Reading next message from client.
Got request: DaemonRequest(true)
Reading next message from client.
Sending msg to client play-fork-run-6d1ce967-658f-4b25-8f7f-f18bc9c0bf6b: (3,ReceivedResponse())
Got request: ListenToEvents()
Reading next message from client.
Sending msg to client play-fork-run-6d1ce967-658f-4b25-8f7f-f18bc9c0bf6b: BackgroundJobStarted(71,BackgroundJobInfo(1,backgroundRun,AttributeKey[sbt.BackgroundJobHandle]("backgroundRun") in Scope(Build: file:/C:/Users/Robin/Weather_appBackend/Weather_app/requestHandler/, , Project: ProjectReference(file:/C:/Users/Robin/Weather_appBackend/Weather_app/requestHandler/,root), Config: compile)))
Sending msg to client play-fork-run-6d1ce967-658f-4b25-8f7f-f18bc9c0bf6b: BackgroundJobStarted(25,BackgroundJobInfo(1,backgroundRun,AttributeKey[sbt.BackgroundJobHandle]("backgroundRun") in Scope(Build: file:/C:/Users/Robin/Weather_appBackend/Weather_app/requestHandler/, , Project: ProjectReference(file:/C:/Users/Robin/Weather_appBackend/Weather_app/requestHandler/,root), Config: compile)))
Sending msg to client play-fork-run-6d1ce967-658f-4b25-8f7f-f18bc9c0bf6b: (4,ReceivedResponse())
Got request: KeyLookupRequest(root/playForkConfig)
Reading next message from client.
Sending msg to client play-fork-run-6d1ce967-658f-4b25-8f7f-f18bc9c0bf6b: (5,KeyLookupResponse(root/playForkConfig,Vector(AttributeKey[play.forkrun.protocol.ForkConfig]("playForkConfig") in Scope(Build: file:/C:/Users/Robin/Weather_appBackend/Weather_app/requestHandler/, , Project: ProjectReference(file:/C:/Users/Robin/Weather_appBackend/Weather_app/requestHandler/,root)))))
Got request: ListenToValue(AttributeKey[play.forkrun.protocol.ForkConfig]("playForkConfig") in Scope(Build: file:/C:/Users/Robin/Weather_appBackend/Weather_app/requestHandler/, , Project: ProjectReference(file:/C:/Users/Robin/Weather_appBackend/Weather_app/requestHandler/,root)))
Reading next message from client.
Sending msg to client play-fork-run-6d1ce967-658f-4b25-8f7f-f18bc9c0bf6b: (6,ReceivedResponse())
Got request: KeyExecutionRequest(AttributeKey[play.forkrun.protocol.ForkConfig]("playForkConfig") in Scope(Build: file:/C:/Users/Robin/Weather_appBackend/Weather_app/requestHandler/, , Project: ProjectReference(file:/C:/Users/Robin/Weather_appBackend/Weather_app/requestHandler/,root)))
Reading next message from client.
Sending msg to client play-fork-run-6d1ce967-658f-4b25-8f7f-f18bc9c0bf6b: (7,ExecutionRequestReceived(72))
Sending msg to client play-fork-run-6d1ce967-658f-4b25-8f7f-f18bc9c0bf6b: ExecutionWaiting(72,{file:/C:/Users/Robin/Weather_appBackend/Weather_app/requestHandler/}root/*:playForkConfig,ClientInfo(6d1ce967-658f-4b25-8f7f-f18bc9c0bf6b,play-fork-run,Play Fork Run,1,Vector()))
Sending msg to client play-fork-run-6d1ce967-658f-4b25-8f7f-f18bc9c0bf6b: ExecutionStarting(72)
Sending msg to client play-fork-run-6d1ce967-658f-4b25-8f7f-f18bc9c0bf6b: DetachedLogEvent(LogMessage(debug,> {file:/C:/Users/Robin/Weather_appBackend/Weather_app/requestHandler/}root/*:playForkConfig))
Sending msg to client play-fork-run-6d1ce967-658f-4b25-8f7f-f18bc9c0bf6b: DetachedLogEvent(LogMessage(debug,Evaluating tasks: *:playForkConfig))
Sending msg to client play-fork-run-6d1ce967-658f-4b25-8f7f-f18bc9c0bf6b: DetachedLogEvent(LogMessage(debug,Running task... Cancel: sbt.server.ServerTaskCancellation@70eeaef0, check cycles: false))
Sending msg to client play-fork-run-6d1ce967-658f-4b25-8f7f-f18bc9c0bf6b: DetachedLogEvent(LogMessage(debug,cancel strategy start enabled=true lastCommand=Some(LastCommand(CommandExecutionWork(ExecutionId(72),{file:/C:/Users/Robin/Weather_appBackend/Weather_app/requestHandler/}root/*:playForkConfig,Set(LiveClient(play-fork-run 6d1ce967-658f-4b25-8f7f-f18bc9c0bf6b)),sbt.server.WorkCancellationStatus$$anon$1@131d658e)))))
Sending msg to client play-fork-run-6d1ce967-658f-4b25-8f7f-f18bc9c0bf6b: TaskStarted(72,9825,None)
Sending msg to client play-fork-run-6d1ce967-658f-4b25-8f7f-f18bc9c0bf6b: TaskStarted(72,9829,None)
Sending msg to client play-fork-run-6d1ce967-658f-4b25-8f7f-f18bc9c0bf6b: TaskStarted(72,9830,None)
Sending msg to client play-fork-run-6d1ce967-658f-4b25-8f7f-f18bc9c0bf6b: TaskStarted(72,9837,None)
Sending msg to client play-fork-run-6d1ce967-658f-4b25-8f7f-f18bc9c0bf6b: TaskStarted(72,9838,Some(AttributeKey[scala.collection.Seq[sbt.Credentials]]("credentials") in Scope(Global)))
Sending msg to client play-fork-run-6d1ce967-658f-4b25-8f7f-f18bc9c0bf6b: TaskStarted(72,9844,Some(AttributeKey[scala.collection.Seq[sbt.Resolver]]("externalResolvers") in Scope(Build: file:/C:/Users/Robin/Weather_appBackend/Weather_app/requestHandler/, , Project: ProjectReference(file:/C:/Users/Robin/Weather_appBackend/Weather_app/requestHandler/,root))))
Sending msg to client play-fork-run-6d1ce967-658f-4b25-8f7f-f18bc9c0bf6b: TaskStarted(72,9845,Some(AttributeKey[scala.Option[scala.collection.Seq[sbt.Resolver]]]("bootResolvers") in Scope(Build: file:/C:/Users/Robin/Weather_appBackend/Weather_app/requestHandler/, , Project: ProjectReference(file:/C:/Users/Robin/Weather_appBackend/Weather_app/requestHandler/,root))))
Sending msg to client play-fork-run-6d1ce967-658f-4b25-8f7f-f18bc9c0bf6b: TaskStarted(72,9847,Some(AttributeKey[boolean]("skip") in Scope(Global)))
Sending msg to client play-fork-run-6d1ce967-658f-4b25-8f7f-f18bc9c0bf6b: TaskStarted(72,9851,Some(AttributeKey[java.lang.String]("updateCacheName") in Scope(Build: file:/C:/Users/Robin/Weather_appBackend/Weather_app/requestHandler/, , Project: ProjectReference(file:/C:/Users/Robin/Weather_appBackend/Weather_app/requestHandler/,root))))
Sending msg to client play-fork-run-6d1ce967-658f-4b25-8f7f-f18bc9c0bf6b: TaskStarted(72,9853,None)
Sending msg to client play-fork-run-6d1ce967-658f-4b25-8f7f-f18bc9c0bf6b: TaskStarted(72,9854,None)
Sending msg to client play-fork-run-6d1ce967-658f-4b25-8f7f-f18bc9c0bf6b: TaskStarted(72,9857,Some(AttributeKey[scala.Option[java.lang.String]]("mainClass") in Scope(Build: file:/C:/Users/Robin/Weather_appBackend/Weather_app/requestHandler/, , Project: ProjectReference(file:/C:/Users/Robin/Weather_appBackend/Weather_app/requestHandler/,root), Config: compile, Task: AttributeKey[void]("run"))))
Sending msg to client play-fork-run-6d1ce967-658f-4b25-8f7f-f18bc9c0bf6b: TaskStarted(72,9868,None)
Sending msg to client play-fork-run-6d1ce967-658f-4b25-8f7f-f18bc9c0bf6b: TaskStarted(72,9872,Some(AttributeKey[scala.Tuple2[java.lang.String,java.io.File]]("playPrefixAndAssets") in Scope(Build: file:/C:/Users/Robin/Weather_appBackend/Weather_app/requestHandler/, , Project: ProjectReference(file:/C:/Users/Robin/Weather_appBackend/Weather_app/requestHandler/,root))))
Sending msg to client play-fork-run-6d1ce967-658f-4b25-8f7f-f18bc9c0bf6b: TaskStarted(72,9873,Some(AttributeKey[scala.collection.Seq[java.lang.String]]("javaOptions") in Scope(Global)))
Sending msg to client play-fork-run-6d1ce967-658f-4b25-8f7f-f18bc9c0bf6b: TaskStarted(72,9875,None)
Sending msg to client play-fork-run-6d1ce967-658f-4b25-8f7f-f18bc9c0bf6b: TaskFinished(72,9825,None,true,None)
Sending msg to client play-fork-run-6d1ce967-658f-4b25-8f7f-f18bc9c0bf6b: TaskFinished(72,9829,None,true,None)
Sending msg to client play-fork-run-6d1ce967-658f-4b25-8f7f-f18bc9c0bf6b: TaskStarted(72,9828,Some(AttributeKey[sbt.BuildStructure]("buildStructure") in Scope(Global)))
Sending msg to client play-fork-run-6d1ce967-658f-4b25-8f7f-f18bc9c0bf6b: TaskStarted(72,9855,Some(AttributeKey[java.io.File]("dependencyCacheDirectory") in Scope(Build: file:/C:/Users/Robin/Weather_appBackend/Weather_app/requestHandler/, , Project: ProjectReference(file:/C:/Users/Robin/Weather_appBackend/Weather_app/requestHandler/,root))))
Sending msg to client play-fork-run-6d1ce967-658f-4b25-8f7f-f18bc9c0bf6b: TaskFinished(72,9837,None,true,None)
Sending msg to client play-fork-run-6d1ce967-658f-4b25-8f7f-f18bc9c0bf6b: TaskStarted(72,9836,None)
Sending msg to client play-fork-run-6d1ce967-658f-4b25-8f7f-f18bc9c0bf6b: TaskStarted(72,9843,None)
Sending msg to client play-fork-run-6d1ce967-658f-4b25-8f7f-f18bc9c0bf6b: TaskStarted(72,9846,None)
Sending msg to client play-fork-run-6d1ce967-658f-4b25-8f7f-f18bc9c0bf6b: TaskStarted(72,9850,None)
Sending msg to client play-fork-run-6d1ce967-658f-4b25-8f7f-f18bc9c0bf6b: TaskStarted(72,9856,None)
Sending msg to client play-fork-run-6d1ce967-658f-4b25-8f7f-f18bc9c0bf6b: TaskStarted(72,9862,None)
Sending msg to client play-fork-run-6d1ce967-658f-4b25-8f7f-f18bc9c0bf6b: TaskStarted(72,9869,None)
Sending msg to client play-fork-run-6d1ce967-658f-4b25-8f7f-f18bc9c0bf6b: TaskStarted(72,9870,None)
Sending msg to client play-fork-run-6d1ce967-658f-4b25-8f7f-f18bc9c0bf6b: TaskFinished(72,9838,Some(AttributeKey[scala.collection.Seq[sbt.Credentials]]("credentials") in Scope(Global)),true,None)
Sending msg to client play-fork-run-6d1ce967-658f-4b25-8f7f-f18bc9c0bf6b: TaskFinished(72,9844,Some(AttributeKey[scala.collection.Seq[sbt.Resolver]]("externalResolvers") in Scope(Build: file:/C:/Users/Robin/Weather_appBackend/Weather_app/requestHandler/, , Project: ProjectReference(file:/C:/Users/Robin/Weather_appBackend/Weather_app/requestHandler/,root))),true,None)
Sending msg to client play-fork-run-6d1ce967-658f-4b25-8f7f-f18bc9c0bf6b: TaskFinished(72,9845,Some(AttributeKey[scala.Option[scala.collection.Seq[sbt.Resolver]]]("bootResolvers") in Scope(Build: file:/C:/Users/Robin/Weather_appBackend/Weather_app/requestHandler/, , Project: ProjectReference(file:/C:/Users/Robin/Weather_appBackend/Weather_app/requestHandler/,root))),true,None)
Sending msg to client play-fork-run-6d1ce967-658f-4b25-8f7f-f18bc9c0bf6b: TaskFinished(72,9847,Some(AttributeKey[boolean]("skip") in Scope(Global)),true,None)
Sending msg to client play-fork-run-6d1ce967-658f-4b25-8f7f-f18bc9c0bf6b: TaskFinished(72,9851,Some(AttributeKey[java.lang.String]("updateCacheName") in Scope(Build: file:/C:/Users/Robin/Weather_appBackend/Weather_app/requestHandler/, , Project: ProjectReference(file:/C:/Users/Robin/Weather_appBackend/Weather_app/requestHandler/,root))),true,None)
Sending msg to client play-fork-run-6d1ce967-658f-4b25-8f7f-f18bc9c0bf6b: TaskFinished(72,9853,None,true,None)
Sending msg to client play-fork-run-6d1ce967-658f-4b25-8f7f-f18bc9c0bf6b: TaskFinished(72,9854,None,true,None)
Sending msg to client play-fork-run-6d1ce967-658f-4b25-8f7f-f18bc9c0bf6b: TaskStarted(72,9852,Some(AttributeKey[scala.collection.Seq[sbt.UpdateReport]]("transitiveUpdate") in Scope(Build: file:/C:/Users/Robin/Weather_appBackend/Weather_app/requestHandler/, , Project: ProjectReference(file:/C:/Users/Robin/Weather_appBackend/Weather_app/requestHandler/,root))))
Sending msg to client play-fork-run-6d1ce967-658f-4b25-8f7f-f18bc9c0bf6b: TaskFinished(72,9857,Some(AttributeKey[scala.Option[java.lang.String]]("mainClass") in Scope(Build: file:/C:/Users/Robin/Weather_appBackend/Weather_app/requestHandler/, , Project: ProjectReference(file:/C:/Users/Robin/Weather_appBackend/Weather_app/requestHandler/,root), Config: compile, Task: AttributeKey[void]("run"))),true,None)
Sending msg to client play-fork-run-6d1ce967-658f-4b25-8f7f-f18bc9c0bf6b: TaskFinished(72,9868,None,true,None)
Sending msg to client play-fork-run-6d1ce967-658f-4b25-8f7f-f18bc9c0bf6b: TaskFinished(72,9872,Some(AttributeKey[scala.Tuple2[java.lang.String,java.io.File]]("playPrefixAndAssets") in Scope(Build: file:/C:/Users/Robin/Weather_appBackend/Weather_app/requestHandler/, , Project: ProjectReference(file:/C:/Users/Robin/Weather_appBackend/Weather_app/requestHandler/,root))),true,None)
Sending msg to client play-fork-run-6d1ce967-658f-4b25-8f7f-f18bc9c0bf6b: TaskStarted(72,9871,Some(AttributeKey[scala.collection.Seq[scala.Tuple2[java.lang.String,java.io.File]]]("playAllAssets") in Scope(Build: file:/C:/Users/Robin/Weather_appBackend/Weather_app/requestHandler/, , Project: ProjectReference(file:/C:/Users/Robin/Weather_appBackend/Weather_app/requestHandler/,root))))
Sending msg to client play-fork-run-6d1ce967-658f-4b25-8f7f-f18bc9c0bf6b: TaskFinished(72,9873,Some(AttributeKey[scala.collection.Seq[java.lang.String]]("javaOptions") in Scope(Global)),true,None)
Sending msg to client play-fork-run-6d1ce967-658f-4b25-8f7f-f18bc9c0bf6b: TaskFinished(72,9875,None,true,None)
Sending msg to client play-fork-run-6d1ce967-658f-4b25-8f7f-f18bc9c0bf6b: TaskFinished(72,9828,Some(AttributeKey[sbt.BuildStructure]("buildStructure") in Scope(Global)),true,None)
Sending msg to client play-fork-run-6d1ce967-658f-4b25-8f7f-f18bc9c0bf6b: TaskStarted(72,9827,Some(AttributeKey[sbt.Settings[sbt.Scope]]("settingsData") in Scope(Global)))
Sending msg to client play-fork-run-6d1ce967-658f-4b25-8f7f-f18bc9c0bf6b: TaskFinished(72,9855,Some(AttributeKey[java.io.File]("dependencyCacheDirectory") in Scope(Build: file:/C:/Users/Robin/Weather_appBackend/Weather_app/requestHandler/, , Project: ProjectReference(file:/C:/Users/Robin/Weather_appBackend/Weather_app/requestHandler/,root))),true,None)
Sending msg to client play-fork-run-6d1ce967-658f-4b25-8f7f-f18bc9c0bf6b: TaskFinished(72,9836,None,true,None)
Sending msg to client play-fork-run-6d1ce967-658f-4b25-8f7f-f18bc9c0bf6b: TaskFinished(72,9843,None,true,None)
Sending msg to client play-fork-run-6d1ce967-658f-4b25-8f7f-f18bc9c0bf6b: TaskFinished(72,9830,None,true,None)
Sending msg to client play-fork-run-6d1ce967-658f-4b25-8f7f-f18bc9c0bf6b: TaskFinished(72,9850,None,true,None)
Sending msg to client play-fork-run-6d1ce967-658f-4b25-8f7f-f18bc9c0bf6b: TaskStarted(72,9849,Some(AttributeKey[scala.collection.immutable.Map[sbt.ModuleID,sbt.SourcePosition]]("dependencyPositions") in Scope(Build: file:/C:/Users/Robin/Weather_appBackend/Weather_app/requestHandler/, , Project: ProjectReference(file:/C:/Users/Robin/Weather_appBackend/Weather_app/requestHandler/,root))))
Sending msg to client play-fork-run-6d1ce967-658f-4b25-8f7f-f18bc9c0bf6b: TaskFinished(72,9856,None,true,None)
Sending msg to client play-fork-run-6d1ce967-658f-4b25-8f7f-f18bc9c0bf6b: TaskFinished(72,9846,None,true,None)
Sending msg to client play-fork-run-6d1ce967-658f-4b25-8f7f-f18bc9c0bf6b: TaskFinished(72,9862,None,true,None)
Sending msg to client play-fork-run-6d1ce967-658f-4b25-8f7f-f18bc9c0bf6b: TaskFinished(72,9869,None,true,None)
Sending msg to client play-fork-run-6d1ce967-658f-4b25-8f7f-f18bc9c0bf6b: TaskFinished(72,9870,None,true,None)
Sending msg to client play-fork-run-6d1ce967-658f-4b25-8f7f-f18bc9c0bf6b: TaskFinished(72,9852,Some(AttributeKey[scala.collection.Seq[sbt.UpdateReport]]("transitiveUpdate") in Scope(Build: file:/C:/Users/Robin/Weather_appBackend/Weather_app/requestHandler/, , Project: ProjectReference(file:/C:/Users/Robin/Weather_appBackend/Weather_app/requestHandler/,root))),true,None)
Sending msg to client play-fork-run-6d1ce967-658f-4b25-8f7f-f18bc9c0bf6b: TaskFinished(72,9871,Some(AttributeKey[scala.collection.Seq[scala.Tuple2[java.lang.String,java.io.File]]]("playAllAssets") in Scope(Build: file:/C:/Users/Robin/Weather_appBackend/Weather_app/requestHandler/, , Project: ProjectReference(file:/C:/Users/Robin/Weather_appBackend/Weather_app/requestHandler/,root))),true,None)
Sending msg to client play-fork-run-6d1ce967-658f-4b25-8f7f-f18bc9c0bf6b: TaskFinished(72,9827,Some(AttributeKey[sbt.Settings[sbt.Scope]]("settingsData") in Scope(Global)),true,None)
Sending msg to client play-fork-run-6d1ce967-658f-4b25-8f7f-f18bc9c0bf6b: TaskStarted(72,9826,None)
Sending msg to client play-fork-run-6d1ce967-658f-4b25-8f7f-f18bc9c0bf6b: TaskStarted(72,9834,Some(AttributeKey[scala.collection.Seq[sbt.ModuleID]]("projectDependencies") in Scope(Build: file:/C:/Users/Robin/Weather_appBackend/Weather_app/requestHandler/, , Project: ProjectReference(file:/C:/Users/Robin/Weather_appBackend/Weather_app/requestHandler/,root))))
Sending msg to client play-fork-run-6d1ce967-658f-4b25-8f7f-f18bc9c0bf6b: TaskStarted(72,9842,Some(AttributeKey[scala.collection.immutable.Map[org.apache.ivy.core.module.id.ModuleRevisionId,org.apache.ivy.core.module.descriptor.ModuleDescriptor]]("projectDescriptors") in Scope(Build: file:/C:/Users/Robin/Weather_appBackend/Weather_app/requestHandler/, , Project: ProjectReference(file:/C:/Users/Robin/Weather_appBackend/Weather_app/requestHandler/,root))))
Sending msg to client play-fork-run-6d1ce967-658f-4b25-8f7f-f18bc9c0bf6b: TaskStarted(72,9861,None)
Sending msg to client play-fork-run-6d1ce967-658f-4b25-8f7f-f18bc9c0bf6b: TaskStarted(72,9874,Some(AttributeKey[scala.collection.Seq[java.io.File]]("playMonitoredFiles") in Scope(Build: file:/C:/Users/Robin/Weather_appBackend/Weather_app/requestHandler/, , Project: ProjectReference(file:/C:/Users/Robin/Weather_appBackend/Weather_app/requestHandler/,root))))
Sending msg to client play-fork-run-6d1ce967-658f-4b25-8f7f-f18bc9c0bf6b: TaskFinished(72,9849,Some(AttributeKey[scala.collection.immutable.Map[sbt.ModuleID,sbt.SourcePosition]]("dependencyPositions") in Scope(Build: file:/C:/Users/Robin/Weather_appBackend/Weather_app/requestHandler/, , Project: ProjectReference(file:/C:/Users/Robin/Weather_appBackend/Weather_app/requestHandler/,root))),true,None)
Sending msg to client play-fork-run-6d1ce967-658f-4b25-8f7f-f18bc9c0bf6b: TaskStarted(72,9848,Some(AttributeKey[sbt.UnresolvedWarningConfiguration]("unresolvedWarningConfiguration") in Scope(Build: file:/C:/Users/Robin/Weather_appBackend/Weather_app/requestHandler/, , Project: ProjectReference(file:/C:/Users/Robin/Weather_appBackend/Weather_app/requestHandler/,root), Task: AttributeKey[sbt.UpdateReport]("update"))))
Sending msg to client play-fork-run-6d1ce967-658f-4b25-8f7f-f18bc9c0bf6b: TaskStarted(72,9876,None)
Sending msg to client play-fork-run-6d1ce967-658f-4b25-8f7f-f18bc9c0bf6b: TaskFinished(72,9834,Some(AttributeKey[scala.collection.Seq[sbt.ModuleID]]("projectDependencies") in Scope(Build: file:/C:/Users/Robin/Weather_appBackend/Weather_app/requestHandler/, , Project: ProjectReference(file:/C:/Users/Robin/Weather_appBackend/Weather_app/requestHandler/,root))),true,None)
Sending msg to client play-fork-run-6d1ce967-658f-4b25-8f7f-f18bc9c0bf6b: TaskStarted(72,9833,Some(AttributeKey[scala.collection.Seq[sbt.ModuleID]]("allDependencies") in Scope(Build: file:/C:/Users/Robin/Weather_appBackend/Weather_app/requestHandler/, , Project: ProjectReference(file:/C:/Users/Robin/Weather_appBackend/Weather_app/requestHandler/,root))))
Sending msg to client play-fork-run-6d1ce967-658f-4b25-8f7f-f18bc9c0bf6b: TaskStarted(72,9878,None)
Sending msg to client play-fork-run-6d1ce967-658f-4b25-8f7f-f18bc9c0bf6b: TaskStarted(72,9882,None)
Sending msg to client play-fork-run-6d1ce967-658f-4b25-8f7f-f18bc9c0bf6b: TaskStarted(72,9883,None)
Sending msg to client play-fork-run-6d1ce967-658f-4b25-8f7f-f18bc9c0bf6b: TaskStarted(72,9886,None)
Sending msg to client play-fork-run-6d1ce967-658f-4b25-8f7f-f18bc9c0bf6b: TaskStarted(72,9888,None)
Sending msg to client play-fork-run-6d1ce967-658f-4b25-8f7f-f18bc9c0bf6b: TaskStarted(72,9889,None)
Sending msg to client play-fork-run-6d1ce967-658f-4b25-8f7f-f18bc9c0bf6b: TaskStarted(72,9890,None)
Sending msg to client play-fork-run-6d1ce967-658f-4b25-8f7f-f18bc9c0bf6b: TaskFinished(72,9848,Some(AttributeKey[sbt.UnresolvedWarningConfiguration]("unresolvedWarningConfiguration") in Scope(Build: file:/C:/Users/Robin/Weather_appBackend/Weather_app/requestHandler/, , Project: ProjectReference(file:/C:/Users/Robin/Weather_appBackend/Weather_app/requestHandler/,root), Task: AttributeKey[sbt.UpdateReport]("update"))),true,None)
Sending msg to client play-fork-run-6d1ce967-658f-4b25-8f7f-f18bc9c0bf6b: TaskFinished(72,9876,None,true,None)
Sending msg to client play-fork-run-6d1ce967-658f-4b25-8f7f-f18bc9c0bf6b: TaskFinished(72,9826,None,true,None)
Sending msg to client play-fork-run-6d1ce967-658f-4b25-8f7f-f18bc9c0bf6b: TaskFinished(72,9833,Some(AttributeKey[scala.collection.Seq[sbt.ModuleID]]("allDependencies") in Scope(Build: file:/C:/Users/Robin/Weather_appBackend/Weather_app/requestHandler/, , Project: ProjectReference(file:/C:/Users/Robin/Weather_appBackend/Weather_app/requestHandler/,root))),true,None)
Sending msg to client play-fork-run-6d1ce967-658f-4b25-8f7f-f18bc9c0bf6b: TaskStarted(72,9832,Some(AttributeKey[sbt.ModuleSettings]("moduleSettings") in Scope(Build: file:/C:/Users/Robin/Weather_appBackend/Weather_app/requestHandler/, , Project: ProjectReference(file:/C:/Users/Robin/Weather_appBackend/Weather_app/requestHandler/,root))))
Sending msg to client play-fork-run-6d1ce967-658f-4b25-8f7f-f18bc9c0bf6b: TaskFinished(72,9878,None,true,None)
Sending msg to client play-fork-run-6d1ce967-658f-4b25-8f7f-f18bc9c0bf6b: TaskStarted(72,9877,None)
Sending msg to client play-fork-run-6d1ce967-658f-4b25-8f7f-f18bc9c0bf6b: TaskFinished(72,9882,None,true,None)
Sending msg to client play-fork-run-6d1ce967-658f-4b25-8f7f-f18bc9c0bf6b: TaskFinished(72,9883,None,true,None)
Sending msg to client play-fork-run-6d1ce967-658f-4b25-8f7f-f18bc9c0bf6b: TaskStarted(72,9881,Some(AttributeKey[scala.collection.Seq[sbt.Attributed[java.io.File]]]("unmanagedJars") in Scope(Build: file:/C:/Users/Robin/Weather_appBackend/Weather_app/requestHandler/, , Project: ProjectReference(file:/C:/Users/Robin/Weather_appBackend/Weather_app/requestHandler/,root), Config: runtime)))
Sending msg to client play-fork-run-6d1ce967-658f-4b25-8f7f-f18bc9c0bf6b: TaskFinished(72,9886,None,true,None)
Sending msg to client play-fork-run-6d1ce967-658f-4b25-8f7f-f18bc9c0bf6b: TaskStarted(72,9885,None)
Sending msg to client play-fork-run-6d1ce967-658f-4b25-8f7f-f18bc9c0bf6b: TaskFinished(72,9888,None,true,None)
Sending msg to client play-fork-run-6d1ce967-658f-4b25-8f7f-f18bc9c0bf6b: TaskFinished(72,9889,None,true,None)
Sending msg to client play-fork-run-6d1ce967-658f-4b25-8f7f-f18bc9c0bf6b: TaskStarted(72,9887,Some(AttributeKey[scala.collection.Seq[sbt.Attributed[java.io.File]]]("unmanagedJars") in Scope(Build: file:/C:/Users/Robin/Weather_appBackend/Weather_app/requestHandler/, , Project: ProjectReference(file:/C:/Users/Robin/Weather_appBackend/Weather_app/requestHandler/,root), Config: compile)))
Sending msg to client play-fork-run-6d1ce967-658f-4b25-8f7f-f18bc9c0bf6b: TaskFinished(72,9890,None,true,None)
Sending msg to client play-fork-run-6d1ce967-658f-4b25-8f7f-f18bc9c0bf6b: TaskFinished(72,9874,Some(AttributeKey[scala.collection.Seq[java.io.File]]("playMonitoredFiles") in Scope(Build: file:/C:/Users/Robin/Weather_appBackend/Weather_app/requestHandler/, , Project: ProjectReference(file:/C:/Users/Robin/Weather_appBackend/Weather_app/requestHandler/,root))),true,None)
Sending msg to client play-fork-run-6d1ce967-658f-4b25-8f7f-f18bc9c0bf6b: TaskFinished(72,9832,Some(AttributeKey[sbt.ModuleSettings]("moduleSettings") in Scope(Build: file:/C:/Users/Robin/Weather_appBackend/Weather_app/requestHandler/, , Project: ProjectReference(file:/C:/Users/Robin/Weather_appBackend/Weather_app/requestHandler/,root))),true,None)
Sending msg to client play-fork-run-6d1ce967-658f-4b25-8f7f-f18bc9c0bf6b: TaskFinished(72,9877,None,true,None)
Sending msg to client play-fork-run-6d1ce967-658f-4b25-8f7f-f18bc9c0bf6b: TaskFinished(72,9842,Some(AttributeKey[scala.collection.immutable.Map[org.apache.ivy.core.module.id.ModuleRevisionId,org.apache.ivy.core.module.descriptor.ModuleDescriptor]]("projectDescriptors") in Scope(Build: file:/C:/Users/Robin/Weather_appBackend/Weather_app/requestHandler/, , Project: ProjectReference(file:/C:/Users/Robin/Weather_appBackend/Weather_app/requestHandler/,root))),true,None)
Sending msg to client play-fork-run-6d1ce967-658f-4b25-8f7f-f18bc9c0bf6b: TaskStarted(72,9841,Some(AttributeKey[sbt.Resolver]("projectResolver") in Scope(Build: file:/C:/Users/Robin/Weather_appBackend/Weather_app/requestHandler/, , Project: ProjectReference(file:/C:/Users/Robin/Weather_appBackend/Weather_app/requestHandler/,root))))
Sending msg to client play-fork-run-6d1ce967-658f-4b25-8f7f-f18bc9c0bf6b: TaskFinished(72,9881,Some(AttributeKey[scala.collection.Seq[sbt.Attributed[java.io.File]]]("unmanagedJars") in Scope(Build: file:/C:/Users/Robin/Weather_appBackend/Weather_app/requestHandler/, , Project: ProjectReference(file:/C:/Users/Robin/Weather_appBackend/Weather_app/requestHandler/,root), Config: runtime)),true,None)
Sending msg to client play-fork-run-6d1ce967-658f-4b25-8f7f-f18bc9c0bf6b: TaskStarted(72,9891,None)
Sending msg to client play-fork-run-6d1ce967-658f-4b25-8f7f-f18bc9c0bf6b: TaskFinished(72,9887,Some(AttributeKey[scala.collection.Seq[sbt.Attributed[java.io.File]]]("unmanagedJars") in Scope(Build: file:/C:/Users/Robin/Weather_appBackend/Weather_app/requestHandler/, , Project: ProjectReference(file:/C:/Users/Robin/Weather_appBackend/Weather_app/requestHandler/,root), Config: compile)),true,None)
Sending msg to client play-fork-run-6d1ce967-658f-4b25-8f7f-f18bc9c0bf6b: TaskFinished(72,9841,Some(AttributeKey[sbt.Resolver]("projectResolver") in Scope(Build: file:/C:/Users/Robin/Weather_appBackend/Weather_app/requestHandler/, , Project: ProjectReference(file:/C:/Users/Robin/Weather_appBackend/Weather_app/requestHandler/,root))),true,None)
Sending msg to client play-fork-run-6d1ce967-658f-4b25-8f7f-f18bc9c0bf6b: TaskStarted(72,9840,Some(AttributeKey[scala.collection.Seq[sbt.Resolver]]("fullResolvers") in Scope(Build: file:/C:/Users/Robin/Weather_appBackend/Weather_app/requestHandler/, , Project: ProjectReference(file:/C:/Users/Robin/Weather_appBackend/Weather_app/requestHandler/,root))))
Sending msg to client play-fork-run-6d1ce967-658f-4b25-8f7f-f18bc9c0bf6b: TaskFinished(72,9891,None,true,None)
Sending msg to client play-fork-run-6d1ce967-658f-4b25-8f7f-f18bc9c0bf6b: TaskFinished(72,9885,None,true,None)
Sending msg to client play-fork-run-6d1ce967-658f-4b25-8f7f-f18bc9c0bf6b: TaskStarted(72,9884,Some(AttributeKey[scala.collection.Seq[sbt.Attributed[java.io.File]]]("unmanagedJars") in Scope(Build: file:/C:/Users/Robin/Weather_appBackend/Weather_app/requestHandler/, , Project: ProjectReference(file:/C:/Users/Robin/Weather_appBackend/Weather_app/requestHandler/,root), Config: compile)))
Sending msg to client play-fork-run-6d1ce967-658f-4b25-8f7f-f18bc9c0bf6b: TaskFinished(72,9840,Some(AttributeKey[scala.collection.Seq[sbt.Resolver]]("fullResolvers") in Scope(Build: file:/C:/Users/Robin/Weather_appBackend/Weather_app/requestHandler/, , Project: ProjectReference(file:/C:/Users/Robin/Weather_appBackend/Weather_app/requestHandler/,root))),true,None)
Sending msg to client play-fork-run-6d1ce967-658f-4b25-8f7f-f18bc9c0bf6b: TaskStarted(72,9839,Some(AttributeKey[sbt.IvyConfiguration]("ivyConfiguration") in Scope(Build: file:/C:/Users/Robin/Weather_appBackend/Weather_app/requestHandler/, , Project: ProjectReference(file:/C:/Users/Robin/Weather_appBackend/Weather_app/requestHandler/,root))))
Sending msg to client play-fork-run-6d1ce967-658f-4b25-8f7f-f18bc9c0bf6b: TaskFinished(72,9884,Some(AttributeKey[scala.collection.Seq[sbt.Attributed[java.io.File]]]("unmanagedJars") in Scope(Build: file:/C:/Users/Robin/Weather_appBackend/Weather_app/requestHandler/, , Project: ProjectReference(file:/C:/Users/Robin/Weather_appBackend/Weather_app/requestHandler/,root), Config: compile)),true,None)
Sending msg to client play-fork-run-6d1ce967-658f-4b25-8f7f-f18bc9c0bf6b: TaskStarted(72,9880,None)
Sending msg to client play-fork-run-6d1ce967-658f-4b25-8f7f-f18bc9c0bf6b: TaskFinished(72,9839,Some(AttributeKey[sbt.IvyConfiguration]("ivyConfiguration") in Scope(Build: file:/C:/Users/Robin/Weather_appBackend/Weather_app/requestHandler/, , Project: ProjectReference(file:/C:/Users/Robin/Weather_appBackend/Weather_app/requestHandler/,root))),true,None)
Sending msg to client play-fork-run-6d1ce967-658f-4b25-8f7f-f18bc9c0bf6b: TaskStarted(72,9835,Some(AttributeKey[sbt.IvySbt]("ivySbt") in Scope(Build: file:/C:/Users/Robin/Weather_appBackend/Weather_app/requestHandler/, , Project: ProjectReference(file:/C:/Users/Robin/Weather_appBackend/Weather_app/requestHandler/,root))))
Sending msg to client play-fork-run-6d1ce967-658f-4b25-8f7f-f18bc9c0bf6b: TaskFinished(72,9880,None,true,None)
Sending msg to client play-fork-run-6d1ce967-658f-4b25-8f7f-f18bc9c0bf6b: TaskStarted(72,9879,None)
Sending msg to client play-fork-run-6d1ce967-658f-4b25-8f7f-f18bc9c0bf6b: TaskFinished(72,9835,Some(AttributeKey[sbt.IvySbt]("ivySbt") in Scope(Build: file:/C:/Users/Robin/Weather_appBackend/Weather_app/requestHandler/, , Project: ProjectReference(file:/C:/Users/Robin/Weather_appBackend/Weather_app/requestHandler/,root))),true,None)
Sending msg to client play-fork-run-6d1ce967-658f-4b25-8f7f-f18bc9c0bf6b: TaskStarted(72,9831,Some(AttributeKey[sbt.IvySbt$Module]("ivyModule") in Scope(Build: file:/C:/Users/Robin/Weather_appBackend/Weather_app/requestHandler/, , Project: ProjectReference(file:/C:/Users/Robin/Weather_appBackend/Weather_app/requestHandler/,root))))
Sending msg to client play-fork-run-6d1ce967-658f-4b25-8f7f-f18bc9c0bf6b: TaskFinished(72,9879,None,true,None)
Sending msg to client play-fork-run-6d1ce967-658f-4b25-8f7f-f18bc9c0bf6b: TaskFinished(72,9861,None,true,None)
Sending msg to client play-fork-run-6d1ce967-658f-4b25-8f7f-f18bc9c0bf6b: TaskStarted(72,9860,Some(AttributeKey[scala.collection.Seq[sbt.Attributed[java.io.File]]]("unmanagedClasspath") in Scope(Build: file:/C:/Users/Robin/Weather_appBackend/Weather_app/requestHandler/, , Project: ProjectReference(file:/C:/Users/Robin/Weather_appBackend/Weather_app/requestHandler/,root), Config: runtime)))
Sending msg to client play-fork-run-6d1ce967-658f-4b25-8f7f-f18bc9c0bf6b: TaskFinished(72,9831,Some(AttributeKey[sbt.IvySbt$Module]("ivyModule") in Scope(Build: file:/C:/Users/Robin/Weather_appBackend/Weather_app/requestHandler/, , Project: ProjectReference(file:/C:/Users/Robin/Weather_appBackend/Weather_app/requestHandler/,root))),true,None)
Sending msg to client play-fork-run-6d1ce967-658f-4b25-8f7f-f18bc9c0bf6b: TaskStarted(72,9824,Some(AttributeKey[sbt.UpdateReport]("update") in Scope(Build: file:/C:/Users/Robin/Weather_appBackend/Weather_app/requestHandler/, , Project: ProjectReference(file:/C:/Users/Robin/Weather_appBackend/Weather_app/requestHandler/,root))))
Sending msg to client play-fork-run-6d1ce967-658f-4b25-8f7f-f18bc9c0bf6b: TaskFinished(72,9860,Some(AttributeKey[scala.collection.Seq[sbt.Attributed[java.io.File]]]("unmanagedClasspath") in Scope(Build: file:/C:/Users/Robin/Weather_appBackend/Weather_app/requestHandler/, , Project: ProjectReference(file:/C:/Users/Robin/Weather_appBackend/Weather_app/requestHandler/,root), Config: runtime)),true,None)
Sending msg to client play-fork-run-6d1ce967-658f-4b25-8f7f-f18bc9c0bf6b: TaskFinished(72,9824,Some(AttributeKey[sbt.UpdateReport]("update") in Scope(Build: file:/C:/Users/Robin/Weather_appBackend/Weather_app/requestHandler/, , Project: ProjectReference(file:/C:/Users/Robin/Weather_appBackend/Weather_app/requestHandler/,root))),true,None)
Sending msg to client play-fork-run-6d1ce967-658f-4b25-8f7f-f18bc9c0bf6b: TaskStarted(72,9823,Some(AttributeKey[sbt.UpdateReport]("update") in Scope(Build: file:/C:/Users/Robin/Weather_appBackend/Weather_app/requestHandler/, , Project: ProjectReference(file:/C:/Users/Robin/Weather_appBackend/Weather_app/requestHandler/,root))))
Sending msg to client play-fork-run-6d1ce967-658f-4b25-8f7f-f18bc9c0bf6b: TaskFinished(72,9823,Some(AttributeKey[sbt.UpdateReport]("update") in Scope(Build: file:/C:/Users/Robin/Weather_appBackend/Weather_app/requestHandler/, , Project: ProjectReference(file:/C:/Users/Robin/Weather_appBackend/Weather_app/requestHandler/,root))),true,None)
Sending msg to client play-fork-run-6d1ce967-658f-4b25-8f7f-f18bc9c0bf6b: TaskStarted(72,9822,Some(AttributeKey[scala.collection.Seq[sbt.Attributed[java.io.File]]]("managedClasspath") in Scope(Build: file:/C:/Users/Robin/Weather_appBackend/Weather_app/requestHandler/, , Project: ProjectReference(file:/C:/Users/Robin/Weather_appBackend/Weather_app/requestHandler/,root), Config: docs)))
Sending msg to client play-fork-run-6d1ce967-658f-4b25-8f7f-f18bc9c0bf6b: TaskStarted(72,9867,Some(AttributeKey[sbt.Configuration]("classpathConfiguration") in Scope(Build: file:/C:/Users/Robin/Weather_appBackend/Weather_app/requestHandler/, , Project: ProjectReference(file:/C:/Users/Robin/Weather_appBackend/Weather_app/requestHandler/,root), Config: compile)))
Sending msg to client play-fork-run-6d1ce967-658f-4b25-8f7f-f18bc9c0bf6b: TaskFinished(72,9822,Some(AttributeKey[scala.collection.Seq[sbt.Attributed[java.io.File]]]("managedClasspath") in Scope(Build: file:/C:/Users/Robin/Weather_appBackend/Weather_app/requestHandler/, , Project: ProjectReference(file:/C:/Users/Robin/Weather_appBackend/Weather_app/requestHandler/,root), Config: docs)),true,None)
Sending msg to client play-fork-run-6d1ce967-658f-4b25-8f7f-f18bc9c0bf6b: TaskStarted(72,9821,Some(AttributeKey[scala.Option[java.io.File]]("playDocsJar") in Scope(Build: file:/C:/Users/Robin/Weather_appBackend/Weather_app/requestHandler/, , Project: ProjectReference(file:/C:/Users/Robin/Weather_appBackend/Weather_app/requestHandler/,root))))
Sending msg to client play-fork-run-6d1ce967-658f-4b25-8f7f-f18bc9c0bf6b: TaskFinished(72,9867,Some(AttributeKey[sbt.Configuration]("classpathConfiguration") in Scope(Build: file:/C:/Users/Robin/Weather_appBackend/Weather_app/requestHandler/, , Project: ProjectReference(file:/C:/Users/Robin/Weather_appBackend/Weather_app/requestHandler/,root), Config: compile)),true,None)
Sending msg to client play-fork-run-6d1ce967-658f-4b25-8f7f-f18bc9c0bf6b: TaskStarted(72,9866,None)
Sending msg to client play-fork-run-6d1ce967-658f-4b25-8f7f-f18bc9c0bf6b: TaskFinished(72,9866,None,true,None)
Sending msg to client play-fork-run-6d1ce967-658f-4b25-8f7f-f18bc9c0bf6b: TaskStarted(72,9865,Some(AttributeKey[sbt.Configuration]("classpathConfiguration") in Scope(Build: file:/C:/Users/Robin/Weather_appBackend/Weather_app/requestHandler/, , Project: ProjectReference(file:/C:/Users/Robin/Weather_appBackend/Weather_app/requestHandler/,root), Config: runtime)))
Sending msg to client play-fork-run-6d1ce967-658f-4b25-8f7f-f18bc9c0bf6b: TaskFinished(72,9821,Some(AttributeKey[scala.Option[java.io.File]]("playDocsJar") in Scope(Build: file:/C:/Users/Robin/Weather_appBackend/Weather_app/requestHandler/, , Project: ProjectReference(file:/C:/Users/Robin/Weather_appBackend/Weather_app/requestHandler/,root))),true,None)
Sending msg to client play-fork-run-6d1ce967-658f-4b25-8f7f-f18bc9c0bf6b: TaskFinished(72,9865,Some(AttributeKey[sbt.Configuration]("classpathConfiguration") in Scope(Build: file:/C:/Users/Robin/Weather_appBackend/Weather_app/requestHandler/, , Project: ProjectReference(file:/C:/Users/Robin/Weather_appBackend/Weather_app/requestHandler/,root), Config: runtime)),true,None)
Sending msg to client play-fork-run-6d1ce967-658f-4b25-8f7f-f18bc9c0bf6b: TaskStarted(72,9864,None)
Sending msg to client play-fork-run-6d1ce967-658f-4b25-8f7f-f18bc9c0bf6b: TaskFinished(72,9864,None,true,None)
Sending msg to client play-fork-run-6d1ce967-658f-4b25-8f7f-f18bc9c0bf6b: TaskStarted(72,9863,Some(AttributeKey[scala.collection.Seq[sbt.Attributed[java.io.File]]]("managedClasspath") in Scope(Build: file:/C:/Users/Robin/Weather_appBackend/Weather_app/requestHandler/, , Project: ProjectReference(file:/C:/Users/Robin/Weather_appBackend/Weather_app/requestHandler/,root), Config: runtime)))
Sending msg to client play-fork-run-6d1ce967-658f-4b25-8f7f-f18bc9c0bf6b: TaskFinished(72,9863,Some(AttributeKey[scala.collection.Seq[sbt.Attributed[java.io.File]]]("managedClasspath") in Scope(Build: file:/C:/Users/Robin/Weather_appBackend/Weather_app/requestHandler/, , Project: ProjectReference(file:/C:/Users/Robin/Weather_appBackend/Weather_app/requestHandler/,root), Config: runtime)),true,None)
Sending msg to client play-fork-run-6d1ce967-658f-4b25-8f7f-f18bc9c0bf6b: TaskStarted(72,9859,None)
Sending msg to client play-fork-run-6d1ce967-658f-4b25-8f7f-f18bc9c0bf6b: TaskFinished(72,9859,None,true,None)
Sending msg to client play-fork-run-6d1ce967-658f-4b25-8f7f-f18bc9c0bf6b: TaskStarted(72,9858,Some(AttributeKey[scala.collection.Seq[sbt.Attributed[java.io.File]]]("playDependencyClasspath") in Scope(Build: file:/C:/Users/Robin/Weather_appBackend/Weather_app/requestHandler/, , Project: ProjectReference(file:/C:/Users/Robin/Weather_appBackend/Weather_app/requestHandler/,root))))
Sending msg to client play-fork-run-6d1ce967-658f-4b25-8f7f-f18bc9c0bf6b: TaskFinished(72,9858,Some(AttributeKey[scala.collection.Seq[sbt.Attributed[java.io.File]]]("playDependencyClasspath") in Scope(Build: file:/C:/Users/Robin/Weather_appBackend/Weather_app/requestHandler/, , Project: ProjectReference(file:/C:/Users/Robin/Weather_appBackend/Weather_app/requestHandler/,root))),true,None)
Sending msg to client play-fork-run-6d1ce967-658f-4b25-8f7f-f18bc9c0bf6b: TaskStarted(72,9820,Some(AttributeKey[play.forkrun.protocol.ForkConfig]("playForkConfig") in Scope(Build: file:/C:/Users/Robin/Weather_appBackend/Weather_app/requestHandler/, , Project: ProjectReference(file:/C:/Users/Robin/Weather_appBackend/Weather_app/requestHandler/,root))))
Sending msg to client play-fork-run-6d1ce967-658f-4b25-8f7f-f18bc9c0bf6b: TaskFinished(72,9820,Some(AttributeKey[play.forkrun.protocol.ForkConfig]("playForkConfig") in Scope(Build: file:/C:/Users/Robin/Weather_appBackend/Weather_app/requestHandler/, , Project: ProjectReference(file:/C:/Users/Robin/Weather_appBackend/Weather_app/requestHandler/,root))),true,None)
Sending msg to client play-fork-run-6d1ce967-658f-4b25-8f7f-f18bc9c0bf6b: DetachedLogEvent(LogStdErr(No dynamic serializer found (using manifest play.forkrun.protocol.ForkConfig) for ForkConfig(C:\Users\Robin\Weather_appBackend\Weather_app\requestHandler,List(),List(C:\Users\Robin\WaCC\activator-dist-1.3.6\repository\org.scala-lang\scala-library\2.11.6\jars\scala-library.jar, c:\Users\Robin\WaCC\activator-dist-1.3.6\repository\com.typesafe.play\twirl-api_2.11\1.1.1\jars\twirl-api_2.11.jar, c:\Users\Robin\WaCC\activator-dist-1.3.6\repository\org.apache.commons\commons-lang3\3.4\jars\commons-lang3.jar, C:\Users\Robin\.ivy2\cache\com.typesafe.play\play-server_2.11\jars\play-server_2.11-2.4.3.jar, C:\Users\Robin\.ivy2\cache\com.typesafe.play\play_2.11\jars\play_2.11-2.4.3.jar, C:\Users\Robin\.ivy2\cache\com.typesafe.play\build-link\jars\build-link-2.4.3.jar, C:\Users\Robin\.ivy2\cache\com.typesafe.play\play-exceptions\jars\play-exceptions-2.4.3.jar, c:\Users\Robin\WaCC\activator-dist-1.3.6\repository\org.javassist\javassist\3.19.0-GA\bundles\javassist.jar, C:\Users\Robin\.ivy2\cache\com.typesafe.play\play-iteratees_2.11\jars\play-iteratees_2.11-2.4.3.jar, C:\Users\Robin\.ivy2\cache\org.scala-stm\scala-stm_2.11\jars\scala-stm_2.11-0.7.jar, c:\Users\Robin\WaCC\activator-dist-1.3.6\repository\com.typesafe\config\1.3.0\bundles\config.jar, C:\Users\Robin\.ivy2\cache\com.typesafe.play\play-json_2.11\jars\play-json_2.11-2.4.3.jar, C:\Users\Robin\.ivy2\cache\com.typesafe.play\play-functional_2.11\jars\play-functional_2.11-2.4.3.jar, C:\Users\Robin\.ivy2\cache\com.typesafe.play\play-datacommons_2.11\jars\play-datacommons_2.11-2.4.3.jar, c:\Users\Robin\WaCC\activator-dist-1.3.6\repository\joda-time\joda-time\2.8.1\jars\joda-time.jar, c:\Users\Robin\WaCC\activator-dist-1.3.6\repository\org.joda\joda-convert\1.7\jars\joda-convert.jar, C:\Users\Robin\.ivy2\cache\org.scala-lang\scala-reflect\jars\scala-reflect-2.11.6.jar, c:\Users\Robin\WaCC\activator-dist-1.3.6\repository\com.fasterxml.jackson.core\jackson-core\2.5.4\bundles\jackson-core.jar, c:\Users\Robin\WaCC\activator-dist-1.3.6\repository\com.fasterxml.jackson.core\jackson-annotations\2.5.4\bundles\jackson-annotations.jar, c:\Users\Robin\WaCC\activator-dist-1.3.6\repository\com.fasterxml.jackson.core\jackson-databind\2.5.4\bundles\jackson-databind.jar, c:\Users\Robin\WaCC\activator-dist-1.3.6\repository\com.fasterxml.jackson.datatype\jackson-datatype-jdk8\2.5.4\bundles\jackson-datatype-jdk8.jar, c:\Users\Robin\WaCC\activator-dist-1.3.6\repository\com.fasterxml.jackson.datatype\jackson-datatype-jsr310\2.5.4\bundles\jackson-datatype-jsr310.jar, C:\Users\Robin\.ivy2\cache\com.typesafe.play\play-netty-utils\jars\play-netty-utils-2.4.3.jar, c:\Users\Robin\WaCC\activator-dist-1.3.6\repository\org.slf4j\slf4j-api\1.7.12\jars\slf4j-api.jar, c:\Users\Robin\WaCC\activator-dist-1.3.6\repository\org.slf4j\jul-to-slf4j\1.7.12\jars\jul-to-slf4j.jar, c:\Users\Robin\WaCC\activator-dist-1.3.6\repository\org.slf4j\jcl-over-slf4j\1.7.12\jars\jcl-over-slf4j.jar, c:\Users\Robin\WaCC\activator-dist-1.3.6\repository\ch.qos.logback\logback-core\1.1.3\jars\logback-core.jar, c:\Users\Robin\WaCC\activator-dist-1.3.6\repository\ch.qos.logback\logback-classic\1.1.3\jars\logback-classic.jar, C:\Users\Robin\.ivy2\cache\com.typesafe.akka\akka-actor_2.11\jars\akka-actor_2.11-2.3.13.jar, C:\Users\Robin\.ivy2\cache\com.typesafe.akka\akka-slf4j_2.11\jars\akka-slf4j_2.11-2.3.13.jar, c:\Users\Robin\WaCC\activator-dist-1.3.6\repository\commons-codec\commons-codec\1.10\jars\commons-codec.jar, C:\Users\Robin\.ivy2\cache\xerces\xercesImpl\jars\xercesImpl-2.11.0.jar, C:\Users\Robin\.ivy2\cache\xml-apis\xml-apis\jars\xml-apis-1.4.01.jar, C:\Users\Robin\.ivy2\cache\javax.transaction\jta\jars\jta-1.1.jar, C:\Users\Robin\WaCC\activator-dist-1.3.6\repository\com.google.inject\guice\4.0\jars\guice.jar, C:\Users\Robin\WaCC\activator-dist-1.3.6\repository\javax.inject\javax.inject\1\jars\javax.inject.jar, C:\Users\Robin\WaCC\activator-dist-1.3.6\repository\aopalliance\aopalliance\1.0\jars\aopalliance.jar, c:\Users\Robin\WaCC\activator-dist-1.3.6\repository\com.google.inject.extensions\guice-assistedinject\4.0\jars\guice-assistedinject.jar, C:\Users\Robin\.ivy2\cache\com.typesafe.play\play-netty-server_2.11\jars\play-netty-server_2.11-2.4.3.jar, C:\Users\Robin\.ivy2\cache\io.netty\netty\bundles\netty-3.10.4.Final.jar, c:\Users\Robin\WaCC\activator-dist-1.3.6\repository\com.typesafe.netty\netty-http-pipelining\1.1.4\jars\netty-http-pipelining.jar, C:\Users\Robin\.ivy2\cache\com.typesafe.play\play-jdbc_2.11\jars\play-jdbc_2.11-2.4.3.jar, C:\Users\Robin\.ivy2\cache\com.typesafe.play\play-jdbc-api_2.11\jars\play-jdbc-api_2.11-2.4.3.jar, c:\Users\Robin\WaCC\activator-dist-1.3.6\repository\com.jolbox\bonecp\0.8.0.RELEASE\bundles\bonecp.jar, c:\Users\Robin\WaCC\activator-dist-1.3.6\repository\com.zaxxer\HikariCP\2.3.7\bundles\HikariCP.jar, c:\Users\Robin\WaCC\activator-dist-1.3.6\repository\com.h2database\h2\1.4.187\jars\h2.jar, c:\Users\Robin\WaCC\activator-dist-1.3.6\repository\tyrex\tyrex\1.0.1\jars\tyrex.jar, C:\Users\Robin\.ivy2\cache\com.typesafe.play\play-cache_2.11\jars\play-cache_2.11-2.4.3.jar, c:\Users\Robin\WaCC\activator-dist-1.3.6\repository\net.sf.ehcache\ehcache-core\2.6.11\jars\ehcache-core.jar, C:\Users\Robin\.ivy2\cache\com.typesafe.play\play-ws_2.11\jars\play-ws_2.11-2.4.3.jar, c:\Users\Robin\WaCC\activator-dist-1.3.6\repository\com.google.guava\guava\18.0\bundles\guava.jar, c:\Users\Robin\WaCC\activator-dist-1.3.6\repository\com.ning\async-http-client\1.9.21\jars\async-http-client.jar, C:\Users\Robin\.ivy2\cache\oauth.signpost\signpost-core\jars\signpost-core-1.2.1.2.jar, C:\Users\Robin\.ivy2\cache\oauth.signpost\signpost-commonshttp4\jars\signpost-commonshttp4-1.2.1.2.jar, c:\Users\Robin\WaCC\activator-dist-1.3.6\repository\org.apache.httpcomponents\httpcore\4.0.1\jars\httpcore.jar, c:\Users\Robin\WaCC\activator-dist-1.3.6\repository\org.apache.httpcomponents\httpclient\4.0.1\jars\httpclient.jar, C:\Users\Robin\.ivy2\cache\commons-logging\commons-logging\jars\commons-logging-1.1.1.jar, C:\Users\Robin\.ivy2\cache\org.reactivemongo\play2-reactivemongo_2.11\jars\play2-reactivemongo_2.11-0.10.5.0.akka23.jar, C:\Users\Robin\.ivy2\cache\org.reactivemongo\reactivemongo_2.11\jars\reactivemongo_2.11-0.10.5.0.akka23.jar, C:\Users\Robin\.ivy2\cache\org.reactivemongo\reactivemongo-bson-macros_2.11\jars\reactivemongo-bson-macros_2.11-0.10.5.0.akka23.jar, C:\Users\Robin\WaCC\activator-dist-1.3.6\repository\org.scala-lang\scala-compiler\2.11.2\jars\scala-compiler.jar, C:\Users\Robin\WaCC\activator-dist-1.3.6\repository\org.scala-lang.modules\scala-xml_2.11\1.0.2\bundles\scala-xml_2.11.jar, C:\Users\Robin\.ivy2\cache\org.scala-lang.modules\scala-parser-combinators_2.11\bundles\scala-parser-combinators_2.11-1.0.2.jar, C:\Users\Robin\.ivy2\cache\org.reactivemongo\reactivemongo-bson_2.11\jars\reactivemongo-bson_2.11-0.10.5.0.akka23.jar, C:\Users\Robin\.ivy2\cache\org.apache.logging.log4j\log4j-api\jars\log4j-api-2.0.2.jar, C:\Users\Robin\.ivy2\cache\org.apache.logging.log4j\log4j-core\jars\log4j-core-2.0.2.jar, C:\Users\Robin\.ivy2\cache\org.apache.logging.log4j\log4j-to-slf4j\jars\log4j-to-slf4j-2.0.2.jar),List((public/,C:\Users\Robin\Weather_appBackend\Weather_app\requestHandler\target\web\public\main)),List(C:\Users\Robin\.ivy2\cache\com.typesafe.play\play-omnidoc_2.11\jars\play-omnidoc_2.11-2.4.3.jar, C:\Users\Robin\WaCC\activator-dist-1.3.6\repository\org.scala-lang\scala-library\2.11.6\jars\scala-library.jar, C:\Users\Robin\.ivy2\cache\com.typesafe.play\play-docs_2.11\jars\play-docs_2.11-2.4.3.jar, C:\Users\Robin\.ivy2\cache\com.typesafe.play\play-netty-server_2.11\jars\play-netty-server_2.11-2.4.3.jar, C:\Users\Robin\.ivy2\cache\com.typesafe.play\play-server_2.11\jars\play-server_2.11-2.4.3.jar, C:\Users\Robin\.ivy2\cache\com.typesafe.play\play_2.11\jars\play_2.11-2.4.3.jar, C:\Users\Robin\.ivy2\cache\com.typesafe.play\build-link\jars\build-link-2.4.3.jar, C:\Users\Robin\.ivy2\cache\com.typesafe.play\play-exceptions\jars\play-exceptions-2.4.3.jar, c:\Users\Robin\WaCC\activator-dist-1.3.6\repository\org.javassist\javassist\3.19.0-GA\bundles\javassist.jar, C:\Users\Robin\.ivy2\cache\com.typesafe.play\play-iteratees_2.11\jars\play-iteratees_2.11-2.4.3.jar, C:\Users\Robin\.ivy2\cache\org.scala-stm\scala-stm_2.11\jars\scala-stm_2.11-0.7.jar, c:\Users\Robin\WaCC\activator-dist-1.3.6\repository\com.typesafe\config\1.3.0\bundles\config.jar, C:\Users\Robin\.ivy2\cache\com.typesafe.play\play-json_2.11\jars\play-json_2.11-2.4.3.jar, C:\Users\Robin\.ivy2\cache\com.typesafe.play\play-functional_2.11\jars\play-functional_2.11-2.4.3.jar, C:\Users\Robin\.ivy2\cache\com.typesafe.play\play-datacommons_2.11\jars\play-datacommons_2.11-2.4.3.jar, c:\Users\Robin\WaCC\activator-dist-1.3.6\repository\joda-time\joda-time\2.8.1\jars\joda-time.jar, c:\Users\Robin\WaCC\activator-dist-1.3.6\repository\org.joda\joda-convert\1.7\jars\joda-convert.jar, C:\Users\Robin\.ivy2\cache\org.scala-lang\scala-reflect\jars\scala-reflect-2.11.6.jar, c:\Users\Robin\WaCC\activator-dist-1.3.6\repository\com.fasterxml.jackson.core\jackson-core\2.5.4\bundles\jackson-core.jar, c:\Users\Robin\WaCC\activator-dist-1.3.6\repository\com.fasterxml.jackson.core\jackson-annotations\2.5.4\bundles\jackson-annotations.jar, c:\Users\Robin\WaCC\activator-dist-1.3.6\repository\com.fasterxml.jackson.core\jackson-databind\2.5.4\bundles\jackson-databind.jar, c:\Users\Robin\WaCC\activator-dist-1.3.6\repository\com.fasterxml.jackson.datatype\jackson-datatype-jdk8\2.5.4\bundles\jackson-datatype-jdk8.jar, c:\Users\Robin\WaCC\activator-dist-1.3.6\repository\com.fasterxml.jackson.datatype\jackson-datatype-jsr310\2.5.4\bundles\jackson-datatype-jsr310.jar, C:\Users\Robin\.ivy2\cache\com.typesafe.play\play-netty-utils\jars\play-netty-utils-2.4.3.jar, c:\Users\Robin\WaCC\activator-dist-1.3.6\repository\org.slf4j\slf4j-api\1.7.12\jars\slf4j-api.jar, c:\Users\Robin\WaCC\activator-dist-1.3.6\repository\org.slf4j\jul-to-slf4j\1.7.12\jars\jul-to-slf4j.jar, c:\Users\Robin\WaCC\activator-dist-1.3.6\repository\org.slf4j\jcl-over-slf4j\1.7.12\jars\jcl-over-slf4j.jar, c:\Users\Robin\WaCC\activator-dist-1.3.6\repository\com.typesafe.play\twirl-api_2.11\1.1.1\jars\twirl-api_2.11.jar, c:\Users\Robin\WaCC\activator-dist-1.3.6\repository\org.apache.commons\commons-lang3\3.4\jars\commons-lang3.jar, C:\Users\Robin\.ivy2\cache\org.scala-lang.modules\scala-xml_2.11\bundles\scala-xml_2.11-1.0.1.jar, C:\Users\Robin\.ivy2\cache\org.scala-lang.modules\scala-parser-combinators_2.11\bundles\scala-parser-combinators_2.11-1.0.1.jar, c:\Users\Robin\WaCC\activator-dist-1.3.6\repository\ch.qos.logback\logback-core\1.1.3\jars\logback-core.jar, c:\Users\Robin\WaCC\activator-dist-1.3.6\repository\ch.qos.logback\logback-classic\1.1.3\jars\logback-classic.jar, C:\Users\Robin\.ivy2\cache\com.typesafe.akka\akka-actor_2.11\jars\akka-actor_2.11-2.3.13.jar, C:\Users\Robin\.ivy2\cache\com.typesafe.akka\akka-slf4j_2.11\jars\akka-slf4j_2.11-2.3.13.jar, c:\Users\Robin\WaCC\activator-dist-1.3.6\repository\commons-codec\commons-codec\1.10\jars\commons-codec.jar, C:\Users\Robin\.ivy2\cache\xerces\xercesImpl\jars\xercesImpl-2.11.0.jar, C:\Users\Robin\.ivy2\cache\xml-apis\xml-apis\jars\xml-apis-1.4.01.jar, C:\Users\Robin\.ivy2\cache\javax.transaction\jta\jars\jta-1.1.jar, C:\Users\Robin\WaCC\activator-dist-1.3.6\repository\com.google.inject\guice\4.0\jars\guice.jar, C:\Users\Robin\WaCC\activator-dist-1.3.6\repository\javax.inject\javax.inject\1\jars\javax.inject.jar, C:\Users\Robin\WaCC\activator-dist-1.3.6\repository\aopalliance\aopalliance\1.0\jars\aopalliance.jar, C:\Users\Robin\.ivy2\cache\com.google.guava\guava\bundles\guava-16.0.1.jar, c:\Users\Robin\WaCC\activator-dist-1.3.6\repository\com.google.inject.extensions\guice-assistedinject\4.0\jars\guice-assistedinject.jar, C:\Users\Robin\.ivy2\cache\io.netty\netty\bundles\netty-3.10.4.Final.jar, c:\Users\Robin\WaCC\activator-dist-1.3.6\repository\com.typesafe.netty\netty-http-pipelining\1.1.4\jars\netty-http-pipelining.jar, c:\Users\Robin\WaCC\activator-dist-1.3.6\repository\com.typesafe.play\play-doc_2.11\1.2.2\jars\play-doc_2.11.jar, C:\Users\Robin\WaCC\activator-dist-1.3.6\repository\org.pegdown\pegdown\1.4.0\jars\pegdown.jar, C:\Users\Robin\WaCC\activator-dist-1.3.6\repository\org.parboiled\parboiled-java\1.1.5\bundles\parboiled-java.jar, C:\Users\Robin\WaCC\activator-dist-1.3.6\repository\org.parboiled\parboiled-core\1.1.5\bundles\parboiled-core.jar, C:\Users\Robin\WaCC\activator-dist-1.3.6\repository\org.ow2.asm\asm\4.1\jars\asm.jar, C:\Users\Robin\WaCC\activator-dist-1.3.6\repository\org.ow2.asm\asm-tree\4.1\jars\asm-tree.jar, C:\Users\Robin\WaCC\activator-dist-1.3.6\repository\org.ow2.asm\asm-analysis\4.1\jars\asm-analysis.jar, C:\Users\Robin\WaCC\activator-dist-1.3.6\repository\org.ow2.asm\asm-util\4.1\jars\asm-util.jar, C:\Users\Robin\WaCC\activator-dist-1.3.6\repository\commons-io\commons-io\2.4\jars\commons-io.jar),Some(C:\Users\Robin\.ivy2\cache\com.typesafe.play\play-omnidoc_2.11\jars\play-omnidoc_2.11-2.4.3.jar),List(),9000,0.0.0.0,DefaultWatchService,List(C:\Users\Robin\Weather_appBackend\Weather_app\requestHandler\public, C:\Users\Robin\Weather_appBackend\Weather_app\requestHandler\conf, C:\Users\Robin\Weather_appBackend\Weather_app\requestHandler\app),C:\Users\Robin\Weather_appBackend\Weather_app\requestHandler\target,500,root/playForkNotifyStart,root/playForkReload,300000,play.core.server.DevServerStart)))
Sending msg to client play-fork-run-6d1ce967-658f-4b25-8f7f-f18bc9c0bf6b: ValueChanged(AttributeKey[play.forkrun.protocol.ForkConfig]("playForkConfig") in Scope(Build: file:/C:/Users/Robin/Weather_appBackend/Weather_app/requestHandler/, , Project: ProjectReference(file:/C:/Users/Robin/Weather_appBackend/Weather_app/requestHandler/,root)),TaskSuccess(BuildValue(LazyValue(TransientValue(),sbt.server.TransientValue$SbtServerTransientValuePickler1$2$@4d5c2a35),ForkConfig(C:\Users\Robin\Weather_appBackend\Weather_app\requestHandler,List(),List(C:\Users\Robin\WaCC\activator-dist-1.3.6\repository\org.scala-lang\scala-library\2.11.6\jars\scala-library.jar, c:\Users\Robin\WaCC\activator-dist-1.3.6\repository\com.typesafe.play\twirl-api_2.11\1.1.1\jars\twirl-api_2.11.jar, c:\Users\Robin\WaCC\activator-dist-1.3.6\repository\org.apache.commons\commons-lang3\3.4\jars\commons-lang3.jar, C:\Users\Robin\.ivy2\cache\com.typesafe.play\play-server_2.11\jars\play-server_2.11-2.4.3.jar, C:\Users\Robin\.ivy2\cache\com.typesafe.play\play_2.11\jars\play_2.11-2.4.3.jar, C:\Users\Robin\.ivy2\cache\com.typesafe.play\build-link\jars\build-link-2.4.3.jar, C:\Users\Robin\.ivy2\cache\com.typesafe.play\play-exceptions\jars\play-exceptions-2.4.3.jar, c:\Users\Robin\WaCC\activator-dist-1.3.6\repository\org.javassist\javassist\3.19.0-GA\bundles\javassist.jar, C:\Users\Robin\.ivy2\cache\com.typesafe.play\play-iteratees_2.11\jars\play-iteratees_2.11-2.4.3.jar, C:\Users\Robin\.ivy2\cache\org.scala-stm\scala-stm_2.11\jars\scala-stm_2.11-0.7.jar, c:\Users\Robin\WaCC\activator-dist-1.3.6\repository\com.typesafe\config\1.3.0\bundles\config.jar, C:\Users\Robin\.ivy2\cache\com.typesafe.play\play-json_2.11\jars\play-json_2.11-2.4.3.jar, C:\Users\Robin\.ivy2\cache\com.typesafe.play\play-functional_2.11\jars\play-functional_2.11-2.4.3.jar, C:\Users\Robin\.ivy2\cache\com.typesafe.play\play-datacommons_2.11\jars\play-datacommons_2.11-2.4.3.jar, c:\Users\Robin\WaCC\activator-dist-1.3.6\repository\joda-time\joda-time\2.8.1\jars\joda-time.jar, c:\Users\Robin\WaCC\activator-dist-1.3.6\repository\org.joda\joda-convert\1.7\jars\joda-convert.jar, C:\Users\Robin\.ivy2\cache\org.scala-lang\scala-reflect\jars\scala-reflect-2.11.6.jar, c:\Users\Robin\WaCC\activator-dist-1.3.6\repository\com.fasterxml.jackson.core\jackson-core\2.5.4\bundles\jackson-core.jar, c:\Users\Robin\WaCC\activator-dist-1.3.6\repository\com.fasterxml.jackson.core\jackson-annotations\2.5.4\bundles\jackson-annotations.jar, c:\Users\Robin\WaCC\activator-dist-1.3.6\repository\com.fasterxml.jackson.core\jackson-databind\2.5.4\bundles\jackson-databind.jar, c:\Users\Robin\WaCC\activator-dist-1.3.6\repository\com.fasterxml.jackson.datatype\jackson-datatype-jdk8\2.5.4\bundles\jackson-datatype-jdk8.jar, c:\Users\Robin\WaCC\activator-dist-1.3.6\repository\com.fasterxml.jackson.datatype\jackson-datatype-jsr310\2.5.4\bundles\jackson-datatype-jsr310.jar, C:\Users\Robin\.ivy2\cache\com.typesafe.play\play-netty-utils\jars\play-netty-utils-2.4.3.jar, c:\Users\Robin\WaCC\activator-dist-1.3.6\repository\org.slf4j\slf4j-api\1.7.12\jars\slf4j-api.jar, c:\Users\Robin\WaCC\activator-dist-1.3.6\repository\org.slf4j\jul-to-slf4j\1.7.12\jars\jul-to-slf4j.jar, c:\Users\Robin\WaCC\activator-dist-1.3.6\repository\org.slf4j\jcl-over-slf4j\1.7.12\jars\jcl-over-slf4j.jar, c:\Users\Robin\WaCC\activator-dist-1.3.6\repository\ch.qos.logback\logback-core\1.1.3\jars\logback-core.jar, c:\Users\Robin\WaCC\activator-dist-1.3.6\repository\ch.qos.logback\logback-classic\1.1.3\jars\logback-classic.jar, C:\Users\Robin\.ivy2\cache\com.typesafe.akka\akka-actor_2.11\jars\akka-actor_2.11-2.3.13.jar, C:\Users\Robin\.ivy2\cache\com.typesafe.akka\akka-slf4j_2.11\jars\akka-slf4j_2.11-2.3.13.jar, c:\Users\Robin\WaCC\activator-dist-1.3.6\repository\commons-codec\commons-codec\1.10\jars\commons-codec.jar, C:\Users\Robin\.ivy2\cache\xerces\xercesImpl\jars\xercesImpl-2.11.0.jar, C:\Users\Robin\.ivy2\cache\xml-apis\xml-apis\jars\xml-apis-1.4.01.jar, C:\Users\Robin\.ivy2\cache\javax.transaction\jta\jars\jta-1.1.jar, C:\Users\Robin\WaCC\activator-dist-1.3.6\repository\com.google.inject\guice\4.0\jars\guice.jar, C:\Users\Robin\WaCC\activator-dist-1.3.6\repository\javax.inject\javax.inject\1\jars\javax.inject.jar, C:\Users\Robin\WaCC\activator-dist-1.3.6\repository\aopalliance\aopalliance\1.0\jars\aopalliance.jar, c:\Users\Robin\WaCC\activator-dist-1.3.6\repository\com.google.inject.extensions\guice-assistedinject\4.0\jars\guice-assistedinject.jar, C:\Users\Robin\.ivy2\cache\com.typesafe.play\play-netty-server_2.11\jars\play-netty-server_2.11-2.4.3.jar, C:\Users\Robin\.ivy2\cache\io.netty\netty\bundles\netty-3.10.4.Final.jar, c:\Users\Robin\WaCC\activator-dist-1.3.6\repository\com.typesafe.netty\netty-http-pipelining\1.1.4\jars\netty-http-pipelining.jar, C:\Users\Robin\.ivy2\cache\com.typesafe.play\play-jdbc_2.11\jars\play-jdbc_2.11-2.4.3.jar, C:\Users\Robin\.ivy2\cache\com.typesafe.play\play-jdbc-api_2.11\jars\play-jdbc-api_2.11-2.4.3.jar, c:\Users\Robin\WaCC\activator-dist-1.3.6\repository\com.jolbox\bonecp\0.8.0.RELEASE\bundles\bonecp.jar, c:\Users\Robin\WaCC\activator-dist-1.3.6\repository\com.zaxxer\HikariCP\2.3.7\bundles\HikariCP.jar, c:\Users\Robin\WaCC\activator-dist-1.3.6\repository\com.h2database\h2\1.4.187\jars\h2.jar, c:\Users\Robin\WaCC\activator-dist-1.3.6\repository\tyrex\tyrex\1.0.1\jars\tyrex.jar, C:\Users\Robin\.ivy2\cache\com.typesafe.play\play-cache_2.11\jars\play-cache_2.11-2.4.3.jar, c:\Users\Robin\WaCC\activator-dist-1.3.6\repository\net.sf.ehcache\ehcache-core\2.6.11\jars\ehcache-core.jar, C:\Users\Robin\.ivy2\cache\com.typesafe.play\play-ws_2.11\jars\play-ws_2.11-2.4.3.jar, c:\Users\Robin\WaCC\activator-dist-1.3.6\repository\com.google.guava\guava\18.0\bundles\guava.jar, c:\Users\Robin\WaCC\activator-dist-1.3.6\repository\com.ning\async-http-client\1.9.21\jars\async-http-client.jar, C:\Users\Robin\.ivy2\cache\oauth.signpost\signpost-core\jars\signpost-core-1.2.1.2.jar, C:\Users\Robin\.ivy2\cache\oauth.signpost\signpost-commonshttp4\jars\signpost-commonshttp4-1.2.1.2.jar, c:\Users\Robin\WaCC\activator-dist-1.3.6\repository\org.apache.httpcomponents\httpcore\4.0.1\jars\httpcore.jar, c:\Users\Robin\WaCC\activator-dist-1.3.6\repository\org.apache.httpcomponents\httpclient\4.0.1\jars\httpclient.jar, C:\Users\Robin\.ivy2\cache\commons-logging\commons-logging\jars\commons-logging-1.1.1.jar, C:\Users\Robin\.ivy2\cache\org.reactivemongo\play2-reactivemongo_2.11\jars\play2-reactivemongo_2.11-0.10.5.0.akka23.jar, C:\Users\Robin\.ivy2\cache\org.reactivemongo\reactivemongo_2.11\jars\reactivemongo_2.11-0.10.5.0.akka23.jar, C:\Users\Robin\.ivy2\cache\org.reactivemongo\reactivemongo-bson-macros_2.11\jars\reactivemongo-bson-macros_2.11-0.10.5.0.akka23.jar, C:\Users\Robin\WaCC\activator-dist-1.3.6\repository\org.scala-lang\scala-compiler\2.11.2\jars\scala-compiler.jar, C:\Users\Robin\WaCC\activator-dist-1.3.6\repository\org.scala-lang.modules\scala-xml_2.11\1.0.2\bundles\scala-xml_2.11.jar, C:\Users\Robin\.ivy2\cache\org.scala-lang.modules\scala-parser-combinators_2.11\bundles\scala-parser-combinators_2.11-1.0.2.jar, C:\Users\Robin\.ivy2\cache\org.reactivemongo\reactivemongo-bson_2.11\jars\reactivemongo-bson_2.11-0.10.5.0.akka23.jar, C:\Users\Robin\.ivy2\cache\org.apache.logging.log4j\log4j-api\jars\log4j-api-2.0.2.jar, C:\Users\Robin\.ivy2\cache\org.apache.logging.log4j\log4j-core\jars\log4j-core-2.0.2.jar, C:\Users\Robin\.ivy2\cache\org.apache.logging.log4j\log4j-to-slf4j\jars\log4j-to-slf4j-2.0.2.jar),List((public/,C:\Users\Robin\Weather_appBackend\Weather_app\requestHandler\target\web\public\main)),List(C:\Users\Robin\.ivy2\cache\com.typesafe.play\play-omnidoc_2.11\jars\play-omnidoc_2.11-2.4.3.jar, C:\Users\Robin\WaCC\activator-dist-1.3.6\repository\org.scala-lang\scala-library\2.11.6\jars\scala-library.jar, C:\Users\Robin\.ivy2\cache\com.typesafe.play\play-docs_2.11\jars\play-docs_2.11-2.4.3.jar, C:\Users\Robin\.ivy2\cache\com.typesafe.play\play-netty-server_2.11\jars\play-netty-server_2.11-2.4.3.jar, C:\Users\Robin\.ivy2\cache\com.typesafe.play\play-server_2.11\jars\play-server_2.11-2.4.3.jar, C:\Users\Robin\.ivy2\cache\com.typesafe.play\play_2.11\jars\play_2.11-2.4.3.jar, C:\Users\Robin\.ivy2\cache\com.typesafe.play\build-link\jars\build-link-2.4.3.jar, C:\Users\Robin\.ivy2\cache\com.typesafe.play\play-exceptions\jars\play-exceptions-2.4.3.jar, c:\Users\Robin\WaCC\activator-dist-1.3.6\repository\org.javassist\javassist\3.19.0-GA\bundles\javassist.jar, C:\Users\Robin\.ivy2\cache\com.typesafe.play\play-iteratees_2.11\jars\play-iteratees_2.11-2.4.3.jar, C:\Users\Robin\.ivy2\cache\org.scala-stm\scala-stm_2.11\jars\scala-stm_2.11-0.7.jar, c:\Users\Robin\WaCC\activator-dist-1.3.6\repository\com.typesafe\config\1.3.0\bundles\config.jar, C:\Users\Robin\.ivy2\cache\com.typesafe.play\play-json_2.11\jars\play-json_2.11-2.4.3.jar, C:\Users\Robin\.ivy2\cache\com.typesafe.play\play-functional_2.11\jars\play-functional_2.11-2.4.3.jar, C:\Users\Robin\.ivy2\cache\com.typesafe.play\play-datacommons_2.11\jars\play-datacommons_2.11-2.4.3.jar, c:\Users\Robin\WaCC\activator-dist-1.3.6\repository\joda-time\joda-time\2.8.1\jars\joda-time.jar, c:\Users\Robin\WaCC\activator-dist-1.3.6\repository\org.joda\joda-convert\1.7\jars\joda-convert.jar, C:\Users\Robin\.ivy2\cache\org.scala-lang\scala-reflect\jars\scala-reflect-2.11.6.jar, c:\Users\Robin\WaCC\activator-dist-1.3.6\repository\com.fasterxml.jackson.core\jackson-core\2.5.4\bundles\jackson-core.jar, c:\Users\Robin\WaCC\activator-dist-1.3.6\repository\com.fasterxml.jackson.core\jackson-annotations\2.5.4\bundles\jackson-annotations.jar, c:\Users\Robin\WaCC\activator-dist-1.3.6\repository\com.fasterxml.jackson.core\jackson-databind\2.5.4\bundles\jackson-databind.jar, c:\Users\Robin\WaCC\activator-dist-1.3.6\repository\com.fasterxml.jackson.datatype\jackson-datatype-jdk8\2.5.4\bundles\jackson-datatype-jdk8.jar, c:\Users\Robin\WaCC\activator-dist-1.3.6\repository\com.fasterxml.jackson.datatype\jackson-datatype-jsr310\2.5.4\bundles\jackson-datatype-jsr310.jar, C:\Users\Robin\.ivy2\cache\com.typesafe.play\play-netty-utils\jars\play-netty-utils-2.4.3.jar, c:\Users\Robin\WaCC\activator-dist-1.3.6\repository\org.slf4j\slf4j-api\1.7.12\jars\slf4j-api.jar, c:\Users\Robin\WaCC\activator-dist-1.3.6\repository\org.slf4j\jul-to-slf4j\1.7.12\jars\jul-to-slf4j.jar, c:\Users\Robin\WaCC\activator-dist-1.3.6\repository\org.slf4j\jcl-over-slf4j\1.7.12\jars\jcl-over-slf4j.jar, c:\Users\Robin\WaCC\activator-dist-1.3.6\repository\com.typesafe.play\twirl-api_2.11\1.1.1\jars\twirl-api_2.11.jar, c:\Users\Robin\WaCC\activator-dist-1.3.6\repository\org.apache.commons\commons-lang3\3.4\jars\commons-lang3.jar, C:\Users\Robin\.ivy2\cache\org.scala-lang.modules\scala-xml_2.11\bundles\scala-xml_2.11-1.0.1.jar, C:\Users\Robin\.ivy2\cache\org.scala-lang.modules\scala-parser-combinators_2.11\bundles\scala-parser-combinators_2.11-1.0.1.jar, c:\Users\Robin\WaCC\activator-dist-1.3.6\repository\ch.qos.logback\logback-core\1.1.3\jars\logback-core.jar, c:\Users\Robin\WaCC\activator-dist-1.3.6\repository\ch.qos.logback\logback-classic\1.1.3\jars\logback-classic.jar, C:\Users\Robin\.ivy2\cache\com.typesafe.akka\akka-actor_2.11\jars\akka-actor_2.11-2.3.13.jar, C:\Users\Robin\.ivy2\cache\com.typesafe.akka\akka-slf4j_2.11\jars\akka-slf4j_2.11-2.3.13.jar, c:\Users\Robin\WaCC\activator-dist-1.3.6\repository\commons-codec\commons-codec\1.10\jars\commons-codec.jar, C:\Users\Robin\.ivy2\cache\xerces\xercesImpl\jars\xercesImpl-2.11.0.jar, C:\Users\Robin\.ivy2\cache\xml-apis\xml-apis\jars\xml-apis-1.4.01.jar, C:\Users\Robin\.ivy2\cache\javax.transaction\jta\jars\jta-1.1.jar, C:\Users\Robin\WaCC\activator-dist-1.3.6\repository\com.google.inject\guice\4.0\jars\guice.jar, C:\Users\Robin\WaCC\activator-dist-1.3.6\repository\javax.inject\javax.inject\1\jars\javax.inject.jar, C:\Users\Robin\WaCC\activator-dist-1.3.6\repository\aopalliance\aopalliance\1.0\jars\aopalliance.jar, C:\Users\Robin\.ivy2\cache\com.google.guava\guava\bundles\guava-16.0.1.jar, c:\Users\Robin\WaCC\activator-dist-1.3.6\repository\com.google.inject.extensions\guice-assistedinject\4.0\jars\guice-assistedinject.jar, C:\Users\Robin\.ivy2\cache\io.netty\netty\bundles\netty-3.10.4.Final.jar, c:\Users\Robin\WaCC\activator-dist-1.3.6\repository\com.typesafe.netty\netty-http-pipelining\1.1.4\jars\netty-http-pipelining.jar, c:\Users\Robin\WaCC\activator-dist-1.3.6\repository\com.typesafe.play\play-doc_2.11\1.2.2\jars\play-doc_2.11.jar, C:\Users\Robin\WaCC\activator-dist-1.3.6\repository\org.pegdown\pegdown\1.4.0\jars\pegdown.jar, C:\Users\Robin\WaCC\activator-dist-1.3.6\repository\org.parboiled\parboiled-java\1.1.5\bundles\parboiled-java.jar, C:\Users\Robin\WaCC\activator-dist-1.3.6\repository\org.parboiled\parboiled-core\1.1.5\bundles\parboiled-core.jar, C:\Users\Robin\WaCC\activator-dist-1.3.6\repository\org.ow2.asm\asm\4.1\jars\asm.jar, C:\Users\Robin\WaCC\activator-dist-1.3.6\repository\org.ow2.asm\asm-tree\4.1\jars\asm-tree.jar, C:\Users\Robin\WaCC\activator-dist-1.3.6\repository\org.ow2.asm\asm-analysis\4.1\jars\asm-analysis.jar, C:\Users\Robin\WaCC\activator-dist-1.3.6\repository\org.ow2.asm\asm-util\4.1\jars\asm-util.jar, C:\Users\Robin\WaCC\activator-dist-1.3.6\repository\commons-io\commons-io\2.4\jars\commons-io.jar),Some(C:\Users\Robin\.ivy2\cache\com.typesafe.play\play-omnidoc_2.11\jars\play-omnidoc_2.11-2.4.3.jar),List(),9000,0.0.0.0,DefaultWatchService,List(C:\Users\Robin\Weather_appBackend\Weather_app\requestHandler\public, C:\Users\Robin\Weather_appBackend\Weather_app\requestHandler\conf, C:\Users\Robin\Weather_appBackend\Weather_app\requestHandler\app),C:\Users\Robin\Weather_appBackend\Weather_app\requestHandler\target,500,root/playForkNotifyStart,root/playForkReload,300000,play.core.server.DevServerStart))))
Sending msg to client play-fork-run-6d1ce967-658f-4b25-8f7f-f18bc9c0bf6b: TaskStarted(72,9819,None)
Sending msg to client play-fork-run-6d1ce967-658f-4b25-8f7f-f18bc9c0bf6b: TaskFinished(72,9819,None,true,None)
Sending msg to client play-fork-run-6d1ce967-658f-4b25-8f7f-f18bc9c0bf6b: TaskStarted(72,9818,None)
Sending msg to client play-fork-run-6d1ce967-658f-4b25-8f7f-f18bc9c0bf6b: TaskFinished(72,9818,None,true,None)
Sending msg to client play-fork-run-6d1ce967-658f-4b25-8f7f-f18bc9c0bf6b: DetachedLogEvent(LogMessage(debug,cancel strategy finish enabled=false lastCommand=Some(LastCommand(CommandExecutionWork(ExecutionId(72),{file:/C:/Users/Robin/Weather_appBackend/Weather_app/requestHandler/}root/*:playForkConfig,Set(LiveClient(play-fork-run 6d1ce967-658f-4b25-8f7f-f18bc9c0bf6b)),sbt.server.WorkCancellationStatus$$anon$1@131d658e)))))
Sending msg to client play-fork-run-6d1ce967-658f-4b25-8f7f-f18bc9c0bf6b: DetachedLogEvent(LogSuccess(Total time: 1 s, completed 29-sep-2015 0:08:06))
Sending msg to client play-fork-run-6d1ce967-658f-4b25-8f7f-f18bc9c0bf6b: DetachedLogEvent(LogMessage(debug,> server-post-command-cleanup))
Sending msg to client play-fork-run-6d1ce967-658f-4b25-8f7f-f18bc9c0bf6b: ExecutionSuccess(72)
Sending msg to client play-fork-run-6d1ce967-658f-4b25-8f7f-f18bc9c0bf6b: DetachedLogEvent(LogMessage(debug,> server-handle-next-server-request))
Sending msg to client play-fork-run-6d1ce967-658f-4b25-8f7f-f18bc9c0bf6b: BackgroundJobLogEvent(1,LogMessage(error,scala.pickling.PicklingException: Not a primitive: scala.Nothing, found JNothing))
Sending msg to client play-fork-run-6d1ce967-658f-4b25-8f7f-f18bc9c0bf6b: BackgroundJobLogEvent(1,LogMessage(error,	at sbt.serialization.json.VerifyingJSONPickleReader.sbt$serialization$json$VerifyingJSONPickleReader$$unpickleHelper$1(JSONPickleFormat.scala:367)))
Sending msg to client play-fork-run-6d1ce967-658f-4b25-8f7f-f18bc9c0bf6b: BackgroundJobLogEvent(1,LogMessage(error,	at sbt.serialization.json.VerifyingJSONPickleReader.readPrimitive(JSONPickleFormat.scala:373)))
Sending msg to client play-fork-run-6d1ce967-658f-4b25-8f7f-f18bc9c0bf6b: BackgroundJobLogEvent(1,LogMessage(error,	at scala.pickling.pickler.PrimitivePickler.unpickle(Primitives.scala:28)))
Sending msg to client play-fork-run-6d1ce967-658f-4b25-8f7f-f18bc9c0bf6b: BackgroundJobLogEvent(1,LogMessage(error,	at play.forkrun.protocol.Serializers$PlayForkrunProtocolForkConfigUnpickler$macro$14$2$.unpickle(Serializers.scala:73)))
Sending msg to client play-fork-run-6d1ce967-658f-4b25-8f7f-f18bc9c0bf6b: BackgroundJobLogEvent(1,LogMessage(error,	at scala.pickling.Unpickler$class.unpickleEntry(Pickler.scala:79)))
Sending msg to client play-fork-run-6d1ce967-658f-4b25-8f7f-f18bc9c0bf6b: BackgroundJobLogEvent(1,LogMessage(error,	at play.forkrun.protocol.Serializers$PlayForkrunProtocolForkConfigUnpickler$macro$14$2$.unpickleEntry(Serializers.scala:73)))
Sending msg to client play-fork-run-6d1ce967-658f-4b25-8f7f-f18bc9c0bf6b: BackgroundJobLogEvent(1,LogMessage(error,	at scala.pickling.functions$.unpickle(functions.scala:11)))
Sending msg to client play-fork-run-6d1ce967-658f-4b25-8f7f-f18bc9c0bf6b: BackgroundJobLogEvent(1,LogMessage(error,	at sbt.serialization.JsonValue$$anonfun$parse$1.apply(SerializedValue.scala:104)))
Sending msg to client play-fork-run-6d1ce967-658f-4b25-8f7f-f18bc9c0bf6b: BackgroundJobLogEvent(1,LogMessage(error,	at scala.util.Try$.apply(Try.scala:191)))
Sending msg to client play-fork-run-6d1ce967-658f-4b25-8f7f-f18bc9c0bf6b: BackgroundJobLogEvent(1,LogMessage(error,	at sbt.serialization.JsonValue.parse(SerializedValue.scala:104)))
Sending msg to client play-fork-run-6d1ce967-658f-4b25-8f7f-f18bc9c0bf6b: BackgroundJobLogEvent(1,LogMessage(error,	at sbt.protocol.BuildValue.value(Values.scala:11)))
Sending msg to client play-fork-run-6d1ce967-658f-4b25-8f7f-f18bc9c0bf6b: BackgroundJobLogEvent(1,LogMessage(error,	at sbt.protocol.TaskSuccess.resultWithCustomThrowable(Values.scala:65)))
Sending msg to client play-fork-run-6d1ce967-658f-4b25-8f7f-f18bc9c0bf6b: BackgroundJobLogEvent(1,LogMessage(error,	at sbt.protocol.TaskResult$class.result(Values.scala:56)))
Sending msg to client play-fork-run-6d1ce967-658f-4b25-8f7f-f18bc9c0bf6b: BackgroundJobLogEvent(1,LogMessage(error,	at sbt.protocol.TaskSuccess.result(Values.scala:62)))
Sending msg to client play-fork-run-6d1ce967-658f-4b25-8f7f-f18bc9c0bf6b: BackgroundJobLogEvent(1,LogMessage(error,	at play.forkrun.ForkRun$$anonfun$settingUp$1.applyOrElse(ForkRun.scala:165)))
Sending msg to client play-fork-run-6d1ce967-658f-4b25-8f7f-f18bc9c0bf6b: BackgroundJobLogEvent(1,LogMessage(error,	at akka.actor.Actor$class.aroundReceive(Actor.scala:465)))
Sending msg to client play-fork-run-6d1ce967-658f-4b25-8f7f-f18bc9c0bf6b: BackgroundJobLogEvent(1,LogMessage(error,	at play.forkrun.ForkRun.aroundReceive(ForkRun.scala:152)))
Sending msg to client play-fork-run-6d1ce967-658f-4b25-8f7f-f18bc9c0bf6b: BackgroundJobLogEvent(1,LogMessage(error,	at akka.actor.ActorCell.receiveMessage(ActorCell.scala:516)))
Sending msg to client play-fork-run-6d1ce967-658f-4b25-8f7f-f18bc9c0bf6b: BackgroundJobLogEvent(1,LogMessage(error,	at akka.actor.ActorCell.invoke(ActorCell.scala:487)))
Sending msg to client play-fork-run-6d1ce967-658f-4b25-8f7f-f18bc9c0bf6b: BackgroundJobLogEvent(1,LogMessage(error,	at akka.dispatch.Mailbox.processMailbox(Mailbox.scala:254)))
Sending msg to client play-fork-run-6d1ce967-658f-4b25-8f7f-f18bc9c0bf6b: BackgroundJobLogEvent(1,LogMessage(error,	at akka.dispatch.Mailbox.run(Mailbox.scala:221)))
Sending msg to client play-fork-run-6d1ce967-658f-4b25-8f7f-f18bc9c0bf6b: BackgroundJobLogEvent(1,LogMessage(error,	at akka.dispatch.Mailbox.exec(Mailbox.scala:231)))
Sending msg to client play-fork-run-6d1ce967-658f-4b25-8f7f-f18bc9c0bf6b: BackgroundJobLogEvent(1,LogMessage(error,	at scala.concurrent.forkjoin.ForkJoinTask.doExec(ForkJoinTask.java:260)))
Sending msg to client play-fork-run-6d1ce967-658f-4b25-8f7f-f18bc9c0bf6b: BackgroundJobLogEvent(1,LogMessage(error,	at scala.concurrent.forkjoin.ForkJoinPool$WorkQueue.pollAndExecAll(ForkJoinPool.java:1253)))
Sending msg to client play-fork-run-6d1ce967-658f-4b25-8f7f-f18bc9c0bf6b: BackgroundJobLogEvent(1,LogMessage(error,	at scala.concurrent.forkjoin.ForkJoinPool$WorkQueue.runTask(ForkJoinPool.java:1346)))
Sending msg to client play-fork-run-6d1ce967-658f-4b25-8f7f-f18bc9c0bf6b: BackgroundJobLogEvent(1,LogMessage(error,	at scala.concurrent.forkjoin.ForkJoinPool.runWorker(ForkJoinPool.java:1979)))
Sending msg to client play-fork-run-6d1ce967-658f-4b25-8f7f-f18bc9c0bf6b: BackgroundJobLogEvent(1,LogMessage(error,	at scala.concurrent.forkjoin.ForkJoinWorkerThread.run(ForkJoinWorkerThread.java:107)))
Sending msg to client play-fork-run-6d1ce967-658f-4b25-8f7f-f18bc9c0bf6b: BackgroundJobLogEvent(1,LogMessage(error,Play fork run has failed due to:))
Sending msg to client play-fork-run-6d1ce967-658f-4b25-8f7f-f18bc9c0bf6b: BackgroundJobLogEvent(1,LogMessage(error,scala.pickling.PicklingException: error in unpickle of primitive unpickler 'java.lang.Integer':))
Sending msg to client play-fork-run-6d1ce967-658f-4b25-8f7f-f18bc9c0bf6b: BackgroundJobLogEvent(1,LogMessage(info,tag in unpickle: 'scala.Nothing'))
Sending msg to client play-fork-run-6d1ce967-658f-4b25-8f7f-f18bc9c0bf6b: BackgroundJobLogEvent(1,LogMessage(info,message:))
Sending msg to client play-fork-run-6d1ce967-658f-4b25-8f7f-f18bc9c0bf6b: BackgroundJobLogEvent(1,LogMessage(info,Not a primitive: scala.Nothing, found JNothing))
Sending msg to client play-fork-run-6d1ce967-658f-4b25-8f7f-f18bc9c0bf6b: BackgroundJobLogEvent(1,LogMessage(error,	at scala.pickling.pickler.PrimitivePickler.unpickle(Primitives.scala:31)))
Sending msg to client play-fork-run-6d1ce967-658f-4b25-8f7f-f18bc9c0bf6b: BackgroundJobLogEvent(1,LogMessage(error,	at play.forkrun.protocol.Serializers$PlayForkrunProtocolForkConfigUnpickler$macro$14$2$.unpickle(Serializers.scala:73)))
Sending msg to client play-fork-run-6d1ce967-658f-4b25-8f7f-f18bc9c0bf6b: BackgroundJobLogEvent(1,LogMessage(error,	at scala.pickling.Unpickler$class.unpickleEntry(Pickler.scala:79)))
Sending msg to client play-fork-run-6d1ce967-658f-4b25-8f7f-f18bc9c0bf6b: BackgroundJobLogEvent(1,LogMessage(error,	at play.forkrun.protocol.Serializers$PlayForkrunProtocolForkConfigUnpickler$macro$14$2$.unpickleEntry(Serializers.scala:73)))
Sending msg to client play-fork-run-6d1ce967-658f-4b25-8f7f-f18bc9c0bf6b: BackgroundJobLogEvent(1,LogMessage(error,	at scala.pickling.functions$.unpickle(functions.scala:11)))
Sending msg to client play-fork-run-6d1ce967-658f-4b25-8f7f-f18bc9c0bf6b: BackgroundJobLogEvent(1,LogMessage(error,	at sbt.serialization.JsonValue$$anonfun$parse$1.apply(SerializedValue.scala:104)))
Sending msg to client play-fork-run-6d1ce967-658f-4b25-8f7f-f18bc9c0bf6b: BackgroundJobLogEvent(1,LogMessage(error,	at scala.util.Try$.apply(Try.scala:191)))
Sending msg to client play-fork-run-6d1ce967-658f-4b25-8f7f-f18bc9c0bf6b: BackgroundJobLogEvent(1,LogMessage(error,	at sbt.serialization.JsonValue.parse(SerializedValue.scala:104)))
Sending msg to client play-fork-run-6d1ce967-658f-4b25-8f7f-f18bc9c0bf6b: BackgroundJobLogEvent(1,LogMessage(error,	at sbt.protocol.BuildValue.value(Values.scala:11)))
Sending msg to client play-fork-run-6d1ce967-658f-4b25-8f7f-f18bc9c0bf6b: BackgroundJobLogEvent(1,LogMessage(error,	at sbt.protocol.TaskSuccess.resultWithCustomThrowable(Values.scala:65)))
Sending msg to client play-fork-run-6d1ce967-658f-4b25-8f7f-f18bc9c0bf6b: BackgroundJobLogEvent(1,LogMessage(error,	at sbt.protocol.TaskResult$class.result(Values.scala:56)))
Sending msg to client play-fork-run-6d1ce967-658f-4b25-8f7f-f18bc9c0bf6b: BackgroundJobLogEvent(1,LogMessage(error,	at sbt.protocol.TaskSuccess.result(Values.scala:62)))
Sending msg to client play-fork-run-6d1ce967-658f-4b25-8f7f-f18bc9c0bf6b: BackgroundJobLogEvent(1,LogMessage(error,	at play.forkrun.ForkRun$$anonfun$settingUp$1.applyOrElse(ForkRun.scala:165)))
Sending msg to client play-fork-run-6d1ce967-658f-4b25-8f7f-f18bc9c0bf6b: BackgroundJobLogEvent(1,LogMessage(error,	at akka.actor.Actor$class.aroundReceive(Actor.scala:465)))
Sending msg to client play-fork-run-6d1ce967-658f-4b25-8f7f-f18bc9c0bf6b: BackgroundJobLogEvent(1,LogMessage(error,	at play.forkrun.ForkRun.aroundReceive(ForkRun.scala:152)))
Sending msg to client play-fork-run-6d1ce967-658f-4b25-8f7f-f18bc9c0bf6b: BackgroundJobLogEvent(1,LogMessage(error,	at akka.actor.ActorCell.receiveMessage(ActorCell.scala:516)))
Sending msg to client play-fork-run-6d1ce967-658f-4b25-8f7f-f18bc9c0bf6b: BackgroundJobLogEvent(1,LogMessage(error,	at akka.actor.ActorCell.invoke(ActorCell.scala:487)))
Sending msg to client play-fork-run-6d1ce967-658f-4b25-8f7f-f18bc9c0bf6b: BackgroundJobLogEvent(1,LogMessage(error,	at akka.dispatch.Mailbox.processMailbox(Mailbox.scala:254)))
Sending msg to client play-fork-run-6d1ce967-658f-4b25-8f7f-f18bc9c0bf6b: BackgroundJobLogEvent(1,LogMessage(error,	at akka.dispatch.Mailbox.run(Mailbox.scala:221)))
Sending msg to client play-fork-run-6d1ce967-658f-4b25-8f7f-f18bc9c0bf6b: BackgroundJobLogEvent(1,LogMessage(error,	at akka.dispatch.Mailbox.exec(Mailbox.scala:231)))
Sending msg to client play-fork-run-6d1ce967-658f-4b25-8f7f-f18bc9c0bf6b: BackgroundJobLogEvent(1,LogMessage(error,	at scala.concurrent.forkjoin.ForkJoinTask.doExec(ForkJoinTask.java:260)))
Sending msg to client play-fork-run-6d1ce967-658f-4b25-8f7f-f18bc9c0bf6b: BackgroundJobLogEvent(1,LogMessage(error,	at scala.concurrent.forkjoin.ForkJoinPool$WorkQueue.pollAndExecAll(ForkJoinPool.java:1253)))
Sending msg to client play-fork-run-6d1ce967-658f-4b25-8f7f-f18bc9c0bf6b: BackgroundJobLogEvent(1,LogMessage(error,	at scala.concurrent.forkjoin.ForkJoinPool$WorkQueue.runTask(ForkJoinPool.java:1346)))
Sending msg to client play-fork-run-6d1ce967-658f-4b25-8f7f-f18bc9c0bf6b: BackgroundJobLogEvent(1,LogMessage(error,	at scala.concurrent.forkjoin.ForkJoinPool.runWorker(ForkJoinPool.java:1979)))
Sending msg to client play-fork-run-6d1ce967-658f-4b25-8f7f-f18bc9c0bf6b: BackgroundJobLogEvent(1,LogMessage(error,	at scala.concurrent.forkjoin.ForkJoinWorkerThread.run(ForkJoinWorkerThread.java:107)))
Got request: UnlistenToEvents()
Reading next message from client.
Got request: UnlistenToValue(AttributeKey[play.forkrun.protocol.ForkConfig]("playForkConfig") in Scope(Build: file:/C:/Users/Robin/Weather_appBackend/Weather_app/requestHandler/, , Project: ProjectReference(file:/C:/Users/Robin/Weather_appBackend/Weather_app/requestHandler/,root)))
Reading next message from client.
Client play-fork-run-6d1ce967-658f-4b25-8f7f-f18bc9c0bf6b EOF, shutting down.
Stopping client.
Client play-fork-run-6d1ce967-658f-4b25-8f7f-f18bc9c0bf6b thread exiting.
Dropping message (8,ReceivedResponse()) to dead client play-fork-run-6d1ce967-658f-4b25-8f7f-f18bc9c0bf6b
Dropping message (9,ReceivedResponse()) to dead client play-fork-run-6d1ce967-658f-4b25-8f7f-f18bc9c0bf6b
Dropping message (0,ReceivedResponse()) to dead client play-fork-run-6d1ce967-658f-4b25-8f7f-f18bc9c0bf6b
