New log file opened at Fri Oct 30 15:54:23 CET 2015 by 6680@Toshiba-Robin
Sending msg to client activator-76c5b827-6e63-459e-98ae-24bd02b4fef5: DetachedLogEvent(LogMessage(debug,sbt server socket logs are in: C:\Users\Robin\Weather_appBackend\Weather_app\webCrawler\.sbtserver\connections\master.log))
Sending msg to client activator-76c5b827-6e63-459e-98ae-24bd02b4fef5: DetachedLogEvent(LogMessage(debug,sbt general server logs are in: C:\Users\Robin\Weather_appBackend\Weather_app\webCrawler\.sbtserver\master.log))
Sending msg to client activator-76c5b827-6e63-459e-98ae-24bd02b4fef5: DetachedLogEvent(LogMessage(debug,sbt client logs are in: C:\Users\Robin\Weather_appBackend\Weather_app\webCrawler\.sbtserver\connections\activator-76c5b827-6e63-459e-98ae-24bd02b4fef5.log))
Dropping message DetachedLogEvent(LogMessage(debug,sbt client logs are in: C:\Users\Robin\Weather_appBackend\Weather_app\webCrawler\.sbtserver\connections\activator-76c5b827-6e63-459e-98ae-24bd02b4fef5.log)) because client activator-76c5b827-6e63-459e-98ae-24bd02b4fef5 of an exception serializing and sending: java.net.SocketException: Software caused connection abort: socket write error
stack trace sending message was 
java.net.SocketException: Software caused connection abort: socket write error
	at java.net.SocketOutputStream.socketWrite0(Native Method)
	at java.net.SocketOutputStream.socketWrite(Unknown Source)
	at java.net.SocketOutputStream.write(Unknown Source)
	at java.io.BufferedOutputStream.flushBuffer(Unknown Source)
	at java.io.BufferedOutputStream.flush(Unknown Source)
	at java.io.DataOutputStream.flush(Unknown Source)
	at sbt.impl.ipc.Peer.send(IPC.scala:79)
	at sbt.impl.ipc.Peer.send(IPC.scala:83)
	at sbt.impl.ipc.Peer.sendString(IPC.scala:106)
	at sbt.impl.ipc.Peer.sendJson(IPC.scala:119)
	at sbt.server.SbtClientHandler$$anonfun$send$1.apply$mcV$sp(SbtClientHandler.scala:128)
	at sbt.server.SbtClientHandler.wrappedSend(SbtClientHandler.scala:113)
	at sbt.server.SbtClientHandler.send(SbtClientHandler.scala:128)
	at sbt.server.SbtClientHandler$clientThread$.run(SbtClientHandler.scala:42)
Reading next message from client.
Client activator-76c5b827-6e63-459e-98ae-24bd02b4fef5 closed, java.net.SocketException: socket is closed, shutting down
Dropping message (0,ReceivedResponse()) to dead client activator-76c5b827-6e63-459e-98ae-24bd02b4fef5
Client activator-76c5b827-6e63-459e-98ae-24bd02b4fef5 thread exiting.
